01:16:19 Ame [INFO] Generating report for 2026-02-23
01:16:19 Ame [INFO] Log file: logs\2026-02-23.log
01:16:19 Ame [INFO] [1/16] Processing Alexandre Ghiti for 2026-02-23...
01:16:19 Ame [DEBUG] Fetching messages for alexghiti@rivosinc.com on 20260223: https://lore.kernel.org/all/?q=f:alexghiti@rivosinc.com+d:20260223..20260223&x=A
01:16:19 Ame [DEBUG] Starting new HTTPS connection (1): lore.kernel.org:443
01:16:20 Ame [DEBUG] https://lore.kernel.org:443 "GET /all/?q=f:alexghiti@rivosinc.com+d:20260223..20260223&x=A HTTP/1.1" 404 577
01:16:20 Ame [DEBUG] No messages found for alexghiti@rivosinc.com on 20260223 (404)
01:16:20 Ame [INFO]   Alexandre Ghiti (alexghiti@rivosinc.com): 0 messages
01:16:20 Ame [DEBUG] Fetching messages for alex@ghiti.fr on 20260223: https://lore.kernel.org/all/?q=f:alex@ghiti.fr+d:20260223..20260223&x=A
01:16:21 Ame [DEBUG] https://lore.kernel.org:443 "GET /all/?q=f:alex@ghiti.fr+d:20260223..20260223&x=A HTTP/1.1" 404 569
01:16:21 Ame [DEBUG] No messages found for alex@ghiti.fr on 20260223 (404)
01:16:21 Ame [INFO]   Alexandre Ghiti (alex@ghiti.fr): 0 messages
01:16:21 Ame [INFO]   Alexandre Ghiti: 0 patches, 0 reviews, 0 acks (20260223)
01:16:21 Ame [DEBUG] Fetching messages for alexghiti@rivosinc.com from 20260209 to 20260222: https://lore.kernel.org/all/?q=f:alexghiti@rivosinc.com+d:20260209..20260222&x=A
01:16:22 Ame [DEBUG] https://lore.kernel.org:443 "GET /all/?q=f:alexghiti@rivosinc.com+d:20260209..20260222&x=A HTTP/1.1" 404 578
01:16:22 Ame [DEBUG] No messages found for alexghiti@rivosinc.com in range 20260209..20260222 (404)
01:16:22 Ame [DEBUG]   Alexandre Ghiti (alexghiti@rivosinc.com): 0 patch submissions in last 14 days
01:16:22 Ame [DEBUG] Fetching messages for alex@ghiti.fr from 20260209 to 20260222: https://lore.kernel.org/all/?q=f:alex@ghiti.fr+d:20260209..20260222&x=A
01:16:23 Ame [DEBUG] https://lore.kernel.org:443 "GET /all/?q=f:alex@ghiti.fr+d:20260209..20260222&x=A HTTP/1.1" 404 570
01:16:23 Ame [DEBUG] No messages found for alex@ghiti.fr in range 20260209..20260222 (404)
01:16:23 Ame [DEBUG]   Alexandre Ghiti (alex@ghiti.fr): 0 patch submissions in last 14 days
01:16:23 Ame [INFO] [2/16] Processing Boris Burkov for 2026-02-23...
01:16:23 Ame [DEBUG] Fetching messages for boris@bur.io on 20260223: https://lore.kernel.org/all/?q=f:boris@bur.io+d:20260223..20260223&x=A
01:16:24 Ame [DEBUG] https://lore.kernel.org:443 "GET /all/?q=f:boris@bur.io+d:20260223..20260223&x=A HTTP/1.1" 404 569
01:16:24 Ame [DEBUG] No messages found for boris@bur.io on 20260223 (404)
01:16:24 Ame [INFO]   Boris Burkov (boris@bur.io): 0 messages
01:16:24 Ame [INFO]   Boris Burkov: 0 patches, 0 reviews, 0 acks (20260223)
01:16:24 Ame [DEBUG] Fetching messages for boris@bur.io from 20260209 to 20260222: https://lore.kernel.org/all/?q=f:boris@bur.io+d:20260209..20260222&x=A
01:16:25 Ame [DEBUG] https://lore.kernel.org:443 "GET /all/?q=f:boris@bur.io+d:20260209..20260222&x=A HTTP/1.1" 200 None
01:16:25 Ame [DEBUG]   Boris Burkov (boris@bur.io): 2 patch submissions in last 14 days
01:16:25 Ame [INFO]   Boris Burkov: 2 recent patch series to check for activity on 2026-02-23
01:16:25 Ame [DEBUG] Fetching thread: https://lore.kernel.org/r/718a3b0c2275324b9e287af7e4434f55a4a45901.1771529877.git.boris@bur.io/t.mbox.gz
01:16:25 Ame [DEBUG] https://lore.kernel.org:443 "GET /r/718a3b0c2275324b9e287af7e4434f55a4a45901.1771529877.git.boris@bur.io/t.mbox.gz HTTP/1.1" 302 138
01:16:25 Ame [DEBUG] https://lore.kernel.org:443 "GET /all/718a3b0c2275324b9e287af7e4434f55a4a45901.1771529877.git.boris@bur.io/t.mbox.gz HTTP/1.1" 200 None
01:16:25 Ame [DEBUG] Fetching thread: https://lore.kernel.org/r/b47c68886c6e5174a2281e45c93f486a2aa73752.1770845275.git.boris@bur.io/t.mbox.gz
01:16:26 Ame [DEBUG] https://lore.kernel.org:443 "GET /r/b47c68886c6e5174a2281e45c93f486a2aa73752.1770845275.git.boris@bur.io/t.mbox.gz HTTP/1.1" 302 138
01:16:26 Ame [DEBUG] https://lore.kernel.org:443 "GET /all/b47c68886c6e5174a2281e45c93f486a2aa73752.1770845275.git.boris@bur.io/t.mbox.gz HTTP/1.1" 200 None
01:16:26 Ame [INFO] [3/16] Processing Dmitry Ilvokhin for 2026-02-23...
01:16:26 Ame [DEBUG] Fetching messages for d@ilvokhin.com on 20260223: https://lore.kernel.org/all/?q=f:d@ilvokhin.com+d:20260223..20260223&x=A
01:16:28 Ame [DEBUG] https://lore.kernel.org:443 "GET /all/?q=f:d@ilvokhin.com+d:20260223..20260223&x=A HTTP/1.1" 200 None
01:16:28 Ame [INFO]   Dmitry Ilvokhin (d@ilvokhin.com): 1 messages
01:16:28 Ame [DEBUG] Fetching raw message: https://lore.kernel.org/r/aZyEctoThn0anlz8@shell.ilvokhin.com/raw
01:16:28 Ame [DEBUG] https://lore.kernel.org:443 "GET /r/aZyEctoThn0anlz8@shell.ilvokhin.com/raw HTTP/1.1" 302 138
01:16:28 Ame [DEBUG] https://lore.kernel.org:443 "GET /all/aZyEctoThn0anlz8@shell.ilvokhin.com/raw HTTP/1.1" 200 None
01:16:28 Ame [DEBUG] REVIEW: Re: [PATCH 0/4] mm: zone lock tracepoint instrumentation
01:16:28 Ame [INFO]   Dmitry Ilvokhin: 0 patches, 1 reviews, 0 acks (20260223)
01:16:28 Ame [DEBUG] Fetching messages for d@ilvokhin.com from 20260209 to 20260222: https://lore.kernel.org/all/?q=f:d@ilvokhin.com+d:20260209..20260222&x=A
01:16:29 Ame [DEBUG] https://lore.kernel.org:443 "GET /all/?q=f:d@ilvokhin.com+d:20260209..20260222&x=A HTTP/1.1" 200 None
01:16:29 Ame [DEBUG]   Dmitry Ilvokhin (d@ilvokhin.com): 5 patch submissions in last 14 days
01:16:29 Ame [INFO]   Dmitry Ilvokhin: 5 recent patch series to check for activity on 2026-02-23
01:16:29 Ame [DEBUG] Fetching thread: https://lore.kernel.org/r/1d2a7778aeee03abf8a11528ce8d4926ca78e9b4.1770821420.git.d@ilvokhin.com/t.mbox.gz
01:16:30 Ame [DEBUG] https://lore.kernel.org:443 "GET /r/1d2a7778aeee03abf8a11528ce8d4926ca78e9b4.1770821420.git.d@ilvokhin.com/t.mbox.gz HTTP/1.1" 302 138
01:16:30 Ame [DEBUG] https://lore.kernel.org:443 "GET /all/1d2a7778aeee03abf8a11528ce8d4926ca78e9b4.1770821420.git.d@ilvokhin.com/t.mbox.gz HTTP/1.1" 200 None
01:16:30 Ame [DEBUG]   ONGOING: [PATCH 4/4] mm: add tracepoints for zone lock
01:16:30 Ame [DEBUG] Fetching thread: https://lore.kernel.org/r/3462b7fd26123c69ccdd121a894da14bbfafdd9d.1770821420.git.d@ilvokhin.com/t.mbox.gz
01:16:31 Ame [DEBUG] https://lore.kernel.org:443 "GET /r/3462b7fd26123c69ccdd121a894da14bbfafdd9d.1770821420.git.d@ilvokhin.com/t.mbox.gz HTTP/1.1" 302 138
01:16:31 Ame [DEBUG] https://lore.kernel.org:443 "GET /all/3462b7fd26123c69ccdd121a894da14bbfafdd9d.1770821420.git.d@ilvokhin.com/t.mbox.gz HTTP/1.1" 200 None
01:16:31 Ame [DEBUG]   ONGOING: [PATCH 3/4] mm: convert compaction to zone lock wrappers
01:16:31 Ame [DEBUG] Fetching thread: https://lore.kernel.org/r/cover.1770821420.git.d@ilvokhin.com/t.mbox.gz
01:16:32 Ame [DEBUG] https://lore.kernel.org:443 "GET /r/cover.1770821420.git.d@ilvokhin.com/t.mbox.gz HTTP/1.1" 302 138
01:16:32 Ame [DEBUG] https://lore.kernel.org:443 "GET /all/cover.1770821420.git.d@ilvokhin.com/t.mbox.gz HTTP/1.1" 200 None
01:16:32 Ame [DEBUG]   ONGOING: [PATCH 0/4] mm: zone lock tracepoint instrumentation
01:16:32 Ame [DEBUG] Fetching thread: https://lore.kernel.org/r/7d1ee95201a8870445556e61e47161f46ade8b3b.1770821420.git.d@ilvokhin.com/t.mbox.gz
01:16:33 Ame [DEBUG] https://lore.kernel.org:443 "GET /r/7d1ee95201a8870445556e61e47161f46ade8b3b.1770821420.git.d@ilvokhin.com/t.mbox.gz HTTP/1.1" 302 138
01:16:33 Ame [DEBUG] https://lore.kernel.org:443 "GET /all/7d1ee95201a8870445556e61e47161f46ade8b3b.1770821420.git.d@ilvokhin.com/t.mbox.gz HTTP/1.1" 200 None
01:16:33 Ame [DEBUG]   ONGOING: [PATCH 2/4] mm: convert zone lock users to wrappers
01:16:33 Ame [DEBUG] Fetching thread: https://lore.kernel.org/r/3826dd6dc55a9c5721ec3de85f019764a6cf3222.1770821420.git.d@ilvokhin.com/t.mbox.gz
01:16:34 Ame [DEBUG] https://lore.kernel.org:443 "GET /r/3826dd6dc55a9c5721ec3de85f019764a6cf3222.1770821420.git.d@ilvokhin.com/t.mbox.gz HTTP/1.1" 302 138
01:16:34 Ame [DEBUG] https://lore.kernel.org:443 "GET /all/3826dd6dc55a9c5721ec3de85f019764a6cf3222.1770821420.git.d@ilvokhin.com/t.mbox.gz HTTP/1.1" 200 None
01:16:34 Ame [DEBUG]   ONGOING: [PATCH 1/4] mm: introduce zone lock wrappers
01:16:34 Ame [INFO]   Dmitry Ilvokhin: 5 ongoing patches with activity on 2026-02-23
01:16:34 Ame [INFO]   [1/6] [PATCH 4/4] mm: add tracepoints for zone lock
01:16:34 Ame [INFO]   [2/6] [PATCH 3/4] mm: convert compaction to zone lock wrappers
01:16:34 Ame [INFO]   [3/6] [PATCH 0/4] mm: zone lock tracepoint instrumentation
01:16:34 Ame [INFO]   [4/6] [PATCH 2/4] mm: convert zone lock users to wrappers
01:16:34 Ame [INFO]   [5/6] [PATCH 1/4] mm: introduce zone lock wrappers
01:16:34 Ame [INFO]   [6/6] Re: [PATCH 0/4] mm: zone lock tracepoint instrumentation
01:16:34 Ame [DEBUG] Fetching thread: https://lore.kernel.org/r/aZyEctoThn0anlz8@shell.ilvokhin.com/t.mbox.gz
01:16:35 Ame [DEBUG] https://lore.kernel.org:443 "GET /r/aZyEctoThn0anlz8@shell.ilvokhin.com/t.mbox.gz HTTP/1.1" 302 138
01:16:35 Ame [DEBUG] https://lore.kernel.org:443 "GET /all/aZyEctoThn0anlz8@shell.ilvokhin.com/t.mbox.gz HTTP/1.1" 200 None
01:16:35 Ame [INFO] [4/16] Processing Gregory Price for 2026-02-23...
01:16:35 Ame [DEBUG] Fetching messages for gourry@gourry.net on 20260223: https://lore.kernel.org/all/?q=f:gourry@gourry.net+d:20260223..20260223&x=A
01:16:37 Ame [DEBUG] https://lore.kernel.org:443 "GET /all/?q=f:gourry@gourry.net+d:20260223..20260223&x=A HTTP/1.1" 200 None
01:16:37 Ame [INFO]   Gregory Price (gourry@gourry.net): 9 messages
01:16:37 Ame [DEBUG] Fetching messages for gregory.price@memverge.com on 20260223: https://lore.kernel.org/all/?q=f:gregory.price@memverge.com+d:20260223..20260223&x=A
01:16:38 Ame [DEBUG] https://lore.kernel.org:443 "GET /all/?q=f:gregory.price@memverge.com+d:20260223..20260223&x=A HTTP/1.1" 404 580
01:16:38 Ame [DEBUG] No messages found for gregory.price@memverge.com on 20260223 (404)
01:16:38 Ame [INFO]   Gregory Price (gregory.price@memverge.com): 0 messages
01:16:38 Ame [DEBUG] Fetching raw message: https://lore.kernel.org/r/aZzSMwc2evqS8uBc@gourry-fedora-PF4VCD3F/raw
01:16:38 Ame [DEBUG] https://lore.kernel.org:443 "GET /r/aZzSMwc2evqS8uBc@gourry-fedora-PF4VCD3F/raw HTTP/1.1" 302 138
01:16:38 Ame [DEBUG] https://lore.kernel.org:443 "GET /all/aZzSMwc2evqS8uBc@gourry-fedora-PF4VCD3F/raw HTTP/1.1" 200 None
01:16:38 Ame [DEBUG] REVIEW: Re: [PATCH v3 2/2] cxl: Fix race of nvdimm_bus object when creating nvdimm objects
01:16:38 Ame [DEBUG] Fetching raw message: https://lore.kernel.org/r/aZzGURaa8aHKqreA@gourry-fedora-PF4VCD3F/raw
01:16:39 Ame [DEBUG] https://lore.kernel.org:443 "GET /r/aZzGURaa8aHKqreA@gourry-fedora-PF4VCD3F/raw HTTP/1.1" 302 138
01:16:39 Ame [DEBUG] https://lore.kernel.org:443 "GET /all/aZzGURaa8aHKqreA@gourry-fedora-PF4VCD3F/raw HTTP/1.1" 200 None
01:16:39 Ame [DEBUG] ACK (Reviewed-by): Re: [PATCH v2 2/2] cxl/region: Test CXL_DECODER_F_NORMALIZED_ADDRESSING as a bitmask
01:16:39 Ame [DEBUG] Fetching raw message: https://lore.kernel.org/r/aZzGNiMPuU-Jphou@gourry-fedora-PF4VCD3F/raw
01:16:40 Ame [DEBUG] https://lore.kernel.org:443 "GET /r/aZzGNiMPuU-Jphou@gourry-fedora-PF4VCD3F/raw HTTP/1.1" 302 138
01:16:40 Ame [DEBUG] https://lore.kernel.org:443 "GET /all/aZzGNiMPuU-Jphou@gourry-fedora-PF4VCD3F/raw HTTP/1.1" 200 None
01:16:40 Ame [DEBUG] ACK (Reviewed-by): Re: [PATCH v2 1/2] cxl: Test CXL_DECODER_F_LOCK as a bitmask
01:16:40 Ame [DEBUG] Fetching raw message: https://lore.kernel.org/r/aZy1VGindEm-NbFn@gourry-fedora-PF4VCD3F/raw
01:16:41 Ame [DEBUG] https://lore.kernel.org:443 "GET /r/aZy1VGindEm-NbFn@gourry-fedora-PF4VCD3F/raw HTTP/1.1" 302 138
01:16:41 Ame [DEBUG] https://lore.kernel.org:443 "GET /all/aZy1VGindEm-NbFn@gourry-fedora-PF4VCD3F/raw HTTP/1.1" 200 None
01:16:41 Ame [DEBUG] REVIEW: Re: [PATCH 1/2] cxl/region: fix region leak when attach_target fails in cxl_add_to_region
01:16:41 Ame [DEBUG] Fetching raw message: https://lore.kernel.org/r/aZy0EtERdCpGn4gF@gourry-fedora-PF4VCD3F/raw
01:16:42 Ame [DEBUG] https://lore.kernel.org:443 "GET /r/aZy0EtERdCpGn4gF@gourry-fedora-PF4VCD3F/raw HTTP/1.1" 302 138
01:16:42 Ame [DEBUG] https://lore.kernel.org:443 "GET /all/aZy0EtERdCpGn4gF@gourry-fedora-PF4VCD3F/raw HTTP/1.1" 200 None
01:16:42 Ame [DEBUG] ACK (Reviewed-by): Re: [PATCH] cxl: Test decoder flags as bitmasks
01:16:42 Ame [DEBUG] Fetching raw message: https://lore.kernel.org/r/aZySU-tcjVvYcb23@gourry-fedora-PF4VCD3F/raw
01:16:43 Ame [DEBUG] https://lore.kernel.org:443 "GET /r/aZySU-tcjVvYcb23@gourry-fedora-PF4VCD3F/raw HTTP/1.1" 302 138
01:16:43 Ame [DEBUG] https://lore.kernel.org:443 "GET /all/aZySU-tcjVvYcb23@gourry-fedora-PF4VCD3F/raw HTTP/1.1" 200 None
01:16:43 Ame [DEBUG] REVIEW: Re: [PATCH] cxl/core: fix test_bit misuse with CXL_DECODER_F_ bitmask flags
01:16:43 Ame [DEBUG] Fetching raw message: https://lore.kernel.org/r/aZx7hsVNU0XOCCiG@gourry-fedora-PF4VCD3F/raw
01:16:44 Ame [DEBUG] https://lore.kernel.org:443 "GET /r/aZx7hsVNU0XOCCiG@gourry-fedora-PF4VCD3F/raw HTTP/1.1" 302 138
01:16:44 Ame [DEBUG] https://lore.kernel.org:443 "GET /all/aZx7hsVNU0XOCCiG@gourry-fedora-PF4VCD3F/raw HTTP/1.1" 200 None
01:16:44 Ame [DEBUG] REVIEW: Re: [LSF/MM/BPF TOPIC][RFC PATCH v4 00/27] Private Memory Nodes (w/ Compressed RAM)
01:16:44 Ame [DEBUG] Fetching raw message: https://lore.kernel.org/r/aZxsBifRchLn2m42@gourry-fedora-PF4VCD3F/raw
01:16:45 Ame [DEBUG] https://lore.kernel.org:443 "GET /r/aZxsBifRchLn2m42@gourry-fedora-PF4VCD3F/raw HTTP/1.1" 302 138
01:16:45 Ame [DEBUG] https://lore.kernel.org:443 "GET /all/aZxsBifRchLn2m42@gourry-fedora-PF4VCD3F/raw HTTP/1.1" 200 None
01:16:45 Ame [DEBUG] REVIEW: Re: [RFC PATCH v5 00/10] mm: Hot page tracking and promotion infrastructure
01:16:45 Ame [DEBUG] Fetching raw message: https://lore.kernel.org/r/aZxqP7J1kOClQUPQ@gourry-fedora-PF4VCD3F/raw
01:16:46 Ame [DEBUG] https://lore.kernel.org:443 "GET /r/aZxqP7J1kOClQUPQ@gourry-fedora-PF4VCD3F/raw HTTP/1.1" 302 138
01:16:46 Ame [DEBUG] https://lore.kernel.org:443 "GET /all/aZxqP7J1kOClQUPQ@gourry-fedora-PF4VCD3F/raw HTTP/1.1" 200 None
01:16:46 Ame [DEBUG] REVIEW: Re: [LSF/MM/BPF TOPIC][RFC PATCH v4 00/27] Private Memory Nodes (w/ Compressed RAM)
01:16:46 Ame [INFO]   Gregory Price: 0 patches, 6 reviews, 3 acks (20260223)
01:16:46 Ame [DEBUG] Fetching messages for gourry@gourry.net from 20260209 to 20260222: https://lore.kernel.org/all/?q=f:gourry@gourry.net+d:20260209..20260222&x=A
01:16:48 Ame [DEBUG] https://lore.kernel.org:443 "GET /all/?q=f:gourry@gourry.net+d:20260209..20260222&x=A HTTP/1.1" 200 None
01:16:48 Ame [DEBUG]   Gregory Price (gourry@gourry.net): 39 patch submissions in last 14 days
01:16:48 Ame [DEBUG] Fetching messages for gregory.price@memverge.com from 20260209 to 20260222: https://lore.kernel.org/all/?q=f:gregory.price@memverge.com+d:20260209..20260222&x=A
01:16:49 Ame [DEBUG] https://lore.kernel.org:443 "GET /all/?q=f:gregory.price@memverge.com+d:20260209..20260222&x=A HTTP/1.1" 404 581
01:16:49 Ame [DEBUG] No messages found for gregory.price@memverge.com in range 20260209..20260222 (404)
01:16:49 Ame [DEBUG]   Gregory Price (gregory.price@memverge.com): 0 patch submissions in last 14 days
01:16:49 Ame [INFO]   Gregory Price: 6 recent patch series to check for activity on 2026-02-23
01:16:49 Ame [DEBUG] Fetching thread: https://lore.kernel.org/r/20260222084842.1824063-28-gourry@gourry.net/t.mbox.gz
01:16:49 Ame [DEBUG] https://lore.kernel.org:443 "GET /r/20260222084842.1824063-28-gourry@gourry.net/t.mbox.gz HTTP/1.1" 302 138
01:16:49 Ame [DEBUG] https://lore.kernel.org:443 "GET /all/20260222084842.1824063-28-gourry@gourry.net/t.mbox.gz HTTP/1.1" 200 None
01:16:49 Ame [DEBUG]   ONGOING: [RFC PATCH v4 27/27] cxl: add cxl_compression PCI driver
01:16:49 Ame [DEBUG] Fetching thread: https://lore.kernel.org/r/20260221043013.1420169-1-gourry@gourry.net/t.mbox.gz
01:16:50 Ame [DEBUG] https://lore.kernel.org:443 "GET /r/20260221043013.1420169-1-gourry@gourry.net/t.mbox.gz HTTP/1.1" 302 138
01:16:50 Ame [DEBUG] https://lore.kernel.org:443 "GET /all/20260221043013.1420169-1-gourry@gourry.net/t.mbox.gz HTTP/1.1" 200 None
01:16:50 Ame [DEBUG]   ONGOING: [PATCH 1/2] cxl/region: fix region leak when attach_target fails in cxl_add_to_region
01:16:50 Ame [DEBUG] Fetching thread: https://lore.kernel.org/r/20260221021810.1390342-1-gourry@gourry.net/t.mbox.gz
01:16:51 Ame [DEBUG] https://lore.kernel.org:443 "GET /r/20260221021810.1390342-1-gourry@gourry.net/t.mbox.gz HTTP/1.1" 302 138
01:16:51 Ame [DEBUG] https://lore.kernel.org:443 "GET /all/20260221021810.1390342-1-gourry@gourry.net/t.mbox.gz HTTP/1.1" 200 None
01:16:51 Ame [DEBUG]   ONGOING: [PATCH] cxl/core: fix test_bit misuse with CXL_DECODER_F_ bitmask flags
01:16:51 Ame [DEBUG] Fetching thread: https://lore.kernel.org/r/20260211215447.2194189-1-gourry@gourry.net/t.mbox.gz
01:16:52 Ame [DEBUG] https://lore.kernel.org:443 "GET /r/20260211215447.2194189-1-gourry@gourry.net/t.mbox.gz HTTP/1.1" 302 138
01:16:52 Ame [DEBUG] https://lore.kernel.org:443 "GET /all/20260211215447.2194189-1-gourry@gourry.net/t.mbox.gz HTTP/1.1" 200 None
01:16:52 Ame [DEBUG] Fetching thread: https://lore.kernel.org/r/20260211204206.2171525-1-gourry@gourry.net/t.mbox.gz
01:16:53 Ame [DEBUG] https://lore.kernel.org:443 "GET /r/20260211204206.2171525-1-gourry@gourry.net/t.mbox.gz HTTP/1.1" 302 138
01:16:53 Ame [DEBUG] https://lore.kernel.org:443 "GET /all/20260211204206.2171525-1-gourry@gourry.net/t.mbox.gz HTTP/1.1" 200 None
01:16:53 Ame [DEBUG] Fetching thread: https://lore.kernel.org/r/20260211192228.2148713-1-gourry@gourry.net/t.mbox.gz
01:16:54 Ame [DEBUG] https://lore.kernel.org:443 "GET /r/20260211192228.2148713-1-gourry@gourry.net/t.mbox.gz HTTP/1.1" 302 138
01:16:54 Ame [DEBUG] https://lore.kernel.org:443 "GET /all/20260211192228.2148713-1-gourry@gourry.net/t.mbox.gz HTTP/1.1" 200 None
01:16:54 Ame [DEBUG]   ONGOING: [PATCH v3] cxl/memdev: fix deadlock in cxl_memdev_autoremove() on attach failure
01:16:54 Ame [INFO]   Gregory Price: 4 ongoing patches with activity on 2026-02-23
01:16:54 Ame [INFO]   [1/13] [RFC PATCH v4 27/27] cxl: add cxl_compression PCI driver
01:16:54 Ame [INFO]   [2/13] [PATCH 1/2] cxl/region: fix region leak when attach_target fails in cx…
01:16:54 Ame [INFO]   [3/13] [PATCH] cxl/core: fix test_bit misuse with CXL_DECODER_F_ bitmask flag…
01:16:54 Ame [INFO]   [4/13] [PATCH v3] cxl/memdev: fix deadlock in cxl_memdev_autoremove() on atta…
01:16:54 Ame [INFO]   [5/13] Re: [PATCH v3 2/2] cxl: Fix race of nvdimm_bus object when creating nv…
01:16:54 Ame [DEBUG] Fetching thread: https://lore.kernel.org/r/aZzSMwc2evqS8uBc@gourry-fedora-PF4VCD3F/t.mbox.gz
01:16:55 Ame [DEBUG] https://lore.kernel.org:443 "GET /r/aZzSMwc2evqS8uBc@gourry-fedora-PF4VCD3F/t.mbox.gz HTTP/1.1" 302 138
01:16:55 Ame [DEBUG] https://lore.kernel.org:443 "GET /all/aZzSMwc2evqS8uBc@gourry-fedora-PF4VCD3F/t.mbox.gz HTTP/1.1" 200 None
01:16:55 Ame [INFO]   [6/13] Re: [PATCH 1/2] cxl/region: fix region leak when attach_target fails i…
01:16:55 Ame [DEBUG] Fetching thread: https://lore.kernel.org/r/aZy1VGindEm-NbFn@gourry-fedora-PF4VCD3F/t.mbox.gz
01:16:56 Ame [DEBUG] https://lore.kernel.org:443 "GET /r/aZy1VGindEm-NbFn@gourry-fedora-PF4VCD3F/t.mbox.gz HTTP/1.1" 302 138
01:16:56 Ame [DEBUG] https://lore.kernel.org:443 "GET /all/aZy1VGindEm-NbFn@gourry-fedora-PF4VCD3F/t.mbox.gz HTTP/1.1" 200 None
01:16:56 Ame [INFO]   [7/13] Re: [PATCH] cxl/core: fix test_bit misuse with CXL_DECODER_F_ bitmask …
01:16:56 Ame [DEBUG] Fetching thread: https://lore.kernel.org/r/aZySU-tcjVvYcb23@gourry-fedora-PF4VCD3F/t.mbox.gz
01:16:57 Ame [DEBUG] https://lore.kernel.org:443 "GET /r/aZySU-tcjVvYcb23@gourry-fedora-PF4VCD3F/t.mbox.gz HTTP/1.1" 302 138
01:16:57 Ame [DEBUG] https://lore.kernel.org:443 "GET /all/aZySU-tcjVvYcb23@gourry-fedora-PF4VCD3F/t.mbox.gz HTTP/1.1" 200 None
01:16:57 Ame [INFO]   [8/13] Re: [LSF/MM/BPF TOPIC][RFC PATCH v4 00/27] Private Memory Nodes (w/ Co…
01:16:57 Ame [DEBUG] Fetching thread: https://lore.kernel.org/r/aZx7hsVNU0XOCCiG@gourry-fedora-PF4VCD3F/t.mbox.gz
01:16:58 Ame [DEBUG] https://lore.kernel.org:443 "GET /r/aZx7hsVNU0XOCCiG@gourry-fedora-PF4VCD3F/t.mbox.gz HTTP/1.1" 302 138
01:16:58 Ame [DEBUG] https://lore.kernel.org:443 "GET /all/aZx7hsVNU0XOCCiG@gourry-fedora-PF4VCD3F/t.mbox.gz HTTP/1.1" 200 None
01:16:59 Ame [INFO]   [9/13] Re: [RFC PATCH v5 00/10] mm: Hot page tracking and promotion infrastru…
01:16:59 Ame [DEBUG] Fetching thread: https://lore.kernel.org/r/aZxsBifRchLn2m42@gourry-fedora-PF4VCD3F/t.mbox.gz
01:16:59 Ame [DEBUG] https://lore.kernel.org:443 "GET /r/aZxsBifRchLn2m42@gourry-fedora-PF4VCD3F/t.mbox.gz HTTP/1.1" 302 138
01:16:59 Ame [DEBUG] https://lore.kernel.org:443 "GET /all/aZxsBifRchLn2m42@gourry-fedora-PF4VCD3F/t.mbox.gz HTTP/1.1" 200 None
01:17:00 Ame [INFO]   [10/13] Re: [LSF/MM/BPF TOPIC][RFC PATCH v4 00/27] Private Memory Nodes (w/ Co…
01:17:00 Ame [DEBUG] Fetching thread: https://lore.kernel.org/r/aZxqP7J1kOClQUPQ@gourry-fedora-PF4VCD3F/t.mbox.gz
01:17:00 Ame [DEBUG] https://lore.kernel.org:443 "GET /r/aZxqP7J1kOClQUPQ@gourry-fedora-PF4VCD3F/t.mbox.gz HTTP/1.1" 302 138
01:17:00 Ame [DEBUG] https://lore.kernel.org:443 "GET /all/aZxqP7J1kOClQUPQ@gourry-fedora-PF4VCD3F/t.mbox.gz HTTP/1.1" 200 None
01:17:01 Ame [INFO]   [11/13] Re: [PATCH v2 2/2] cxl/region: Test CXL_DECODER_F_NORMALIZED_ADDRESSIN…
01:17:01 Ame [DEBUG] Fetching thread: https://lore.kernel.org/r/aZzGURaa8aHKqreA@gourry-fedora-PF4VCD3F/t.mbox.gz
01:17:01 Ame [DEBUG] https://lore.kernel.org:443 "GET /r/aZzGURaa8aHKqreA@gourry-fedora-PF4VCD3F/t.mbox.gz HTTP/1.1" 302 138
01:17:01 Ame [DEBUG] https://lore.kernel.org:443 "GET /all/aZzGURaa8aHKqreA@gourry-fedora-PF4VCD3F/t.mbox.gz HTTP/1.1" 200 None
01:17:01 Ame [INFO]   [12/13] Re: [PATCH v2 1/2] cxl: Test CXL_DECODER_F_LOCK as a bitmask
01:17:01 Ame [DEBUG] Fetching thread: https://lore.kernel.org/r/aZzGNiMPuU-Jphou@gourry-fedora-PF4VCD3F/t.mbox.gz
01:17:02 Ame [DEBUG] https://lore.kernel.org:443 "GET /r/aZzGNiMPuU-Jphou@gourry-fedora-PF4VCD3F/t.mbox.gz HTTP/1.1" 302 138
01:17:02 Ame [DEBUG] https://lore.kernel.org:443 "GET /all/aZzGNiMPuU-Jphou@gourry-fedora-PF4VCD3F/t.mbox.gz HTTP/1.1" 200 None
01:17:02 Ame [INFO]   [13/13] Re: [PATCH] cxl: Test decoder flags as bitmasks
01:17:02 Ame [DEBUG] Fetching thread: https://lore.kernel.org/r/aZy0EtERdCpGn4gF@gourry-fedora-PF4VCD3F/t.mbox.gz
01:17:03 Ame [DEBUG] https://lore.kernel.org:443 "GET /r/aZy0EtERdCpGn4gF@gourry-fedora-PF4VCD3F/t.mbox.gz HTTP/1.1" 302 138
01:17:03 Ame [DEBUG] https://lore.kernel.org:443 "GET /all/aZy0EtERdCpGn4gF@gourry-fedora-PF4VCD3F/t.mbox.gz HTTP/1.1" 200 None
01:17:03 Ame [INFO] [5/16] Processing Jeff Layton for 2026-02-23...
01:17:03 Ame [DEBUG] Fetching messages for jlayton@kernel.org on 20260223: https://lore.kernel.org/all/?q=f:jlayton@kernel.org+d:20260223..20260223&x=A
01:17:05 Ame [DEBUG] https://lore.kernel.org:443 "GET /all/?q=f:jlayton@kernel.org+d:20260223..20260223&x=A HTTP/1.1" 200 None
01:17:05 Ame [INFO]   Jeff Layton (jlayton@kernel.org): 8 messages
01:17:05 Ame [DEBUG] Fetching messages for jlayton@redhat.com on 20260223: https://lore.kernel.org/all/?q=f:jlayton@redhat.com+d:20260223..20260223&x=A
01:17:06 Ame [DEBUG] https://lore.kernel.org:443 "GET /all/?q=f:jlayton@redhat.com+d:20260223..20260223&x=A HTTP/1.1" 404 574
01:17:06 Ame [DEBUG] No messages found for jlayton@redhat.com on 20260223 (404)
01:17:06 Ame [INFO]   Jeff Layton (jlayton@redhat.com): 0 messages
01:17:06 Ame [DEBUG] PATCH: [PATCH v2 4/4] sunrpc: split cache_detail queue into request and reader lists
01:17:06 Ame [DEBUG] PATCH: [PATCH v2 3/4] sunrpc: convert queue_wait from global to per-cache-detail waitqueue
01:17:06 Ame [DEBUG] PATCH: [PATCH v2 2/4] sunrpc: convert queue_lock from global spinlock to per-cache-detail lock
01:17:06 Ame [DEBUG] PATCH: [PATCH v2 1/4] sunrpc: fix cache_request leak in cache_release
01:17:06 Ame [DEBUG] PATCH: [PATCH v2 0/4] sunrpc: cache infrastructure scalability improvements
01:17:06 Ame [DEBUG] Fetching raw message: https://lore.kernel.org/r/44a2111e33631d78aded73e4b79908db6237227f.camel@kernel.org/raw
01:17:06 Ame [DEBUG] https://lore.kernel.org:443 "GET /r/44a2111e33631d78aded73e4b79908db6237227f.camel@kernel.org/raw HTTP/1.1" 302 138
01:17:06 Ame [DEBUG] https://lore.kernel.org:443 "GET /all/44a2111e33631d78aded73e4b79908db6237227f.camel@kernel.org/raw HTTP/1.1" 200 None
01:17:06 Ame [DEBUG] REVIEW: Re: [PATCH] Add support for empty path in openat and openat2 syscalls
01:17:06 Ame [DEBUG] Fetching raw message: https://lore.kernel.org/r/84bbbe173485c6cbd0af9169e55717be0aa0e367.camel@kernel.org/raw
01:17:07 Ame [DEBUG] https://lore.kernel.org:443 "GET /r/84bbbe173485c6cbd0af9169e55717be0aa0e367.camel@kernel.org/raw HTTP/1.1" 302 138
01:17:07 Ame [DEBUG] https://lore.kernel.org:443 "GET /all/84bbbe173485c6cbd0af9169e55717be0aa0e367.camel@kernel.org/raw HTTP/1.1" 200 None
01:17:07 Ame [DEBUG] REVIEW: Re: [PATCH 1/1] NFSD: Expose callback statistics in /proc/net/rpc/nfsd
01:17:07 Ame [DEBUG] Fetching raw message: https://lore.kernel.org/r/7c0e019cbf7371bdf47bd7a7c48df132fc5b87fd.camel@kernel.org/raw
01:17:08 Ame [DEBUG] https://lore.kernel.org:443 "GET /r/7c0e019cbf7371bdf47bd7a7c48df132fc5b87fd.camel@kernel.org/raw HTTP/1.1" 302 138
01:17:08 Ame [DEBUG] https://lore.kernel.org:443 "GET /all/7c0e019cbf7371bdf47bd7a7c48df132fc5b87fd.camel@kernel.org/raw HTTP/1.1" 200 None
01:17:08 Ame [DEBUG] REVIEW: Re: [PATCH 3/3] sunrpc: split cache_detail queue into request and reader lists
01:17:08 Ame [INFO]   Jeff Layton: 1 patches, 3 reviews, 0 acks (20260223)
01:17:08 Ame [DEBUG] Fetching messages for jlayton@kernel.org from 20260209 to 20260222: https://lore.kernel.org/all/?q=f:jlayton@kernel.org+d:20260209..20260222&x=A
01:17:10 Ame [DEBUG] https://lore.kernel.org:443 "GET /all/?q=f:jlayton@kernel.org+d:20260209..20260222&x=A HTTP/1.1" 200 None
01:17:10 Ame [DEBUG]   Jeff Layton (jlayton@kernel.org): 4 patch submissions in last 14 days
01:17:10 Ame [DEBUG] Fetching messages for jlayton@redhat.com from 20260209 to 20260222: https://lore.kernel.org/all/?q=f:jlayton@redhat.com+d:20260209..20260222&x=A
01:17:11 Ame [DEBUG] https://lore.kernel.org:443 "GET /all/?q=f:jlayton@redhat.com+d:20260209..20260222&x=A HTTP/1.1" 404 575
01:17:11 Ame [DEBUG] No messages found for jlayton@redhat.com in range 20260209..20260222 (404)
01:17:11 Ame [DEBUG]   Jeff Layton (jlayton@redhat.com): 0 patch submissions in last 14 days
01:17:11 Ame [INFO]   Jeff Layton: 1 recent patch series to check for activity on 2026-02-23
01:17:11 Ame [DEBUG] Fetching thread: https://lore.kernel.org/r/20260220-sunrpc-cache-v1-0-47d04014c245@kernel.org/t.mbox.gz
01:17:11 Ame [DEBUG] https://lore.kernel.org:443 "GET /r/20260220-sunrpc-cache-v1-0-47d04014c245@kernel.org/t.mbox.gz HTTP/1.1" 302 138
01:17:11 Ame [DEBUG] https://lore.kernel.org:443 "GET /all/20260220-sunrpc-cache-v1-0-47d04014c245@kernel.org/t.mbox.gz HTTP/1.1" 200 None
01:17:11 Ame [DEBUG]   ONGOING: [PATCH 0/3] sunrpc: cache infrastructure scalability improvements
01:17:11 Ame [INFO]   Jeff Layton: 1 ongoing patches with activity on 2026-02-23
01:17:11 Ame [INFO]   [1/5] [PATCH v2 0/4] sunrpc: cache infrastructure scalability improvements
01:17:11 Ame [DEBUG] Fetching thread: https://lore.kernel.org/r/20260223-sunrpc-cache-v2-0-91fc827c4d33@kernel.org/t.mbox.gz
01:17:12 Ame [DEBUG] https://lore.kernel.org:443 "GET /r/20260223-sunrpc-cache-v2-0-91fc827c4d33@kernel.org/t.mbox.gz HTTP/1.1" 302 138
01:17:12 Ame [DEBUG] https://lore.kernel.org:443 "GET /all/20260223-sunrpc-cache-v2-0-91fc827c4d33@kernel.org/t.mbox.gz HTTP/1.1" 200 None
01:17:12 Ame [INFO]   [2/5] [PATCH 0/3] sunrpc: cache infrastructure scalability improvements
01:17:12 Ame [INFO]   [3/5] Re: [PATCH] Add support for empty path in openat and openat2 syscalls
01:17:12 Ame [DEBUG] Fetching thread: https://lore.kernel.org/r/44a2111e33631d78aded73e4b79908db6237227f.camel@kernel.org/t.mbox.gz
01:17:13 Ame [DEBUG] https://lore.kernel.org:443 "GET /r/44a2111e33631d78aded73e4b79908db6237227f.camel@kernel.org/t.mbox.gz HTTP/1.1" 302 138
01:17:13 Ame [DEBUG] https://lore.kernel.org:443 "GET /all/44a2111e33631d78aded73e4b79908db6237227f.camel@kernel.org/t.mbox.gz HTTP/1.1" 200 None
01:17:13 Ame [INFO]   [4/5] Re: [PATCH 1/1] NFSD: Expose callback statistics in /proc/net/rpc/nfsd
01:17:13 Ame [DEBUG] Fetching thread: https://lore.kernel.org/r/84bbbe173485c6cbd0af9169e55717be0aa0e367.camel@kernel.org/t.mbox.gz
01:17:14 Ame [DEBUG] https://lore.kernel.org:443 "GET /r/84bbbe173485c6cbd0af9169e55717be0aa0e367.camel@kernel.org/t.mbox.gz HTTP/1.1" 302 138
01:17:14 Ame [DEBUG] https://lore.kernel.org:443 "GET /all/84bbbe173485c6cbd0af9169e55717be0aa0e367.camel@kernel.org/t.mbox.gz HTTP/1.1" 200 None
01:17:14 Ame [INFO]   [5/5] Re: [PATCH 3/3] sunrpc: split cache_detail queue into request and read…
01:17:14 Ame [DEBUG] Fetching thread: https://lore.kernel.org/r/7c0e019cbf7371bdf47bd7a7c48df132fc5b87fd.camel@kernel.org/t.mbox.gz
01:17:15 Ame [DEBUG] https://lore.kernel.org:443 "GET /r/7c0e019cbf7371bdf47bd7a7c48df132fc5b87fd.camel@kernel.org/t.mbox.gz HTTP/1.1" 302 138
01:17:15 Ame [DEBUG] https://lore.kernel.org:443 "GET /all/7c0e019cbf7371bdf47bd7a7c48df132fc5b87fd.camel@kernel.org/t.mbox.gz HTTP/1.1" 200 None
01:17:15 Ame [INFO] [6/16] Processing Joanne Koong for 2026-02-23...
01:17:15 Ame [DEBUG] Fetching messages for joannelkoong@gmail.com on 20260223: https://lore.kernel.org/all/?q=f:joannelkoong@gmail.com+d:20260223..20260223&x=A
01:17:17 Ame [DEBUG] https://lore.kernel.org:443 "GET /all/?q=f:joannelkoong@gmail.com+d:20260223..20260223&x=A HTTP/1.1" 200 None
01:17:17 Ame [INFO]   Joanne Koong (joannelkoong@gmail.com): 1 messages
01:17:17 Ame [DEBUG] Fetching raw message: https://lore.kernel.org/r/CAJnrk1Zk1hHCoC4xaY_KT0m_04CQ=pO6j3e1tGrdj7LTf5BHsA@mail.gmail.com/raw
01:17:17 Ame [DEBUG] https://lore.kernel.org:443 "GET /r/CAJnrk1Zk1hHCoC4xaY_KT0m_04CQ=pO6j3e1tGrdj7LTf5BHsA@mail.gmail.com/raw HTTP/1.1" 302 138
01:17:17 Ame [DEBUG] https://lore.kernel.org:443 "GET /all/CAJnrk1Zk1hHCoC4xaY_KT0m_04CQ=pO6j3e1tGrdj7LTf5BHsA@mail.gmail.com/raw HTTP/1.1" 200 None
01:17:17 Ame [DEBUG] REVIEW: Re: [PATCH v1 1/1] iomap: don't mark folio uptodate if read IO has bytes pending
01:17:17 Ame [INFO]   Joanne Koong: 0 patches, 1 reviews, 0 acks (20260223)
01:17:17 Ame [DEBUG] Fetching messages for joannelkoong@gmail.com from 20260209 to 20260222: https://lore.kernel.org/all/?q=f:joannelkoong@gmail.com+d:20260209..20260222&x=A
01:17:19 Ame [DEBUG] https://lore.kernel.org:443 "GET /all/?q=f:joannelkoong@gmail.com+d:20260209..20260222&x=A HTTP/1.1" 200 None
01:17:19 Ame [DEBUG]   Joanne Koong (joannelkoong@gmail.com): 25 patch submissions in last 14 days
01:17:19 Ame [INFO]   Joanne Koong: 4 recent patch series to check for activity on 2026-02-23
01:17:19 Ame [DEBUG] Fetching thread: https://lore.kernel.org/r/20260219003911.344478-1-joannelkoong@gmail.com/t.mbox.gz
01:17:19 Ame [DEBUG] https://lore.kernel.org:443 "GET /r/20260219003911.344478-1-joannelkoong@gmail.com/t.mbox.gz HTTP/1.1" 302 138
01:17:19 Ame [DEBUG] https://lore.kernel.org:443 "GET /all/20260219003911.344478-1-joannelkoong@gmail.com/t.mbox.gz HTTP/1.1" 200 None
01:17:19 Ame [DEBUG]   ONGOING: [PATCH v1 0/1] iomap: don't mark folio uptodate if read IO has bytes pending
01:17:19 Ame [DEBUG] Fetching thread: https://lore.kernel.org/r/20260218025207.1425553-1-joannelkoong@gmail.com/t.mbox.gz
01:17:20 Ame [DEBUG] https://lore.kernel.org:443 "GET /r/20260218025207.1425553-1-joannelkoong@gmail.com/t.mbox.gz HTTP/1.1" 302 138
01:17:20 Ame [DEBUG] https://lore.kernel.org:443 "GET /all/20260218025207.1425553-1-joannelkoong@gmail.com/t.mbox.gz HTTP/1.1" 200 None
01:17:20 Ame [DEBUG] Fetching thread: https://lore.kernel.org/r/20260210002852.1394504-12-joannelkoong@gmail.com/t.mbox.gz
01:17:21 Ame [DEBUG] https://lore.kernel.org:443 "GET /r/20260210002852.1394504-12-joannelkoong@gmail.com/t.mbox.gz HTTP/1.1" 302 138
01:17:22 Ame [DEBUG] https://lore.kernel.org:443 "GET /all/20260210002852.1394504-12-joannelkoong@gmail.com/t.mbox.gz HTTP/1.1" 200 None
01:17:22 Ame [DEBUG]   ONGOING: [PATCH v1 11/11] io_uring/cmd: set selected buffer index in __io_uring_cmd_done()
01:17:22 Ame [DEBUG] Fetching thread: https://lore.kernel.org/r/CAJnrk1YA9hk5Mv0BXFe+TcWLXsNLpWtcA-gy+k03zDt4f0z7zg@mail.gmail.com/t.mbox.gz
01:17:22 Ame [DEBUG] https://lore.kernel.org:443 "GET /r/CAJnrk1YA9hk5Mv0BXFe+TcWLXsNLpWtcA-gy+k03zDt4f0z7zg@mail.gmail.com/t.mbox.gz HTTP/1.1" 302 138
01:17:22 Ame [DEBUG] https://lore.kernel.org:443 "GET /all/CAJnrk1YA9hk5Mv0BXFe+TcWLXsNLpWtcA-gy+k03zDt4f0z7zg@mail.gmail.com/t.mbox.gz HTTP/1.1" 200 None
01:17:22 Ame [INFO]   Joanne Koong: 2 ongoing patches with activity on 2026-02-23
01:17:22 Ame [INFO]   [1/3] [PATCH v1 0/1] iomap: don't mark folio uptodate if read IO has bytes p…
01:17:23 Ame [INFO]   [2/3] [PATCH v1 11/11] io_uring/cmd: set selected buffer index in __io_uring…
01:17:23 Ame [INFO]   [3/3] Re: [PATCH v1 1/1] iomap: don't mark folio uptodate if read IO has byt…
01:17:23 Ame [DEBUG] Fetching thread: https://lore.kernel.org/r/CAJnrk1Zk1hHCoC4xaY_KT0m_04CQ=pO6j3e1tGrdj7LTf5BHsA@mail.gmail.com/t.mbox.gz
01:17:23 Ame [DEBUG] https://lore.kernel.org:443 "GET /r/CAJnrk1Zk1hHCoC4xaY_KT0m_04CQ=pO6j3e1tGrdj7LTf5BHsA@mail.gmail.com/t.mbox.gz HTTP/1.1" 302 138
01:17:23 Ame [DEBUG] https://lore.kernel.org:443 "GET /all/CAJnrk1Zk1hHCoC4xaY_KT0m_04CQ=pO6j3e1tGrdj7LTf5BHsA@mail.gmail.com/t.mbox.gz HTTP/1.1" 200 None
01:17:24 Ame [INFO] [7/16] Processing Johannes Weiner for 2026-02-23...
01:17:24 Ame [DEBUG] Fetching messages for hannes@cmpxchg.org on 20260223: https://lore.kernel.org/all/?q=f:hannes@cmpxchg.org+d:20260223..20260223&x=A
01:17:25 Ame [DEBUG] https://lore.kernel.org:443 "GET /all/?q=f:hannes@cmpxchg.org+d:20260223..20260223&x=A HTTP/1.1" 200 None
01:17:25 Ame [INFO]   Johannes Weiner (hannes@cmpxchg.org): 7 messages
01:17:25 Ame [DEBUG] Fetching raw message: https://lore.kernel.org/r/aZy2SHbXi6qdGS0a@cmpxchg.org/raw
01:17:25 Ame [DEBUG] https://lore.kernel.org:443 "GET /r/aZy2SHbXi6qdGS0a@cmpxchg.org/raw HTTP/1.1" 302 138
01:17:25 Ame [DEBUG] https://lore.kernel.org:443 "GET /all/aZy2SHbXi6qdGS0a@cmpxchg.org/raw HTTP/1.1" 200 None
01:17:25 Ame [DEBUG] REVIEW: Re: [PATCH 1/2] mm: vmalloc: streamline vmalloc memory accounting
01:17:25 Ame [DEBUG] Fetching raw message: https://lore.kernel.org/r/aZyFxKGXc8J6PIij@cmpxchg.org/raw
01:17:26 Ame [DEBUG] https://lore.kernel.org:443 "GET /r/aZyFxKGXc8J6PIij@cmpxchg.org/raw HTTP/1.1" 302 138
01:17:27 Ame [DEBUG] https://lore.kernel.org:443 "GET /all/aZyFxKGXc8J6PIij@cmpxchg.org/raw HTTP/1.1" 200 None
01:17:27 Ame [DEBUG] REVIEW: Re: [PATCH RFC 00/15] mm, swap: swap table phase IV with dynamic ghost swapfile
01:17:27 Ame [DEBUG] Fetching raw message: https://lore.kernel.org/r/aZyCJ6pH4hey-ZoU@cmpxchg.org/raw
01:17:27 Ame [DEBUG] https://lore.kernel.org:443 "GET /r/aZyCJ6pH4hey-ZoU@cmpxchg.org/raw HTTP/1.1" 302 138
01:17:28 Ame [DEBUG] https://lore.kernel.org:443 "GET /all/aZyCJ6pH4hey-ZoU@cmpxchg.org/raw HTTP/1.1" 200 None
01:17:28 Ame [DEBUG] REVIEW: Re: [PATCH RFC 08/15] mm, swap: store and check memcg info in the swap table
01:17:28 Ame [DEBUG] Fetching raw message: https://lore.kernel.org/r/aZx-zFmQmC0zoWKs@cmpxchg.org/raw
01:17:28 Ame [DEBUG] https://lore.kernel.org:443 "GET /r/aZx-zFmQmC0zoWKs@cmpxchg.org/raw HTTP/1.1" 302 138
01:17:29 Ame [DEBUG] https://lore.kernel.org:443 "GET /all/aZx-zFmQmC0zoWKs@cmpxchg.org/raw HTTP/1.1" 200 None
01:17:29 Ame [DEBUG] REVIEW: Re: [PATCH RFC 06/15] memcg, swap: reparent the swap entry on swapin if swapout cgroup is dead
01:17:29 Ame [DEBUG] PATCH: [PATCH v2 2/2] mm: memcontrol: switch to native NR_VMALLOC vmstat counter
01:17:29 Ame [DEBUG] PATCH: [PATCH v2 1/2] mm: vmalloc: streamline vmalloc memory accounting
01:17:29 Ame [DEBUG] Fetching raw message: https://lore.kernel.org/r/aZx5M2WYMK7pKhC1@cmpxchg.org/raw
01:17:29 Ame [DEBUG] https://lore.kernel.org:443 "GET /r/aZx5M2WYMK7pKhC1@cmpxchg.org/raw HTTP/1.1" 302 138
01:17:30 Ame [DEBUG] https://lore.kernel.org:443 "GET /all/aZx5M2WYMK7pKhC1@cmpxchg.org/raw HTTP/1.1" 200 None
01:17:30 Ame [DEBUG] REVIEW: Re: [PATCH 1/2] mm: vmalloc: streamline vmalloc memory accounting
01:17:30 Ame [INFO]   Johannes Weiner: 1 patches, 5 reviews, 0 acks (20260223)
01:17:30 Ame [DEBUG] Fetching messages for hannes@cmpxchg.org from 20260209 to 20260222: https://lore.kernel.org/all/?q=f:hannes@cmpxchg.org+d:20260209..20260222&x=A
01:17:31 Ame [DEBUG] https://lore.kernel.org:443 "GET /all/?q=f:hannes@cmpxchg.org+d:20260209..20260222&x=A HTTP/1.1" 200 None
01:17:31 Ame [DEBUG]   Johannes Weiner (hannes@cmpxchg.org): 2 patch submissions in last 14 days
01:17:31 Ame [INFO]   Johannes Weiner: 1 recent patch series to check for activity on 2026-02-23
01:17:31 Ame [DEBUG] Fetching thread: https://lore.kernel.org/r/20260220191035.3703800-1-hannes@cmpxchg.org/t.mbox.gz
01:17:31 Ame [DEBUG] https://lore.kernel.org:443 "GET /r/20260220191035.3703800-1-hannes@cmpxchg.org/t.mbox.gz HTTP/1.1" 302 138
01:17:32 Ame [DEBUG] https://lore.kernel.org:443 "GET /all/20260220191035.3703800-1-hannes@cmpxchg.org/t.mbox.gz HTTP/1.1" 200 None
01:17:32 Ame [DEBUG]   ONGOING: [PATCH 1/2] mm: vmalloc: streamline vmalloc memory accounting
01:17:32 Ame [INFO]   Johannes Weiner: 1 ongoing patches with activity on 2026-02-23
01:17:32 Ame [INFO]   [1/7] [PATCH v2 1/2] mm: vmalloc: streamline vmalloc memory accounting
01:17:32 Ame [DEBUG] Fetching thread: https://lore.kernel.org/r/20260223160147.3792777-1-hannes@cmpxchg.org/t.mbox.gz
01:17:32 Ame [DEBUG] https://lore.kernel.org:443 "GET /r/20260223160147.3792777-1-hannes@cmpxchg.org/t.mbox.gz HTTP/1.1" 302 138
01:17:33 Ame [DEBUG] https://lore.kernel.org:443 "GET /all/20260223160147.3792777-1-hannes@cmpxchg.org/t.mbox.gz HTTP/1.1" 200 None
01:17:33 Ame [INFO]   [2/7] [PATCH 1/2] mm: vmalloc: streamline vmalloc memory accounting
01:17:33 Ame [INFO]   [3/7] Re: [PATCH 1/2] mm: vmalloc: streamline vmalloc memory accounting
01:17:33 Ame [DEBUG] Fetching thread: https://lore.kernel.org/r/aZy2SHbXi6qdGS0a@cmpxchg.org/t.mbox.gz
01:17:33 Ame [DEBUG] https://lore.kernel.org:443 "GET /r/aZy2SHbXi6qdGS0a@cmpxchg.org/t.mbox.gz HTTP/1.1" 302 138
01:17:33 Ame [DEBUG] https://lore.kernel.org:443 "GET /all/aZy2SHbXi6qdGS0a@cmpxchg.org/t.mbox.gz HTTP/1.1" 200 None
01:17:34 Ame [INFO]   [4/7] Re: [PATCH RFC 00/15] mm, swap: swap table phase IV with dynamic ghost…
01:17:34 Ame [DEBUG] Fetching thread: https://lore.kernel.org/r/aZyFxKGXc8J6PIij@cmpxchg.org/t.mbox.gz
01:17:34 Ame [DEBUG] https://lore.kernel.org:443 "GET /r/aZyFxKGXc8J6PIij@cmpxchg.org/t.mbox.gz HTTP/1.1" 302 138
01:17:35 Ame [DEBUG] https://lore.kernel.org:443 "GET /all/aZyFxKGXc8J6PIij@cmpxchg.org/t.mbox.gz HTTP/1.1" 200 None
01:17:35 Ame [INFO]   [5/7] Re: [PATCH RFC 08/15] mm, swap: store and check memcg info in the swap…
01:17:35 Ame [DEBUG] Fetching thread: https://lore.kernel.org/r/aZyCJ6pH4hey-ZoU@cmpxchg.org/t.mbox.gz
01:17:35 Ame [DEBUG] https://lore.kernel.org:443 "GET /r/aZyCJ6pH4hey-ZoU@cmpxchg.org/t.mbox.gz HTTP/1.1" 302 138
01:17:36 Ame [DEBUG] https://lore.kernel.org:443 "GET /all/aZyCJ6pH4hey-ZoU@cmpxchg.org/t.mbox.gz HTTP/1.1" 200 None
01:17:36 Ame [INFO]   [6/7] Re: [PATCH RFC 06/15] memcg, swap: reparent the swap entry on swapin i…
01:17:36 Ame [DEBUG] Fetching thread: https://lore.kernel.org/r/aZx-zFmQmC0zoWKs@cmpxchg.org/t.mbox.gz
01:17:36 Ame [DEBUG] https://lore.kernel.org:443 "GET /r/aZx-zFmQmC0zoWKs@cmpxchg.org/t.mbox.gz HTTP/1.1" 302 138
01:17:37 Ame [DEBUG] https://lore.kernel.org:443 "GET /all/aZx-zFmQmC0zoWKs@cmpxchg.org/t.mbox.gz HTTP/1.1" 200 None
01:17:37 Ame [INFO]   [7/7] Re: [PATCH 1/2] mm: vmalloc: streamline vmalloc memory accounting
01:17:37 Ame [DEBUG] Fetching thread: https://lore.kernel.org/r/aZx5M2WYMK7pKhC1@cmpxchg.org/t.mbox.gz
01:17:37 Ame [DEBUG] https://lore.kernel.org:443 "GET /r/aZx5M2WYMK7pKhC1@cmpxchg.org/t.mbox.gz HTTP/1.1" 302 138
01:17:37 Ame [DEBUG] https://lore.kernel.org:443 "GET /all/aZx5M2WYMK7pKhC1@cmpxchg.org/t.mbox.gz HTTP/1.1" 200 None
01:17:38 Ame [INFO] [8/16] Processing Joshua Hahn for 2026-02-23...
01:17:38 Ame [DEBUG] Fetching messages for joshua.hahnjy@gmail.com on 20260223: https://lore.kernel.org/all/?q=f:joshua.hahnjy@gmail.com+d:20260223..20260223&x=A
01:17:39 Ame [DEBUG] https://lore.kernel.org:443 "GET /all/?q=f:joshua.hahnjy@gmail.com+d:20260223..20260223&x=A HTTP/1.1" 200 None
01:17:39 Ame [INFO]   Joshua Hahn (joshua.hahnjy@gmail.com): 7 messages
01:17:39 Ame [DEBUG] PATCH: [RFC PATCH 0/6] mm/memcontrol: Make memcg limits tier-aware
01:17:39 Ame [DEBUG] PATCH: [RFC PATCH 6/6] mm/memcontrol: Make memory.high tier-aware
01:17:39 Ame [DEBUG] PATCH: [RFC PATCH 5/6] mm/memcontrol, page_counter: Make memory.low tier-aware
01:17:39 Ame [DEBUG] PATCH: [RFC PATCH 4/6] mm/memcontrol: Charge and uncharge from toptier
01:17:39 Ame [DEBUG] PATCH: [RFC PATCH 3/6] mm/memory-tiers, memcontrol: Introduce toptier capacity updates
01:17:39 Ame [DEBUG] PATCH: [RFC PATCH 2/6] mm/page_counter: Introduce tiered memory awareness to page_counter
01:17:39 Ame [DEBUG] PATCH: [RFC PATCH 1/6] mm/memory-tiers: Introduce tier-aware memcg limit sysfs
01:17:39 Ame [INFO]   Joshua Hahn: 1 patches, 0 reviews, 0 acks (20260223)
01:17:39 Ame [DEBUG] Fetching messages for joshua.hahnjy@gmail.com from 20260209 to 20260222: https://lore.kernel.org/all/?q=f:joshua.hahnjy@gmail.com+d:20260209..20260222&x=A
01:17:40 Ame [DEBUG] https://lore.kernel.org:443 "GET /all/?q=f:joshua.hahnjy@gmail.com+d:20260209..20260222&x=A HTTP/1.1" 200 None
01:17:40 Ame [DEBUG]   Joshua Hahn (joshua.hahnjy@gmail.com): 0 patch submissions in last 14 days
01:17:40 Ame [INFO]   [1/1] [RFC PATCH 0/6] mm/memcontrol: Make memcg limits tier-aware
01:17:40 Ame [DEBUG] Fetching thread: https://lore.kernel.org/r/20260223223830.586018-1-joshua.hahnjy@gmail.com/t.mbox.gz
01:17:40 Ame [DEBUG] https://lore.kernel.org:443 "GET /r/20260223223830.586018-1-joshua.hahnjy@gmail.com/t.mbox.gz HTTP/1.1" 302 138
01:17:41 Ame [DEBUG] https://lore.kernel.org:443 "GET /all/20260223223830.586018-1-joshua.hahnjy@gmail.com/t.mbox.gz HTTP/1.1" 200 None
01:17:41 Ame [INFO] [9/16] Processing JP Kobryn for 2026-02-23...
01:17:41 Ame [DEBUG] Fetching messages for inwardvessel@gmail.com on 20260223: https://lore.kernel.org/all/?q=f:inwardvessel@gmail.com+d:20260223..20260223&x=A
01:17:42 Ame [DEBUG] https://lore.kernel.org:443 "GET /all/?q=f:inwardvessel@gmail.com+d:20260223..20260223&x=A HTTP/1.1" 404 577
01:17:42 Ame [DEBUG] No messages found for inwardvessel@gmail.com on 20260223 (404)
01:17:42 Ame [INFO]   JP Kobryn (inwardvessel@gmail.com): 0 messages
01:17:42 Ame [DEBUG] Fetching messages for jp.kobryn@linux.dev on 20260223: https://lore.kernel.org/all/?q=f:jp.kobryn@linux.dev+d:20260223..20260223&x=A
01:17:43 Ame [DEBUG] https://lore.kernel.org:443 "GET /all/?q=f:jp.kobryn@linux.dev+d:20260223..20260223&x=A HTTP/1.1" 404 576
01:17:43 Ame [DEBUG] No messages found for jp.kobryn@linux.dev on 20260223 (404)
01:17:43 Ame [INFO]   JP Kobryn (jp.kobryn@linux.dev): 0 messages
01:17:43 Ame [INFO]   JP Kobryn: 0 patches, 0 reviews, 0 acks (20260223)
01:17:43 Ame [DEBUG] Fetching messages for inwardvessel@gmail.com from 20260209 to 20260222: https://lore.kernel.org/all/?q=f:inwardvessel@gmail.com+d:20260209..20260222&x=A
01:17:44 Ame [DEBUG] https://lore.kernel.org:443 "GET /all/?q=f:inwardvessel@gmail.com+d:20260209..20260222&x=A HTTP/1.1" 200 None
01:17:44 Ame [DEBUG]   JP Kobryn (inwardvessel@gmail.com): 3 patch submissions in last 14 days
01:17:44 Ame [DEBUG] Fetching messages for jp.kobryn@linux.dev from 20260209 to 20260222: https://lore.kernel.org/all/?q=f:jp.kobryn@linux.dev+d:20260209..20260222&x=A
01:17:45 Ame [DEBUG] https://lore.kernel.org:443 "GET /all/?q=f:jp.kobryn@linux.dev+d:20260209..20260222&x=A HTTP/1.1" 200 None
01:17:45 Ame [DEBUG]   JP Kobryn (jp.kobryn@linux.dev): 4 patch submissions in last 14 days
01:17:45 Ame [INFO]   JP Kobryn: 3 recent patch series to check for activity on 2026-02-23
01:17:45 Ame [DEBUG] Fetching thread: https://lore.kernel.org/r/20260212045109.255391-1-inwardvessel@gmail.com/t.mbox.gz
01:17:45 Ame [DEBUG] https://lore.kernel.org:443 "GET /r/20260212045109.255391-1-inwardvessel@gmail.com/t.mbox.gz HTTP/1.1" 302 138
01:17:46 Ame [DEBUG] https://lore.kernel.org:443 "GET /all/20260212045109.255391-1-inwardvessel@gmail.com/t.mbox.gz HTTP/1.1" 200 None
01:17:46 Ame [DEBUG] Fetching thread: https://lore.kernel.org/r/20260219235846.161910-1-jp.kobryn@linux.dev/t.mbox.gz
01:17:46 Ame [DEBUG] https://lore.kernel.org:443 "GET /r/20260219235846.161910-1-jp.kobryn@linux.dev/t.mbox.gz HTTP/1.1" 302 138
01:17:47 Ame [DEBUG] https://lore.kernel.org:443 "GET /all/20260219235846.161910-1-jp.kobryn@linux.dev/t.mbox.gz HTTP/1.1" 200 None
01:17:47 Ame [DEBUG]   ONGOING: [PATCH v5] mm: move pgscan, pgsteal, pgrefill to node stats
01:17:47 Ame [DEBUG] Fetching thread: https://lore.kernel.org/r/20260218032941.225439-1-jp.kobryn@linux.dev/t.mbox.gz
01:17:47 Ame [DEBUG] https://lore.kernel.org:443 "GET /r/20260218032941.225439-1-jp.kobryn@linux.dev/t.mbox.gz HTTP/1.1" 302 138
01:17:48 Ame [DEBUG] https://lore.kernel.org:443 "GET /all/20260218032941.225439-1-jp.kobryn@linux.dev/t.mbox.gz HTTP/1.1" 200 None
01:17:48 Ame [INFO]   JP Kobryn: 1 ongoing patches with activity on 2026-02-23
01:17:48 Ame [INFO]   [1/1] [PATCH v5] mm: move pgscan, pgsteal, pgrefill to node stats
01:17:48 Ame [INFO] [10/16] Processing Kiryl Shutsemau for 2026-02-23...
01:17:48 Ame [DEBUG] Fetching messages for kas@kernel.org on 20260223: https://lore.kernel.org/all/?q=f:kas@kernel.org+d:20260223..20260223&x=A
01:17:49 Ame [DEBUG] https://lore.kernel.org:443 "GET /all/?q=f:kas@kernel.org+d:20260223..20260223&x=A HTTP/1.1" 200 None
01:17:49 Ame [INFO]   Kiryl Shutsemau (kas@kernel.org): 5 messages
01:17:49 Ame [DEBUG] Fetching messages for kirill@shutemov.name on 20260223: https://lore.kernel.org/all/?q=f:kirill@shutemov.name+d:20260223..20260223&x=A
01:17:50 Ame [DEBUG] https://lore.kernel.org:443 "GET /all/?q=f:kirill@shutemov.name+d:20260223..20260223&x=A HTTP/1.1" 404 575
01:17:50 Ame [DEBUG] No messages found for kirill@shutemov.name on 20260223 (404)
01:17:50 Ame [INFO]   Kiryl Shutsemau (kirill@shutemov.name): 0 messages
01:17:50 Ame [DEBUG] Fetching raw message: https://lore.kernel.org/r/aZx1EOLutZd1XrPP@thinkstation/raw
01:17:50 Ame [DEBUG] https://lore.kernel.org:443 "GET /r/aZx1EOLutZd1XrPP@thinkstation/raw HTTP/1.1" 302 138
01:17:51 Ame [DEBUG] https://lore.kernel.org:443 "GET /all/aZx1EOLutZd1XrPP@thinkstation/raw HTTP/1.1" 200 None
01:17:51 Ame [DEBUG] REVIEW: Re: [LSF/MM/BPF TOPIC] 64k (or 16k) base page size on x86
01:17:51 Ame [DEBUG] Fetching raw message: https://lore.kernel.org/r/aZxn34ebvSKFCWth@thinkstation/raw
01:17:51 Ame [DEBUG] https://lore.kernel.org:443 "GET /r/aZxn34ebvSKFCWth@thinkstation/raw HTTP/1.1" 302 138
01:17:52 Ame [DEBUG] https://lore.kernel.org:443 "GET /all/aZxn34ebvSKFCWth@thinkstation/raw HTTP/1.1" 200 None
01:17:52 Ame [DEBUG] REVIEW: Re: [PATCHv6 08/17] mm: Make page_zonenum() use head page
01:17:52 Ame [DEBUG] Fetching raw message: https://lore.kernel.org/r/aZxEKdXTXoI0BZYJ@thinkstation/raw
01:17:52 Ame [DEBUG] https://lore.kernel.org:443 "GET /r/aZxEKdXTXoI0BZYJ@thinkstation/raw HTTP/1.1" 302 138
01:17:53 Ame [DEBUG] https://lore.kernel.org:443 "GET /all/aZxEKdXTXoI0BZYJ@thinkstation/raw HTTP/1.1" 200 None
01:17:53 Ame [DEBUG] REVIEW: Re: [LSF/MM/BPF TOPIC] 64k (or 16k) base page size on x86
01:17:53 Ame [DEBUG] Fetching raw message: https://lore.kernel.org/r/aZw1DlKHaWvgOtm_@thinkstation/raw
01:17:53 Ame [DEBUG] https://lore.kernel.org:443 "GET /r/aZw1DlKHaWvgOtm_@thinkstation/raw HTTP/1.1" 302 138
01:17:54 Ame [DEBUG] https://lore.kernel.org:443 "GET /all/aZw1DlKHaWvgOtm_@thinkstation/raw HTTP/1.1" 200 None
01:17:54 Ame [DEBUG] REVIEW: Re: [LSF/MM/BPF TOPIC] 64k (or 16k) base page size on x86
01:17:54 Ame [INFO]   Kiryl Shutsemau: 0 patches, 4 reviews, 0 acks (20260223)
01:17:54 Ame [DEBUG] Fetching messages for kas@kernel.org from 20260209 to 20260222: https://lore.kernel.org/all/?q=f:kas@kernel.org+d:20260209..20260222&x=A
01:17:55 Ame [DEBUG] https://lore.kernel.org:443 "GET /all/?q=f:kas@kernel.org+d:20260209..20260222&x=A HTTP/1.1" 200 None
01:17:55 Ame [DEBUG]   Kiryl Shutsemau (kas@kernel.org): 6 patch submissions in last 14 days
01:17:55 Ame [DEBUG] Fetching messages for kirill@shutemov.name from 20260209 to 20260222: https://lore.kernel.org/all/?q=f:kirill@shutemov.name+d:20260209..20260222&x=A
01:17:56 Ame [DEBUG] https://lore.kernel.org:443 "GET /all/?q=f:kirill@shutemov.name+d:20260209..20260222&x=A HTTP/1.1" 200 None
01:17:56 Ame [DEBUG]   Kiryl Shutsemau (kirill@shutemov.name): 0 patch submissions in last 14 days
01:17:56 Ame [INFO]   Kiryl Shutsemau: 1 recent patch series to check for activity on 2026-02-23
01:17:56 Ame [DEBUG] Fetching thread: https://lore.kernel.org/r/20260217104957.249340-1-kas@kernel.org/t.mbox.gz
01:17:56 Ame [DEBUG] https://lore.kernel.org:443 "GET /r/20260217104957.249340-1-kas@kernel.org/t.mbox.gz HTTP/1.1" 302 138
01:17:57 Ame [DEBUG] https://lore.kernel.org:443 "GET /all/20260217104957.249340-1-kas@kernel.org/t.mbox.gz HTTP/1.1" 200 None
01:17:57 Ame [INFO]   [1/4] Re: [LSF/MM/BPF TOPIC] 64k (or 16k) base page size on x86
01:17:57 Ame [DEBUG] Fetching thread: https://lore.kernel.org/r/aZx1EOLutZd1XrPP@thinkstation/t.mbox.gz
01:17:57 Ame [DEBUG] https://lore.kernel.org:443 "GET /r/aZx1EOLutZd1XrPP@thinkstation/t.mbox.gz HTTP/1.1" 302 138
01:17:58 Ame [DEBUG] https://lore.kernel.org:443 "GET /all/aZx1EOLutZd1XrPP@thinkstation/t.mbox.gz HTTP/1.1" 200 None
01:17:58 Ame [INFO]   [2/4] Re: [PATCHv6 08/17] mm: Make page_zonenum() use head page
01:17:58 Ame [DEBUG] Fetching thread: https://lore.kernel.org/r/aZxn34ebvSKFCWth@thinkstation/t.mbox.gz
01:17:58 Ame [DEBUG] https://lore.kernel.org:443 "GET /r/aZxn34ebvSKFCWth@thinkstation/t.mbox.gz HTTP/1.1" 302 138
01:17:59 Ame [DEBUG] https://lore.kernel.org:443 "GET /all/aZxn34ebvSKFCWth@thinkstation/t.mbox.gz HTTP/1.1" 200 None
01:17:59 Ame [INFO]   [3/4] Re: [LSF/MM/BPF TOPIC] 64k (or 16k) base page size on x86
01:17:59 Ame [DEBUG] Fetching thread: https://lore.kernel.org/r/aZxEKdXTXoI0BZYJ@thinkstation/t.mbox.gz
01:17:59 Ame [DEBUG] https://lore.kernel.org:443 "GET /r/aZxEKdXTXoI0BZYJ@thinkstation/t.mbox.gz HTTP/1.1" 302 138
01:18:00 Ame [DEBUG] https://lore.kernel.org:443 "GET /all/aZxEKdXTXoI0BZYJ@thinkstation/t.mbox.gz HTTP/1.1" 200 None
01:18:00 Ame [INFO]   [4/4] Re: [LSF/MM/BPF TOPIC] 64k (or 16k) base page size on x86
01:18:00 Ame [DEBUG] Fetching thread: https://lore.kernel.org/r/aZw1DlKHaWvgOtm_@thinkstation/t.mbox.gz
01:18:00 Ame [DEBUG] https://lore.kernel.org:443 "GET /r/aZw1DlKHaWvgOtm_@thinkstation/t.mbox.gz HTTP/1.1" 302 138
01:18:01 Ame [DEBUG] https://lore.kernel.org:443 "GET /all/aZw1DlKHaWvgOtm_@thinkstation/t.mbox.gz HTTP/1.1" 200 None
01:18:01 Ame [INFO] [11/16] Processing Leo Martins for 2026-02-23...
01:18:01 Ame [DEBUG] Fetching messages for loemra.dev@gmail.com on 20260223: https://lore.kernel.org/all/?q=f:loemra.dev@gmail.com+d:20260223..20260223&x=A
01:18:02 Ame [DEBUG] https://lore.kernel.org:443 "GET /all/?q=f:loemra.dev@gmail.com+d:20260223..20260223&x=A HTTP/1.1" 404 575
01:18:02 Ame [DEBUG] No messages found for loemra.dev@gmail.com on 20260223 (404)
01:18:02 Ame [INFO]   Leo Martins (loemra.dev@gmail.com): 0 messages
01:18:02 Ame [INFO]   Leo Martins: 0 patches, 0 reviews, 0 acks (20260223)
01:18:02 Ame [DEBUG] Fetching messages for loemra.dev@gmail.com from 20260209 to 20260222: https://lore.kernel.org/all/?q=f:loemra.dev@gmail.com+d:20260209..20260222&x=A
01:18:03 Ame [DEBUG] https://lore.kernel.org:443 "GET /all/?q=f:loemra.dev@gmail.com+d:20260209..20260222&x=A HTTP/1.1" 200 None
01:18:03 Ame [DEBUG]   Leo Martins (loemra.dev@gmail.com): 4 patch submissions in last 14 days
01:18:03 Ame [INFO]   Leo Martins: 4 recent patch series to check for activity on 2026-02-23
01:18:03 Ame [DEBUG] Fetching thread: https://lore.kernel.org/r/daa819f56fd49e190b7ed70122ab79ecef690291.1771012202.git.loemra.dev@gmail.com/t.mbox.gz
01:18:03 Ame [DEBUG] https://lore.kernel.org:443 "GET /r/daa819f56fd49e190b7ed70122ab79ecef690291.1771012202.git.loemra.dev@gmail.com/t.mbox.gz HTTP/1.1" 302 138
01:18:04 Ame [DEBUG] https://lore.kernel.org:443 "GET /all/daa819f56fd49e190b7ed70122ab79ecef690291.1771012202.git.loemra.dev@gmail.com/t.mbox.gz HTTP/1.1" 200 None
01:18:04 Ame [DEBUG] Fetching thread: https://lore.kernel.org/r/14139b6aa359a53a1c12119fb84fcbd29227d498.1771012202.git.loemra.dev@gmail.com/t.mbox.gz
01:18:04 Ame [DEBUG] https://lore.kernel.org:443 "GET /r/14139b6aa359a53a1c12119fb84fcbd29227d498.1771012202.git.loemra.dev@gmail.com/t.mbox.gz HTTP/1.1" 302 138
01:18:05 Ame [DEBUG] https://lore.kernel.org:443 "GET /all/14139b6aa359a53a1c12119fb84fcbd29227d498.1771012202.git.loemra.dev@gmail.com/t.mbox.gz HTTP/1.1" 200 None
01:18:05 Ame [DEBUG] Fetching thread: https://lore.kernel.org/r/04eca407999f1db58a4af9f4d88397aa2edd2d3c.1771012202.git.loemra.dev@gmail.com/t.mbox.gz
01:18:05 Ame [DEBUG] https://lore.kernel.org:443 "GET /r/04eca407999f1db58a4af9f4d88397aa2edd2d3c.1771012202.git.loemra.dev@gmail.com/t.mbox.gz HTTP/1.1" 302 138
01:18:06 Ame [DEBUG] https://lore.kernel.org:443 "GET /all/04eca407999f1db58a4af9f4d88397aa2edd2d3c.1771012202.git.loemra.dev@gmail.com/t.mbox.gz HTTP/1.1" 200 None
01:18:06 Ame [DEBUG] Fetching thread: https://lore.kernel.org/r/cover.1771012202.git.loemra.dev@gmail.com/t.mbox.gz
01:18:06 Ame [DEBUG] https://lore.kernel.org:443 "GET /r/cover.1771012202.git.loemra.dev@gmail.com/t.mbox.gz HTTP/1.1" 302 138
01:18:07 Ame [DEBUG] https://lore.kernel.org:443 "GET /all/cover.1771012202.git.loemra.dev@gmail.com/t.mbox.gz HTTP/1.1" 200 None
01:18:07 Ame [INFO] [12/16] Processing Mark Harmstone for 2026-02-23...
01:18:07 Ame [DEBUG] Fetching messages for mark@harmstone.com on 20260223: https://lore.kernel.org/all/?q=f:mark@harmstone.com+d:20260223..20260223&x=A
01:18:08 Ame [DEBUG] https://lore.kernel.org:443 "GET /all/?q=f:mark@harmstone.com+d:20260223..20260223&x=A HTTP/1.1" 404 573
01:18:08 Ame [DEBUG] No messages found for mark@harmstone.com on 20260223 (404)
01:18:08 Ame [INFO]   Mark Harmstone (mark@harmstone.com): 0 messages
01:18:08 Ame [INFO]   Mark Harmstone: 0 patches, 0 reviews, 0 acks (20260223)
01:18:08 Ame [DEBUG] Fetching messages for mark@harmstone.com from 20260209 to 20260222: https://lore.kernel.org/all/?q=f:mark@harmstone.com+d:20260209..20260222&x=A
01:18:09 Ame [DEBUG] https://lore.kernel.org:443 "GET /all/?q=f:mark@harmstone.com+d:20260209..20260222&x=A HTTP/1.1" 200 None
01:18:09 Ame [DEBUG]   Mark Harmstone (mark@harmstone.com): 15 patch submissions in last 14 days
01:18:09 Ame [INFO]   Mark Harmstone: 15 recent patch series to check for activity on 2026-02-23
01:18:09 Ame [DEBUG] Fetching thread: https://lore.kernel.org/r/20260220131002.6269-1-mark@harmstone.com/t.mbox.gz
01:18:09 Ame [DEBUG] https://lore.kernel.org:443 "GET /r/20260220131002.6269-1-mark@harmstone.com/t.mbox.gz HTTP/1.1" 302 138
01:18:10 Ame [DEBUG] https://lore.kernel.org:443 "GET /all/20260220131002.6269-1-mark@harmstone.com/t.mbox.gz HTTP/1.1" 200 None
01:18:10 Ame [DEBUG] Fetching thread: https://lore.kernel.org/r/20260220130209.5020-1-mark@harmstone.com/t.mbox.gz
01:18:10 Ame [DEBUG] https://lore.kernel.org:443 "GET /r/20260220130209.5020-1-mark@harmstone.com/t.mbox.gz HTTP/1.1" 302 138
01:18:11 Ame [DEBUG] https://lore.kernel.org:443 "GET /all/20260220130209.5020-1-mark@harmstone.com/t.mbox.gz HTTP/1.1" 200 None
01:18:11 Ame [DEBUG] Fetching thread: https://lore.kernel.org/r/20260220113013.30254-1-mark@harmstone.com/t.mbox.gz
01:18:11 Ame [DEBUG] https://lore.kernel.org:443 "GET /r/20260220113013.30254-1-mark@harmstone.com/t.mbox.gz HTTP/1.1" 302 138
01:18:12 Ame [DEBUG] https://lore.kernel.org:443 "GET /all/20260220113013.30254-1-mark@harmstone.com/t.mbox.gz HTTP/1.1" 200 None
01:18:12 Ame [DEBUG] Fetching thread: https://lore.kernel.org/r/20260219163313.15888-1-mark@harmstone.com/t.mbox.gz
01:18:12 Ame [DEBUG] https://lore.kernel.org:443 "GET /r/20260219163313.15888-1-mark@harmstone.com/t.mbox.gz HTTP/1.1" 302 138
01:18:13 Ame [DEBUG] https://lore.kernel.org:443 "GET /all/20260219163313.15888-1-mark@harmstone.com/t.mbox.gz HTTP/1.1" 200 None
01:18:13 Ame [DEBUG] Fetching thread: https://lore.kernel.org/r/20260219162151.5567-1-mark@harmstone.com/t.mbox.gz
01:18:13 Ame [DEBUG] https://lore.kernel.org:443 "GET /r/20260219162151.5567-1-mark@harmstone.com/t.mbox.gz HTTP/1.1" 302 138
01:18:14 Ame [DEBUG] https://lore.kernel.org:443 "GET /all/20260219162151.5567-1-mark@harmstone.com/t.mbox.gz HTTP/1.1" 200 None
01:18:14 Ame [DEBUG] Fetching thread: https://lore.kernel.org/r/20260218143334.25014-1-mark@harmstone.com/t.mbox.gz
01:18:14 Ame [DEBUG] https://lore.kernel.org:443 "GET /r/20260218143334.25014-1-mark@harmstone.com/t.mbox.gz HTTP/1.1" 302 138
01:18:15 Ame [DEBUG] https://lore.kernel.org:443 "GET /all/20260218143334.25014-1-mark@harmstone.com/t.mbox.gz HTTP/1.1" 200 None
01:18:15 Ame [DEBUG] Fetching thread: https://lore.kernel.org/r/20260218130006.9563-1-mark@harmstone.com/t.mbox.gz
01:18:15 Ame [DEBUG] https://lore.kernel.org:443 "GET /r/20260218130006.9563-1-mark@harmstone.com/t.mbox.gz HTTP/1.1" 302 138
01:18:16 Ame [DEBUG] https://lore.kernel.org:443 "GET /all/20260218130006.9563-1-mark@harmstone.com/t.mbox.gz HTTP/1.1" 200 None
01:18:16 Ame [DEBUG] Fetching thread: https://lore.kernel.org/r/20260218120322.327-1-mark@harmstone.com/t.mbox.gz
01:18:16 Ame [DEBUG] https://lore.kernel.org:443 "GET /r/20260218120322.327-1-mark@harmstone.com/t.mbox.gz HTTP/1.1" 302 138
01:18:17 Ame [DEBUG] https://lore.kernel.org:443 "GET /all/20260218120322.327-1-mark@harmstone.com/t.mbox.gz HTTP/1.1" 200 None
01:18:17 Ame [DEBUG] Fetching thread: https://lore.kernel.org/r/20260218111346.31243-1-mark@harmstone.com/t.mbox.gz
01:18:17 Ame [DEBUG] https://lore.kernel.org:443 "GET /r/20260218111346.31243-1-mark@harmstone.com/t.mbox.gz HTTP/1.1" 302 138
01:18:18 Ame [DEBUG] https://lore.kernel.org:443 "GET /all/20260218111346.31243-1-mark@harmstone.com/t.mbox.gz HTTP/1.1" 200 None
01:18:18 Ame [DEBUG]   ONGOING: [PATCH] btrfs: fix error messages in btrfs_check_features()
01:18:18 Ame [DEBUG] Fetching thread: https://lore.kernel.org/r/20260217190238.22006-1-mark@harmstone.com/t.mbox.gz
01:18:18 Ame [DEBUG] https://lore.kernel.org:443 "GET /r/20260217190238.22006-1-mark@harmstone.com/t.mbox.gz HTTP/1.1" 302 138
01:18:19 Ame [DEBUG] https://lore.kernel.org:443 "GET /all/20260217190238.22006-1-mark@harmstone.com/t.mbox.gz HTTP/1.1" 200 None
01:18:19 Ame [DEBUG] Fetching thread: https://lore.kernel.org/r/20260217185335.21013-1-mark@harmstone.com/t.mbox.gz
01:18:19 Ame [DEBUG] https://lore.kernel.org:443 "GET /r/20260217185335.21013-1-mark@harmstone.com/t.mbox.gz HTTP/1.1" 302 138
01:18:20 Ame [DEBUG] https://lore.kernel.org:443 "GET /all/20260217185335.21013-1-mark@harmstone.com/t.mbox.gz HTTP/1.1" 200 None
01:18:20 Ame [DEBUG] Fetching thread: https://lore.kernel.org/r/20260217182553.18091-1-mark@harmstone.com/t.mbox.gz
01:18:20 Ame [DEBUG] https://lore.kernel.org:443 "GET /r/20260217182553.18091-1-mark@harmstone.com/t.mbox.gz HTTP/1.1" 302 138
01:18:21 Ame [DEBUG] https://lore.kernel.org:443 "GET /all/20260217182553.18091-1-mark@harmstone.com/t.mbox.gz HTTP/1.1" 200 None
01:18:21 Ame [DEBUG] Fetching thread: https://lore.kernel.org/r/20260217180933.15805-1-mark@harmstone.com/t.mbox.gz
01:18:22 Ame [DEBUG] https://lore.kernel.org:443 "GET /r/20260217180933.15805-1-mark@harmstone.com/t.mbox.gz HTTP/1.1" 302 138
01:18:22 Ame [DEBUG] https://lore.kernel.org:443 "GET /all/20260217180933.15805-1-mark@harmstone.com/t.mbox.gz HTTP/1.1" 200 None
01:18:22 Ame [DEBUG] Fetching thread: https://lore.kernel.org/r/20260217103419.19609-1-mark@harmstone.com/t.mbox.gz
01:18:22 Ame [DEBUG] https://lore.kernel.org:443 "GET /r/20260217103419.19609-1-mark@harmstone.com/t.mbox.gz HTTP/1.1" 302 138
01:18:23 Ame [DEBUG] https://lore.kernel.org:443 "GET /all/20260217103419.19609-1-mark@harmstone.com/t.mbox.gz HTTP/1.1" 200 None
01:18:23 Ame [DEBUG] Fetching thread: https://lore.kernel.org/r/20260209181043.27364-1-mark@harmstone.com/t.mbox.gz
01:18:23 Ame [DEBUG] https://lore.kernel.org:443 "GET /r/20260209181043.27364-1-mark@harmstone.com/t.mbox.gz HTTP/1.1" 302 138
01:18:24 Ame [DEBUG] https://lore.kernel.org:443 "GET /all/20260209181043.27364-1-mark@harmstone.com/t.mbox.gz HTTP/1.1" 200 None
01:18:24 Ame [INFO]   Mark Harmstone: 1 ongoing patches with activity on 2026-02-23
01:18:24 Ame [INFO]   [1/1] [PATCH] btrfs: fix error messages in btrfs_check_features()
01:18:24 Ame [INFO] [13/16] Processing Nhat Pham for 2026-02-23...
01:18:24 Ame [DEBUG] Fetching messages for nphamcs@gmail.com on 20260223: https://lore.kernel.org/all/?q=f:nphamcs@gmail.com+d:20260223..20260223&x=A
01:18:25 Ame [DEBUG] https://lore.kernel.org:443 "GET /all/?q=f:nphamcs@gmail.com+d:20260223..20260223&x=A HTTP/1.1" 200 None
01:18:25 Ame [INFO]   Nhat Pham (nphamcs@gmail.com): 2 messages
01:18:25 Ame [DEBUG] Fetching messages for hoangnhat.pham@linux.dev on 20260223: https://lore.kernel.org/all/?q=f:hoangnhat.pham@linux.dev+d:20260223..20260223&x=A
01:18:25 Ame [DEBUG] https://lore.kernel.org:443 "GET /all/?q=f:hoangnhat.pham@linux.dev+d:20260223..20260223&x=A HTTP/1.1" 404 579
01:18:25 Ame [DEBUG] No messages found for hoangnhat.pham@linux.dev on 20260223 (404)
01:18:25 Ame [INFO]   Nhat Pham (hoangnhat.pham@linux.dev): 0 messages
01:18:25 Ame [DEBUG] Fetching raw message: https://lore.kernel.org/r/CAKEwX=O4ishgvhhZ1ssgbDUQewFamkyFT-uCpEWecWfe8SzwGg@mail.gmail.com/raw
01:18:26 Ame [DEBUG] https://lore.kernel.org:443 "GET /r/CAKEwX=O4ishgvhhZ1ssgbDUQewFamkyFT-uCpEWecWfe8SzwGg@mail.gmail.com/raw HTTP/1.1" 302 138
01:18:27 Ame [DEBUG] https://lore.kernel.org:443 "GET /all/CAKEwX=O4ishgvhhZ1ssgbDUQewFamkyFT-uCpEWecWfe8SzwGg@mail.gmail.com/raw HTTP/1.1" 200 None
01:18:27 Ame [DEBUG] REVIEW: Re: [LSF/MM/BPF TOPIC] Swap status and roadmap discussion
01:18:27 Ame [DEBUG] Fetching raw message: https://lore.kernel.org/r/CAKEwX=OaDKQwanaYm=Mt+mWAKjaqXPdiScF6NB=TZYx1B-Xo8w@mail.gmail.com/raw
01:18:27 Ame [DEBUG] https://lore.kernel.org:443 "GET /r/CAKEwX=OaDKQwanaYm=Mt+mWAKjaqXPdiScF6NB=TZYx1B-Xo8w@mail.gmail.com/raw HTTP/1.1" 302 138
01:18:28 Ame [DEBUG] https://lore.kernel.org:443 "GET /all/CAKEwX=OaDKQwanaYm=Mt+mWAKjaqXPdiScF6NB=TZYx1B-Xo8w@mail.gmail.com/raw HTTP/1.1" 200 None
01:18:28 Ame [DEBUG] REVIEW: Re: [PATCH RFC 00/15] mm, swap: swap table phase IV with dynamic ghost swapfile
01:18:28 Ame [INFO]   Nhat Pham: 0 patches, 2 reviews, 0 acks (20260223)
01:18:28 Ame [DEBUG] Fetching messages for nphamcs@gmail.com from 20260209 to 20260222: https://lore.kernel.org/all/?q=f:nphamcs@gmail.com+d:20260209..20260222&x=A
01:18:29 Ame [DEBUG] https://lore.kernel.org:443 "GET /all/?q=f:nphamcs@gmail.com+d:20260209..20260222&x=A HTTP/1.1" 200 None
01:18:29 Ame [DEBUG]   Nhat Pham (nphamcs@gmail.com): 1 patch submissions in last 14 days
01:18:29 Ame [DEBUG] Fetching messages for hoangnhat.pham@linux.dev from 20260209 to 20260222: https://lore.kernel.org/all/?q=f:hoangnhat.pham@linux.dev+d:20260209..20260222&x=A
01:18:29 Ame [DEBUG] https://lore.kernel.org:443 "GET /all/?q=f:hoangnhat.pham@linux.dev+d:20260209..20260222&x=A HTTP/1.1" 404 580
01:18:29 Ame [DEBUG] No messages found for hoangnhat.pham@linux.dev in range 20260209..20260222 (404)
01:18:29 Ame [DEBUG]   Nhat Pham (hoangnhat.pham@linux.dev): 0 patch submissions in last 14 days
01:18:29 Ame [INFO]   Nhat Pham: 1 recent patch series to check for activity on 2026-02-23
01:18:29 Ame [DEBUG] Fetching thread: https://lore.kernel.org/r/20260220210539.989603-1-nphamcs@gmail.com/t.mbox.gz
01:18:30 Ame [DEBUG] https://lore.kernel.org:443 "GET /r/20260220210539.989603-1-nphamcs@gmail.com/t.mbox.gz HTTP/1.1" 302 138
01:18:31 Ame [DEBUG] https://lore.kernel.org:443 "GET /all/20260220210539.989603-1-nphamcs@gmail.com/t.mbox.gz HTTP/1.1" 200 None
01:18:32 Ame [INFO]   [1/2] Re: [LSF/MM/BPF TOPIC] Swap status and roadmap discussion
01:18:32 Ame [DEBUG] Fetching thread: https://lore.kernel.org/r/CAKEwX=O4ishgvhhZ1ssgbDUQewFamkyFT-uCpEWecWfe8SzwGg@mail.gmail.com/t.mbox.gz
01:18:32 Ame [DEBUG] https://lore.kernel.org:443 "GET /r/CAKEwX=O4ishgvhhZ1ssgbDUQewFamkyFT-uCpEWecWfe8SzwGg@mail.gmail.com/t.mbox.gz HTTP/1.1" 302 138
01:18:32 Ame [DEBUG] https://lore.kernel.org:443 "GET /all/CAKEwX=O4ishgvhhZ1ssgbDUQewFamkyFT-uCpEWecWfe8SzwGg@mail.gmail.com/t.mbox.gz HTTP/1.1" 200 None
01:18:32 Ame [INFO]   [2/2] Re: [PATCH RFC 00/15] mm, swap: swap table phase IV with dynamic ghost…
01:18:32 Ame [DEBUG] Fetching thread: https://lore.kernel.org/r/CAKEwX=OaDKQwanaYm=Mt+mWAKjaqXPdiScF6NB=TZYx1B-Xo8w@mail.gmail.com/t.mbox.gz
01:18:33 Ame [DEBUG] https://lore.kernel.org:443 "GET /r/CAKEwX=OaDKQwanaYm=Mt+mWAKjaqXPdiScF6NB=TZYx1B-Xo8w@mail.gmail.com/t.mbox.gz HTTP/1.1" 302 138
01:18:33 Ame [DEBUG] https://lore.kernel.org:443 "GET /all/CAKEwX=OaDKQwanaYm=Mt+mWAKjaqXPdiScF6NB=TZYx1B-Xo8w@mail.gmail.com/t.mbox.gz HTTP/1.1" 200 None
01:18:33 Ame [INFO] [14/16] Processing Rik van Riel for 2026-02-23...
01:18:33 Ame [DEBUG] Fetching messages for riel@surriel.com on 20260223: https://lore.kernel.org/all/?q=f:riel@surriel.com+d:20260223..20260223&x=A
01:18:34 Ame [DEBUG] https://lore.kernel.org:443 "GET /all/?q=f:riel@surriel.com+d:20260223..20260223&x=A HTTP/1.1" 404 570
01:18:34 Ame [DEBUG] No messages found for riel@surriel.com on 20260223 (404)
01:18:34 Ame [INFO]   Rik van Riel (riel@surriel.com): 0 messages
01:18:34 Ame [DEBUG] Fetching messages for riel@redhat.com on 20260223: https://lore.kernel.org/all/?q=f:riel@redhat.com+d:20260223..20260223&x=A
01:18:35 Ame [DEBUG] https://lore.kernel.org:443 "GET /all/?q=f:riel@redhat.com+d:20260223..20260223&x=A HTTP/1.1" 404 570
01:18:35 Ame [DEBUG] No messages found for riel@redhat.com on 20260223 (404)
01:18:35 Ame [INFO]   Rik van Riel (riel@redhat.com): 0 messages
01:18:35 Ame [INFO]   Rik van Riel: 0 patches, 0 reviews, 0 acks (20260223)
01:18:35 Ame [DEBUG] Fetching messages for riel@surriel.com from 20260209 to 20260222: https://lore.kernel.org/all/?q=f:riel@surriel.com+d:20260209..20260222&x=A
01:18:36 Ame [DEBUG] https://lore.kernel.org:443 "GET /all/?q=f:riel@surriel.com+d:20260209..20260222&x=A HTTP/1.1" 200 None
01:18:36 Ame [DEBUG]   Rik van Riel (riel@surriel.com): 0 patch submissions in last 14 days
01:18:36 Ame [DEBUG] Fetching messages for riel@redhat.com from 20260209 to 20260222: https://lore.kernel.org/all/?q=f:riel@redhat.com+d:20260209..20260222&x=A
01:18:37 Ame [DEBUG] https://lore.kernel.org:443 "GET /all/?q=f:riel@redhat.com+d:20260209..20260222&x=A HTTP/1.1" 404 571
01:18:37 Ame [DEBUG] No messages found for riel@redhat.com in range 20260209..20260222 (404)
01:18:37 Ame [DEBUG]   Rik van Riel (riel@redhat.com): 0 patch submissions in last 14 days
01:18:37 Ame [INFO] [15/16] Processing Shakeel Butt for 2026-02-23...
01:18:37 Ame [DEBUG] Fetching messages for shakeel.butt@linux.dev on 20260223: https://lore.kernel.org/all/?q=f:shakeel.butt@linux.dev+d:20260223..20260223&x=A
01:18:38 Ame [DEBUG] https://lore.kernel.org:443 "GET /all/?q=f:shakeel.butt@linux.dev+d:20260223..20260223&x=A HTTP/1.1" 200 None
01:18:38 Ame [INFO]   Shakeel Butt (shakeel.butt@linux.dev): 7 messages
01:18:38 Ame [DEBUG] Fetching messages for shakeelb@google.com on 20260223: https://lore.kernel.org/all/?q=f:shakeelb@google.com+d:20260223..20260223&x=A
01:18:39 Ame [DEBUG] https://lore.kernel.org:443 "GET /all/?q=f:shakeelb@google.com+d:20260223..20260223&x=A HTTP/1.1" 404 574
01:18:39 Ame [DEBUG] No messages found for shakeelb@google.com on 20260223 (404)
01:18:39 Ame [INFO]   Shakeel Butt (shakeelb@google.com): 0 messages
01:18:39 Ame [DEBUG] Fetching raw message: https://lore.kernel.org/r/aZzicQS19G_WeL-J@linux.dev/raw
01:18:40 Ame [DEBUG] https://lore.kernel.org:443 "GET /r/aZzicQS19G_WeL-J@linux.dev/raw HTTP/1.1" 302 138
01:18:40 Ame [DEBUG] https://lore.kernel.org:443 "GET /all/aZzicQS19G_WeL-J@linux.dev/raw HTTP/1.1" 200 None
01:18:40 Ame [DEBUG] ACK (Acked-by): Re: [PATCH 2/4] mm: convert zone lock users to wrappers
01:18:40 Ame [DEBUG] Fetching raw message: https://lore.kernel.org/r/aZzWNM06gNYKDoQW@linux.dev/raw
01:18:41 Ame [DEBUG] https://lore.kernel.org:443 "GET /r/aZzWNM06gNYKDoQW@linux.dev/raw HTTP/1.1" 302 138
01:18:41 Ame [DEBUG] https://lore.kernel.org:443 "GET /all/aZzWNM06gNYKDoQW@linux.dev/raw HTTP/1.1" 200 None
01:18:41 Ame [DEBUG] REVIEW: Re: [PATCH 1/4] mm: introduce zone lock wrappers
01:18:41 Ame [DEBUG] Fetching raw message: https://lore.kernel.org/r/aZy3O2qcULFDoDU1@linux.dev/raw
01:18:42 Ame [DEBUG] https://lore.kernel.org:443 "GET /r/aZy3O2qcULFDoDU1@linux.dev/raw HTTP/1.1" 302 138
01:18:42 Ame [DEBUG] https://lore.kernel.org:443 "GET /all/aZy3O2qcULFDoDU1@linux.dev/raw HTTP/1.1" 200 None
01:18:42 Ame [DEBUG] ACK (Reviewed-by): Re: [PATCH] mm/slab: initialize slab->stride early to avoid memory ordering issues
01:18:42 Ame [DEBUG] Fetching raw message: https://lore.kernel.org/r/aZys_tvQinYNNpOk@linux.dev/raw
01:18:43 Ame [DEBUG] https://lore.kernel.org:443 "GET /r/aZys_tvQinYNNpOk@linux.dev/raw HTTP/1.1" 302 138
01:18:43 Ame [DEBUG] https://lore.kernel.org:443 "GET /all/aZys_tvQinYNNpOk@linux.dev/raw HTTP/1.1" 200 None
01:18:43 Ame [DEBUG] REVIEW: Re: [PATCH v7 3/3] mm: vmscan: add PIDs to vmscan tracepoints
01:18:43 Ame [DEBUG] Fetching raw message: https://lore.kernel.org/r/aZyrkRDJpHh8ZnCW@linux.dev/raw
01:18:44 Ame [DEBUG] https://lore.kernel.org:443 "GET /r/aZyrkRDJpHh8ZnCW@linux.dev/raw HTTP/1.1" 302 138
01:18:44 Ame [DEBUG] https://lore.kernel.org:443 "GET /all/aZyrkRDJpHh8ZnCW@linux.dev/raw HTTP/1.1" 200 None
01:18:44 Ame [DEBUG] ACK (Acked-by): Re: [PATCH v7 2/3] mm: vmscan: add cgroup IDs to vmscan tracepoints
01:18:44 Ame [DEBUG] Fetching raw message: https://lore.kernel.org/r/aZyrZ5c4dk_eshGM@linux.dev/raw
01:18:45 Ame [DEBUG] https://lore.kernel.org:443 "GET /r/aZyrZ5c4dk_eshGM@linux.dev/raw HTTP/1.1" 302 138
01:18:45 Ame [DEBUG] https://lore.kernel.org:443 "GET /all/aZyrZ5c4dk_eshGM@linux.dev/raw HTTP/1.1" 200 None
01:18:45 Ame [DEBUG] ACK (Reviewed-by): Re: [PATCH v7 1/3] tracing: Add __event_in_*irq() helpers
01:18:45 Ame [DEBUG] Fetching raw message: https://lore.kernel.org/r/aZvX0HZy1PDylL8A@linux.dev/raw
01:18:46 Ame [DEBUG] https://lore.kernel.org:443 "GET /r/aZvX0HZy1PDylL8A@linux.dev/raw HTTP/1.1" 302 138
01:18:46 Ame [DEBUG] https://lore.kernel.org:443 "GET /all/aZvX0HZy1PDylL8A@linux.dev/raw HTTP/1.1" 200 None
01:18:46 Ame [DEBUG] REVIEW: Re: [RFC PATCH v2 0/5] mm/swap, memcg: Introduce swap tiers for cgroup based swap control
01:18:46 Ame [INFO]   Shakeel Butt: 0 patches, 3 reviews, 4 acks (20260223)
01:18:46 Ame [DEBUG] Fetching messages for shakeel.butt@linux.dev from 20260209 to 20260222: https://lore.kernel.org/all/?q=f:shakeel.butt@linux.dev+d:20260209..20260222&x=A
01:18:47 Ame [DEBUG] https://lore.kernel.org:443 "GET /all/?q=f:shakeel.butt@linux.dev+d:20260209..20260222&x=A HTTP/1.1" 200 None
01:18:47 Ame [DEBUG]   Shakeel Butt (shakeel.butt@linux.dev): 0 patch submissions in last 14 days
01:18:47 Ame [DEBUG] Fetching messages for shakeelb@google.com from 20260209 to 20260222: https://lore.kernel.org/all/?q=f:shakeelb@google.com+d:20260209..20260222&x=A
01:18:48 Ame [DEBUG] https://lore.kernel.org:443 "GET /all/?q=f:shakeelb@google.com+d:20260209..20260222&x=A HTTP/1.1" 404 574
01:18:48 Ame [DEBUG] No messages found for shakeelb@google.com in range 20260209..20260222 (404)
01:18:48 Ame [DEBUG]   Shakeel Butt (shakeelb@google.com): 0 patch submissions in last 14 days
01:18:48 Ame [INFO]   [1/7] Re: [PATCH 1/4] mm: introduce zone lock wrappers
01:18:48 Ame [DEBUG] Fetching thread: https://lore.kernel.org/r/aZzWNM06gNYKDoQW@linux.dev/t.mbox.gz
01:18:49 Ame [DEBUG] https://lore.kernel.org:443 "GET /r/aZzWNM06gNYKDoQW@linux.dev/t.mbox.gz HTTP/1.1" 302 138
01:18:49 Ame [DEBUG] https://lore.kernel.org:443 "GET /all/aZzWNM06gNYKDoQW@linux.dev/t.mbox.gz HTTP/1.1" 200 None
01:18:49 Ame [INFO]   [2/7] Re: [PATCH v7 3/3] mm: vmscan: add PIDs to vmscan tracepoints
01:18:49 Ame [DEBUG] Fetching thread: https://lore.kernel.org/r/aZys_tvQinYNNpOk@linux.dev/t.mbox.gz
01:18:50 Ame [DEBUG] https://lore.kernel.org:443 "GET /r/aZys_tvQinYNNpOk@linux.dev/t.mbox.gz HTTP/1.1" 302 138
01:18:50 Ame [DEBUG] https://lore.kernel.org:443 "GET /all/aZys_tvQinYNNpOk@linux.dev/t.mbox.gz HTTP/1.1" 200 None
01:18:50 Ame [INFO]   [3/7] Re: [RFC PATCH v2 0/5] mm/swap, memcg: Introduce swap tiers for cgroup…
01:18:50 Ame [DEBUG] Fetching thread: https://lore.kernel.org/r/aZvX0HZy1PDylL8A@linux.dev/t.mbox.gz
01:18:51 Ame [DEBUG] https://lore.kernel.org:443 "GET /r/aZvX0HZy1PDylL8A@linux.dev/t.mbox.gz HTTP/1.1" 302 138
01:18:51 Ame [DEBUG] https://lore.kernel.org:443 "GET /all/aZvX0HZy1PDylL8A@linux.dev/t.mbox.gz HTTP/1.1" 200 None
01:18:51 Ame [INFO]   [4/7] Re: [PATCH 2/4] mm: convert zone lock users to wrappers
01:18:51 Ame [DEBUG] Fetching thread: https://lore.kernel.org/r/aZzicQS19G_WeL-J@linux.dev/t.mbox.gz
01:18:52 Ame [DEBUG] https://lore.kernel.org:443 "GET /r/aZzicQS19G_WeL-J@linux.dev/t.mbox.gz HTTP/1.1" 302 138
01:18:52 Ame [DEBUG] https://lore.kernel.org:443 "GET /all/aZzicQS19G_WeL-J@linux.dev/t.mbox.gz HTTP/1.1" 200 None
01:18:52 Ame [INFO]   [5/7] Re: [PATCH] mm/slab: initialize slab->stride early to avoid memory ord…
01:18:52 Ame [DEBUG] Fetching thread: https://lore.kernel.org/r/aZy3O2qcULFDoDU1@linux.dev/t.mbox.gz
01:18:53 Ame [DEBUG] https://lore.kernel.org:443 "GET /r/aZy3O2qcULFDoDU1@linux.dev/t.mbox.gz HTTP/1.1" 302 138
01:18:53 Ame [DEBUG] https://lore.kernel.org:443 "GET /all/aZy3O2qcULFDoDU1@linux.dev/t.mbox.gz HTTP/1.1" 200 None
01:18:53 Ame [INFO]   [6/7] Re: [PATCH v7 2/3] mm: vmscan: add cgroup IDs to vmscan tracepoints
01:18:53 Ame [DEBUG] Fetching thread: https://lore.kernel.org/r/aZyrkRDJpHh8ZnCW@linux.dev/t.mbox.gz
01:18:54 Ame [DEBUG] https://lore.kernel.org:443 "GET /r/aZyrkRDJpHh8ZnCW@linux.dev/t.mbox.gz HTTP/1.1" 302 138
01:18:54 Ame [DEBUG] https://lore.kernel.org:443 "GET /all/aZyrkRDJpHh8ZnCW@linux.dev/t.mbox.gz HTTP/1.1" 200 None
01:18:54 Ame [INFO]   [7/7] Re: [PATCH v7 1/3] tracing: Add __event_in_*irq() helpers
01:18:54 Ame [DEBUG] Fetching thread: https://lore.kernel.org/r/aZyrZ5c4dk_eshGM@linux.dev/t.mbox.gz
01:18:55 Ame [DEBUG] https://lore.kernel.org:443 "GET /r/aZyrZ5c4dk_eshGM@linux.dev/t.mbox.gz HTTP/1.1" 302 138
01:18:55 Ame [DEBUG] https://lore.kernel.org:443 "GET /all/aZyrZ5c4dk_eshGM@linux.dev/t.mbox.gz HTTP/1.1" 200 None
01:18:55 Ame [INFO] [16/16] Processing Usama Arif for 2026-02-23...
01:18:55 Ame [DEBUG] Fetching messages for usama.arif@linux.dev on 20260223: https://lore.kernel.org/all/?q=f:usama.arif@linux.dev+d:20260223..20260223&x=A
01:18:56 Ame [DEBUG] https://lore.kernel.org:443 "GET /all/?q=f:usama.arif@linux.dev+d:20260223..20260223&x=A HTTP/1.1" 200 None
01:18:56 Ame [INFO]   Usama Arif (usama.arif@linux.dev): 1 messages
01:18:56 Ame [DEBUG] Fetching messages for usama.arif@bytedance.com on 20260223: https://lore.kernel.org/all/?q=f:usama.arif@bytedance.com+d:20260223..20260223&x=A
01:18:57 Ame [DEBUG] https://lore.kernel.org:443 "GET /all/?q=f:usama.arif@bytedance.com+d:20260223..20260223&x=A HTTP/1.1" 404 579
01:18:57 Ame [DEBUG] No messages found for usama.arif@bytedance.com on 20260223 (404)
01:18:57 Ame [INFO]   Usama Arif (usama.arif@bytedance.com): 0 messages
01:18:57 Ame [DEBUG] Fetching raw message: https://lore.kernel.org/r/20260223144507.3065618-1-usama.arif@linux.dev/raw
01:18:58 Ame [DEBUG] https://lore.kernel.org:443 "GET /r/20260223144507.3065618-1-usama.arif@linux.dev/raw HTTP/1.1" 302 138
01:18:58 Ame [DEBUG] https://lore.kernel.org:443 "GET /all/20260223144507.3065618-1-usama.arif@linux.dev/raw HTTP/1.1" 200 None
01:18:58 Ame [DEBUG] REVIEW: Re: [PATCH v1 01/11] relay: zero page->private when freeing pages
01:18:58 Ame [INFO]   Usama Arif: 0 patches, 1 reviews, 0 acks (20260223)
01:18:58 Ame [DEBUG] Fetching messages for usama.arif@linux.dev from 20260209 to 20260222: https://lore.kernel.org/all/?q=f:usama.arif@linux.dev+d:20260209..20260222&x=A
01:18:59 Ame [DEBUG] https://lore.kernel.org:443 "GET /all/?q=f:usama.arif@linux.dev+d:20260209..20260222&x=A HTTP/1.1" 200 None
01:18:59 Ame [DEBUG]   Usama Arif (usama.arif@linux.dev): 0 patch submissions in last 14 days
01:18:59 Ame [DEBUG] Fetching messages for usama.arif@bytedance.com from 20260209 to 20260222: https://lore.kernel.org/all/?q=f:usama.arif@bytedance.com+d:20260209..20260222&x=A
01:19:00 Ame [DEBUG] https://lore.kernel.org:443 "GET /all/?q=f:usama.arif@bytedance.com+d:20260209..20260222&x=A HTTP/1.1" 404 579
01:19:00 Ame [DEBUG] No messages found for usama.arif@bytedance.com in range 20260209..20260222 (404)
01:19:00 Ame [DEBUG]   Usama Arif (usama.arif@bytedance.com): 0 patch submissions in last 14 days
01:19:00 Ame [INFO]   [1/1] Re: [PATCH v1 01/11] relay: zero page->private when freeing pages
01:19:00 Ame [DEBUG] Fetching thread: https://lore.kernel.org/r/20260223144507.3065618-1-usama.arif@linux.dev/t.mbox.gz
01:19:01 Ame [DEBUG] https://lore.kernel.org:443 "GET /r/20260223144507.3065618-1-usama.arif@linux.dev/t.mbox.gz HTTP/1.1" 302 138
01:19:01 Ame [DEBUG] https://lore.kernel.org:443 "GET /all/20260223144507.3065618-1-usama.arif@linux.dev/t.mbox.gz HTTP/1.1" 200 None
01:19:01 Ame [INFO] Saved review data for 30 patchsets to reports\reviews
01:19:01 Ame [DEBUG] Saved daily summary: reports\daily\2026-02-23.json
01:19:01 Ame [INFO] Report generated: reports\2026-02-23.html (18 patches, 26 reviews, 7 acks in 162.1s)
01:19:01 Ame [INFO] Report generation complete: 2026-02-23
