19:41:01 ric [INFO] Generating report for 2026-03-11
19:41:01 ric [INFO] Log file: reports\logs\2026-03-11.log
19:41:02 ric [INFO] [1/16] Processing Alexandre Ghiti for 2026-03-11...
19:41:02 ric [DEBUG] Fetching messages for alexghiti@rivosinc.com on 20260311: https://lore.kernel.org/all/?q=f:alexghiti@rivosinc.com+d:20260311..20260311&x=A
19:41:02 ric [DEBUG] Starting new HTTPS connection (1): lore.kernel.org:443
19:41:03 ric [DEBUG] https://lore.kernel.org:443 "GET /all/?q=f:alexghiti@rivosinc.com+d:20260311..20260311&x=A HTTP/1.1" 404 577
19:41:03 ric [DEBUG] No messages found for alexghiti@rivosinc.com on 20260311 (404)
19:41:03 ric [INFO]   Alexandre Ghiti (alexghiti@rivosinc.com): 0 messages
19:41:03 ric [DEBUG] Fetching messages for alex@ghiti.fr on 20260311: https://lore.kernel.org/all/?q=f:alex@ghiti.fr+d:20260311..20260311&x=A
19:41:04 ric [DEBUG] https://lore.kernel.org:443 "GET /all/?q=f:alex@ghiti.fr+d:20260311..20260311&x=A HTTP/1.1" 200 None
19:41:04 ric [INFO]   Alexandre Ghiti (alex@ghiti.fr): 5 messages
19:41:04 ric [DEBUG] PATCH: [PATCH 4/4] mm: Fix demotion gfp by preserving initial gfp reclaim policy
19:41:04 ric [DEBUG] PATCH: [PATCH 3/4] mm: Fix demotion gfp by clearing GFP_RECLAIM after setting GFP_TRANSHUGE
19:41:04 ric [DEBUG] PATCH: [PATCH 2/4] mm: Rename node_get_allowed_targets() to make it more explicit
19:41:04 ric [DEBUG] PATCH: [PATCH 1/4] mm: Move demotion related functions in memory-tiers.c
19:41:04 ric [DEBUG] PATCH: [PATCH 0/4] Demotion cleanup and fixes
19:41:04 ric [INFO]   Alexandre Ghiti: 1 patches, 0 reviews, 0 acks (20260311)
19:41:04 ric [DEBUG] Fetching messages for alexghiti@rivosinc.com from 20260225 to 20260310: https://lore.kernel.org/all/?q=f:alexghiti@rivosinc.com+d:20260225..20260310&x=A
19:41:05 ric [DEBUG] https://lore.kernel.org:443 "GET /all/?q=f:alexghiti@rivosinc.com+d:20260225..20260310&x=A HTTP/1.1" 404 579
19:41:05 ric [DEBUG] No messages found for alexghiti@rivosinc.com in range 20260225..20260310 (404)
19:41:05 ric [DEBUG]   Alexandre Ghiti (alexghiti@rivosinc.com): 0 patch submissions in last 14 days
19:41:05 ric [DEBUG] Fetching messages for alex@ghiti.fr from 20260225 to 20260310: https://lore.kernel.org/all/?q=f:alex@ghiti.fr+d:20260225..20260310&x=A
19:41:06 ric [DEBUG] https://lore.kernel.org:443 "GET /all/?q=f:alex@ghiti.fr+d:20260225..20260310&x=A HTTP/1.1" 404 572
19:41:06 ric [DEBUG] No messages found for alex@ghiti.fr in range 20260225..20260310 (404)
19:41:06 ric [DEBUG]   Alexandre Ghiti (alex@ghiti.fr): 0 patch submissions in last 14 days
19:41:06 ric [INFO]   [1/5] [PATCH 0/4] Demotion cleanup and fixes
19:41:06 ric [DEBUG] Fetching thread: https://lore.kernel.org/r/20260311110314.237315-1-alex@ghiti.fr/t.mbox.gz
19:41:06 ric [DEBUG] https://lore.kernel.org:443 "GET /r/20260311110314.237315-1-alex@ghiti.fr/t.mbox.gz HTTP/1.1" 302 138
19:41:06 ric [DEBUG] https://lore.kernel.org:443 "GET /all/20260311110314.237315-1-alex@ghiti.fr/t.mbox.gz HTTP/1.1" 200 None
19:41:07 ric [INFO]   [2/5] [PATCH 1/4] mm: Move demotion related functions in memory-tiers.c
19:41:07 ric [INFO]   [3/5] [PATCH 2/4] mm: Rename node_get_allowed_targets() to make it more expl…
19:41:07 ric [INFO]   [4/5] [PATCH 3/4] mm: Fix demotion gfp by clearing GFP_RECLAIM after setting…
19:41:07 ric [INFO]   [5/5] [PATCH 4/4] mm: Fix demotion gfp by preserving initial gfp reclaim pol…
19:41:07 ric [INFO] [2/16] Processing Boris Burkov for 2026-03-11...
19:41:07 ric [DEBUG] Fetching messages for boris@bur.io on 20260311: https://lore.kernel.org/all/?q=f:boris@bur.io+d:20260311..20260311&x=A
19:41:08 ric [DEBUG] https://lore.kernel.org:443 "GET /all/?q=f:boris@bur.io+d:20260311..20260311&x=A HTTP/1.1" 404 569
19:41:08 ric [DEBUG] No messages found for boris@bur.io on 20260311 (404)
19:41:08 ric [INFO]   Boris Burkov (boris@bur.io): 0 messages
19:41:08 ric [INFO]   Boris Burkov: 0 patches, 0 reviews, 0 acks (20260311)
19:41:08 ric [DEBUG] Fetching messages for boris@bur.io from 20260225 to 20260310: https://lore.kernel.org/all/?q=f:boris@bur.io+d:20260225..20260310&x=A
19:41:09 ric [DEBUG] https://lore.kernel.org:443 "GET /all/?q=f:boris@bur.io+d:20260225..20260310&x=A HTTP/1.1" 200 None
19:41:09 ric [DEBUG]   Boris Burkov (boris@bur.io): 0 patch submissions in last 14 days
19:41:09 ric [INFO] [3/16] Processing Dmitry Ilvokhin for 2026-03-11...
19:41:09 ric [DEBUG] Fetching messages for d@ilvokhin.com on 20260311: https://lore.kernel.org/all/?q=f:d@ilvokhin.com+d:20260311..20260311&x=A
19:41:10 ric [DEBUG] https://lore.kernel.org:443 "GET /all/?q=f:d@ilvokhin.com+d:20260311..20260311&x=A HTTP/1.1" 404 570
19:41:10 ric [DEBUG] No messages found for d@ilvokhin.com on 20260311 (404)
19:41:10 ric [INFO]   Dmitry Ilvokhin (d@ilvokhin.com): 0 messages
19:41:10 ric [INFO]   Dmitry Ilvokhin: 0 patches, 0 reviews, 0 acks (20260311)
19:41:10 ric [DEBUG] Fetching messages for d@ilvokhin.com from 20260225 to 20260310: https://lore.kernel.org/all/?q=f:d@ilvokhin.com+d:20260225..20260310&x=A
19:41:11 ric [DEBUG] https://lore.kernel.org:443 "GET /all/?q=f:d@ilvokhin.com+d:20260225..20260310&x=A HTTP/1.1" 200 None
19:41:11 ric [DEBUG]   Dmitry Ilvokhin (d@ilvokhin.com): 33 patch submissions in last 14 days
19:41:11 ric [INFO]   Dmitry Ilvokhin: 20 recent patch series to check for activity on 2026-03-11
19:41:11 ric [DEBUG] Fetching thread: https://lore.kernel.org/r/a065fd88990c0091a168b1d6715cd0cae8e9066c.1773164180.git.d@ilvokhin.com/t.mbox.gz
19:41:11 ric [DEBUG] https://lore.kernel.org:443 "GET /r/a065fd88990c0091a168b1d6715cd0cae8e9066c.1773164180.git.d@ilvokhin.com/t.mbox.gz HTTP/1.1" 302 138
19:41:12 ric [DEBUG] https://lore.kernel.org:443 "GET /all/a065fd88990c0091a168b1d6715cd0cae8e9066c.1773164180.git.d@ilvokhin.com/t.mbox.gz HTTP/1.1" 200 None
19:41:12 ric [DEBUG] Fetching thread: https://lore.kernel.org/r/cover.1773164180.git.d@ilvokhin.com/t.mbox.gz
19:41:12 ric [DEBUG] https://lore.kernel.org:443 "GET /r/cover.1773164180.git.d@ilvokhin.com/t.mbox.gz HTTP/1.1" 302 138
19:41:12 ric [DEBUG] https://lore.kernel.org:443 "GET /all/cover.1773164180.git.d@ilvokhin.com/t.mbox.gz HTTP/1.1" 200 8920
19:41:12 ric [DEBUG] Fetching thread: https://lore.kernel.org/r/cb89caf58885858433711f0ed6238484f5f1a67f.1773164180.git.d@ilvokhin.com/t.mbox.gz
19:41:13 ric [DEBUG] https://lore.kernel.org:443 "GET /r/cb89caf58885858433711f0ed6238484f5f1a67f.1773164180.git.d@ilvokhin.com/t.mbox.gz HTTP/1.1" 302 138
19:41:13 ric [DEBUG] https://lore.kernel.org:443 "GET /all/cb89caf58885858433711f0ed6238484f5f1a67f.1773164180.git.d@ilvokhin.com/t.mbox.gz HTTP/1.1" 200 None
19:41:13 ric [DEBUG] Fetching thread: https://lore.kernel.org/r/bc97ca32adbeed22a046764424ad9fcbb7fe8524.1772811429.git.d@ilvokhin.com/t.mbox.gz
19:41:14 ric [DEBUG] https://lore.kernel.org:443 "GET /r/bc97ca32adbeed22a046764424ad9fcbb7fe8524.1772811429.git.d@ilvokhin.com/t.mbox.gz HTTP/1.1" 302 138
19:41:15 ric [DEBUG] https://lore.kernel.org:443 "GET /all/bc97ca32adbeed22a046764424ad9fcbb7fe8524.1772811429.git.d@ilvokhin.com/t.mbox.gz HTTP/1.1" 200 24767
19:41:15 ric [DEBUG] Fetching thread: https://lore.kernel.org/r/e56ee5c4f8961d728678a41e5c5abd48e0d98a36.1772811429.git.d@ilvokhin.com/t.mbox.gz
19:41:15 ric [DEBUG] https://lore.kernel.org:443 "GET /r/e56ee5c4f8961d728678a41e5c5abd48e0d98a36.1772811429.git.d@ilvokhin.com/t.mbox.gz HTTP/1.1" 302 138
19:41:15 ric [DEBUG] https://lore.kernel.org:443 "GET /all/e56ee5c4f8961d728678a41e5c5abd48e0d98a36.1772811429.git.d@ilvokhin.com/t.mbox.gz HTTP/1.1" 200 24767
19:41:16 ric [DEBUG] Fetching thread: https://lore.kernel.org/r/15d66e640ad30edea62247e7bcd98ebde05be0ff.1772811429.git.d@ilvokhin.com/t.mbox.gz
19:41:16 ric [DEBUG] https://lore.kernel.org:443 "GET /r/15d66e640ad30edea62247e7bcd98ebde05be0ff.1772811429.git.d@ilvokhin.com/t.mbox.gz HTTP/1.1" 302 138
19:41:16 ric [DEBUG] https://lore.kernel.org:443 "GET /all/15d66e640ad30edea62247e7bcd98ebde05be0ff.1772811429.git.d@ilvokhin.com/t.mbox.gz HTTP/1.1" 200 None
19:41:17 ric [DEBUG] Fetching thread: https://lore.kernel.org/r/9277af9c463a3401e833674d28c8604d314922af.1772811429.git.d@ilvokhin.com/t.mbox.gz
19:41:17 ric [DEBUG] https://lore.kernel.org:443 "GET /r/9277af9c463a3401e833674d28c8604d314922af.1772811429.git.d@ilvokhin.com/t.mbox.gz HTTP/1.1" 302 138
19:41:17 ric [DEBUG] https://lore.kernel.org:443 "GET /all/9277af9c463a3401e833674d28c8604d314922af.1772811429.git.d@ilvokhin.com/t.mbox.gz HTTP/1.1" 200 24767
19:41:17 ric [DEBUG] Fetching thread: https://lore.kernel.org/r/d82f41d23937d02a0fda99f5b46265e3ff7c2947.1772811429.git.d@ilvokhin.com/t.mbox.gz
19:41:18 ric [DEBUG] https://lore.kernel.org:443 "GET /r/d82f41d23937d02a0fda99f5b46265e3ff7c2947.1772811429.git.d@ilvokhin.com/t.mbox.gz HTTP/1.1" 302 138
19:41:18 ric [DEBUG] https://lore.kernel.org:443 "GET /all/d82f41d23937d02a0fda99f5b46265e3ff7c2947.1772811429.git.d@ilvokhin.com/t.mbox.gz HTTP/1.1" 200 24767
19:41:19 ric [DEBUG] Fetching thread: https://lore.kernel.org/r/b939ec1ac6191ab30f3a746cae397aa9826ff3a4.1772811429.git.d@ilvokhin.com/t.mbox.gz
19:41:19 ric [DEBUG] https://lore.kernel.org:443 "GET /r/b939ec1ac6191ab30f3a746cae397aa9826ff3a4.1772811429.git.d@ilvokhin.com/t.mbox.gz HTTP/1.1" 302 138
19:41:19 ric [DEBUG] https://lore.kernel.org:443 "GET /all/b939ec1ac6191ab30f3a746cae397aa9826ff3a4.1772811429.git.d@ilvokhin.com/t.mbox.gz HTTP/1.1" 200 None
19:41:20 ric [DEBUG] Fetching thread: https://lore.kernel.org/r/f795893125583cb4c83ddcf457a0361c6632716e.1772811429.git.d@ilvokhin.com/t.mbox.gz
19:41:20 ric [DEBUG] https://lore.kernel.org:443 "GET /r/f795893125583cb4c83ddcf457a0361c6632716e.1772811429.git.d@ilvokhin.com/t.mbox.gz HTTP/1.1" 302 138
19:41:20 ric [DEBUG] https://lore.kernel.org:443 "GET /all/f795893125583cb4c83ddcf457a0361c6632716e.1772811429.git.d@ilvokhin.com/t.mbox.gz HTTP/1.1" 200 None
19:41:20 ric [DEBUG] Fetching thread: https://lore.kernel.org/r/cover.1772811429.git.d@ilvokhin.com/t.mbox.gz
19:41:21 ric [DEBUG] https://lore.kernel.org:443 "GET /r/cover.1772811429.git.d@ilvokhin.com/t.mbox.gz HTTP/1.1" 302 138
19:41:21 ric [DEBUG] https://lore.kernel.org:443 "GET /all/cover.1772811429.git.d@ilvokhin.com/t.mbox.gz HTTP/1.1" 200 None
19:41:22 ric [DEBUG] Fetching thread: https://lore.kernel.org/r/cf489e5e79f5e9ba450111ee655d9924fe7a1620.1772811429.git.d@ilvokhin.com/t.mbox.gz
19:41:22 ric [DEBUG] https://lore.kernel.org:443 "GET /r/cf489e5e79f5e9ba450111ee655d9924fe7a1620.1772811429.git.d@ilvokhin.com/t.mbox.gz HTTP/1.1" 302 138
19:41:22 ric [DEBUG] https://lore.kernel.org:443 "GET /all/cf489e5e79f5e9ba450111ee655d9924fe7a1620.1772811429.git.d@ilvokhin.com/t.mbox.gz HTTP/1.1" 200 None
19:41:23 ric [DEBUG] Fetching thread: https://lore.kernel.org/r/8298e098d3418cb446ef396f119edac58a3414e9.1772642407.git.d@ilvokhin.com/t.mbox.gz
19:41:23 ric [DEBUG] https://lore.kernel.org:443 "GET /r/8298e098d3418cb446ef396f119edac58a3414e9.1772642407.git.d@ilvokhin.com/t.mbox.gz HTTP/1.1" 302 138
19:41:23 ric [DEBUG] https://lore.kernel.org:443 "GET /all/8298e098d3418cb446ef396f119edac58a3414e9.1772642407.git.d@ilvokhin.com/t.mbox.gz HTTP/1.1" 200 18281
19:41:24 ric [DEBUG] Fetching thread: https://lore.kernel.org/r/6b1f1521ca186d5c402a65619d8f30fe83b93bf6.1772642407.git.d@ilvokhin.com/t.mbox.gz
19:41:24 ric [DEBUG] https://lore.kernel.org:443 "GET /r/6b1f1521ca186d5c402a65619d8f30fe83b93bf6.1772642407.git.d@ilvokhin.com/t.mbox.gz HTTP/1.1" 302 138
19:41:24 ric [DEBUG] https://lore.kernel.org:443 "GET /all/6b1f1521ca186d5c402a65619d8f30fe83b93bf6.1772642407.git.d@ilvokhin.com/t.mbox.gz HTTP/1.1" 200 18281
19:41:24 ric [DEBUG] Fetching thread: https://lore.kernel.org/r/ae145fe890f028409f727b4921904b547346fa0b.1772206930.git.d@ilvokhin.com/t.mbox.gz
19:41:25 ric [DEBUG] https://lore.kernel.org:443 "GET /r/ae145fe890f028409f727b4921904b547346fa0b.1772206930.git.d@ilvokhin.com/t.mbox.gz HTTP/1.1" 302 138
19:41:26 ric [DEBUG] https://lore.kernel.org:443 "GET /all/ae145fe890f028409f727b4921904b547346fa0b.1772206930.git.d@ilvokhin.com/t.mbox.gz HTTP/1.1" 200 None
19:41:26 ric [DEBUG] Fetching thread: https://lore.kernel.org/r/3a09e46f52cf9f709b0725bc2b648cc5212843b2.1772206930.git.d@ilvokhin.com/t.mbox.gz
19:41:26 ric [DEBUG] https://lore.kernel.org:443 "GET /r/3a09e46f52cf9f709b0725bc2b648cc5212843b2.1772206930.git.d@ilvokhin.com/t.mbox.gz HTTP/1.1" 302 138
19:41:26 ric [DEBUG] https://lore.kernel.org:443 "GET /all/3a09e46f52cf9f709b0725bc2b648cc5212843b2.1772206930.git.d@ilvokhin.com/t.mbox.gz HTTP/1.1" 200 None
19:41:27 ric [DEBUG] Fetching thread: https://lore.kernel.org/r/d61500c5784c64e971f4d328c57639303c475f81.1772206930.git.d@ilvokhin.com/t.mbox.gz
19:41:27 ric [DEBUG] https://lore.kernel.org:443 "GET /r/d61500c5784c64e971f4d328c57639303c475f81.1772206930.git.d@ilvokhin.com/t.mbox.gz HTTP/1.1" 302 138
19:41:27 ric [DEBUG] https://lore.kernel.org:443 "GET /all/d61500c5784c64e971f4d328c57639303c475f81.1772206930.git.d@ilvokhin.com/t.mbox.gz HTTP/1.1" 200 None
19:41:28 ric [DEBUG] Fetching thread: https://lore.kernel.org/r/d26a43ebed2f0f1edb9cfe4fbed16dd31c7a069c.1772206930.git.d@ilvokhin.com/t.mbox.gz
19:41:28 ric [DEBUG] https://lore.kernel.org:443 "GET /r/d26a43ebed2f0f1edb9cfe4fbed16dd31c7a069c.1772206930.git.d@ilvokhin.com/t.mbox.gz HTTP/1.1" 302 138
19:41:28 ric [DEBUG] https://lore.kernel.org:443 "GET /all/d26a43ebed2f0f1edb9cfe4fbed16dd31c7a069c.1772206930.git.d@ilvokhin.com/t.mbox.gz HTTP/1.1" 200 None
19:41:29 ric [DEBUG] Fetching thread: https://lore.kernel.org/r/849dee9c47df1e6fba97c9933af0d5a08b8e15d3.1772206930.git.d@ilvokhin.com/t.mbox.gz
19:41:29 ric [DEBUG] https://lore.kernel.org:443 "GET /r/849dee9c47df1e6fba97c9933af0d5a08b8e15d3.1772206930.git.d@ilvokhin.com/t.mbox.gz HTTP/1.1" 302 138
19:41:29 ric [DEBUG] https://lore.kernel.org:443 "GET /all/849dee9c47df1e6fba97c9933af0d5a08b8e15d3.1772206930.git.d@ilvokhin.com/t.mbox.gz HTTP/1.1" 200 None
19:41:30 ric [DEBUG] Fetching thread: https://lore.kernel.org/r/cover.1772206930.git.d@ilvokhin.com/t.mbox.gz
19:41:30 ric [DEBUG] https://lore.kernel.org:443 "GET /r/cover.1772206930.git.d@ilvokhin.com/t.mbox.gz HTTP/1.1" 302 138
19:41:30 ric [DEBUG] https://lore.kernel.org:443 "GET /all/cover.1772206930.git.d@ilvokhin.com/t.mbox.gz HTTP/1.1" 200 None
19:41:31 ric [INFO] [4/16] Processing Gregory Price for 2026-03-11...
19:41:31 ric [DEBUG] Fetching messages for gourry@gourry.net on 20260311: https://lore.kernel.org/all/?q=f:gourry@gourry.net+d:20260311..20260311&x=A
19:41:32 ric [DEBUG] https://lore.kernel.org:443 "GET /all/?q=f:gourry@gourry.net+d:20260311..20260311&x=A HTTP/1.1" 404 570
19:41:32 ric [DEBUG] No messages found for gourry@gourry.net on 20260311 (404)
19:41:32 ric [INFO]   Gregory Price (gourry@gourry.net): 0 messages
19:41:32 ric [DEBUG] Fetching messages for gregory.price@memverge.com on 20260311: https://lore.kernel.org/all/?q=f:gregory.price@memverge.com+d:20260311..20260311&x=A
19:41:33 ric [DEBUG] https://lore.kernel.org:443 "GET /all/?q=f:gregory.price@memverge.com+d:20260311..20260311&x=A HTTP/1.1" 404 580
19:41:33 ric [DEBUG] No messages found for gregory.price@memverge.com on 20260311 (404)
19:41:33 ric [INFO]   Gregory Price (gregory.price@memverge.com): 0 messages
19:41:33 ric [INFO]   Gregory Price: 0 patches, 0 reviews, 0 acks (20260311)
19:41:33 ric [DEBUG] Fetching messages for gourry@gourry.net from 20260225 to 20260310: https://lore.kernel.org/all/?q=f:gourry@gourry.net+d:20260225..20260310&x=A
19:41:34 ric [DEBUG] https://lore.kernel.org:443 "GET /all/?q=f:gourry@gourry.net+d:20260225..20260310&x=A HTTP/1.1" 200 None
19:41:34 ric [DEBUG]   Gregory Price (gourry@gourry.net): 2 patch submissions in last 14 days
19:41:34 ric [DEBUG] Fetching messages for gregory.price@memverge.com from 20260225 to 20260310: https://lore.kernel.org/all/?q=f:gregory.price@memverge.com+d:20260225..20260310&x=A
19:41:34 ric [DEBUG] https://lore.kernel.org:443 "GET /all/?q=f:gregory.price@memverge.com+d:20260225..20260310&x=A HTTP/1.1" 404 583
19:41:34 ric [DEBUG] No messages found for gregory.price@memverge.com in range 20260225..20260310 (404)
19:41:34 ric [DEBUG]   Gregory Price (gregory.price@memverge.com): 0 patch submissions in last 14 days
19:41:34 ric [INFO]   Gregory Price: 2 recent patch series to check for activity on 2026-03-11
19:41:34 ric [DEBUG] Fetching thread: https://lore.kernel.org/r/20260308234202.3118119-1-gourry@gourry.net/t.mbox.gz
19:41:35 ric [DEBUG] https://lore.kernel.org:443 "GET /r/20260308234202.3118119-1-gourry@gourry.net/t.mbox.gz HTTP/1.1" 302 138
19:41:35 ric [DEBUG] https://lore.kernel.org:443 "GET /all/20260308234202.3118119-1-gourry@gourry.net/t.mbox.gz HTTP/1.1" 200 None
19:41:35 ric [DEBUG] Fetching thread: https://lore.kernel.org/r/20260302200429.803417-1-gourry@gourry.net/t.mbox.gz
19:41:36 ric [DEBUG] https://lore.kernel.org:443 "GET /r/20260302200429.803417-1-gourry@gourry.net/t.mbox.gz HTTP/1.1" 302 138
19:41:37 ric [DEBUG] https://lore.kernel.org:443 "GET /all/20260302200429.803417-1-gourry@gourry.net/t.mbox.gz HTTP/1.1" 200 27544
19:41:37 ric [INFO] [5/16] Processing Jeff Layton for 2026-03-11...
19:41:37 ric [DEBUG] Fetching messages for jlayton@kernel.org on 20260311: https://lore.kernel.org/all/?q=f:jlayton@kernel.org+d:20260311..20260311&x=A
19:41:38 ric [DEBUG] https://lore.kernel.org:443 "GET /all/?q=f:jlayton@kernel.org+d:20260311..20260311&x=A HTTP/1.1" 404 569
19:41:38 ric [DEBUG] No messages found for jlayton@kernel.org on 20260311 (404)
19:41:38 ric [INFO]   Jeff Layton (jlayton@kernel.org): 0 messages
19:41:38 ric [DEBUG] Fetching messages for jlayton@redhat.com on 20260311: https://lore.kernel.org/all/?q=f:jlayton@redhat.com+d:20260311..20260311&x=A
19:41:39 ric [DEBUG] https://lore.kernel.org:443 "GET /all/?q=f:jlayton@redhat.com+d:20260311..20260311&x=A HTTP/1.1" 404 574
19:41:39 ric [DEBUG] No messages found for jlayton@redhat.com on 20260311 (404)
19:41:39 ric [INFO]   Jeff Layton (jlayton@redhat.com): 0 messages
19:41:39 ric [INFO]   Jeff Layton: 0 patches, 0 reviews, 0 acks (20260311)
19:41:39 ric [DEBUG] Fetching messages for jlayton@kernel.org from 20260225 to 20260310: https://lore.kernel.org/all/?q=f:jlayton@kernel.org+d:20260225..20260310&x=A
19:41:40 ric [DEBUG] https://lore.kernel.org:443 "GET /all/?q=f:jlayton@kernel.org+d:20260225..20260310&x=A HTTP/1.1" 200 None
19:41:42 ric [DEBUG]   Jeff Layton (jlayton@kernel.org): 133 patch submissions in last 14 days
19:41:42 ric [DEBUG] Fetching messages for jlayton@redhat.com from 20260225 to 20260310: https://lore.kernel.org/all/?q=f:jlayton@redhat.com+d:20260225..20260310&x=A
19:41:42 ric [DEBUG] https://lore.kernel.org:443 "GET /all/?q=f:jlayton@redhat.com+d:20260225..20260310&x=A HTTP/1.1" 404 577
19:41:42 ric [DEBUG] No messages found for jlayton@redhat.com in range 20260225..20260310 (404)
19:41:42 ric [DEBUG]   Jeff Layton (jlayton@redhat.com): 0 patch submissions in last 14 days
19:41:42 ric [INFO]   Jeff Layton: 5 recent patch series to check for activity on 2026-03-11
19:41:42 ric [DEBUG] Fetching thread: https://lore.kernel.org/r/20260310-iino-u64-v1-0-18422a053b04@kernel.org/t.mbox.gz
19:41:43 ric [DEBUG] https://lore.kernel.org:443 "GET /r/20260310-iino-u64-v1-0-18422a053b04@kernel.org/t.mbox.gz HTTP/1.1" 302 138
19:41:43 ric [DEBUG] https://lore.kernel.org:443 "GET /all/20260310-iino-u64-v1-0-18422a053b04@kernel.org/t.mbox.gz HTTP/1.1" 200 None
19:41:43 ric [DEBUG] Fetching thread: https://lore.kernel.org/r/20260307-iino-u64-v2-1-a1a1696e0653@kernel.org/t.mbox.gz
19:41:44 ric [DEBUG] https://lore.kernel.org:443 "GET /r/20260307-iino-u64-v2-1-a1a1696e0653@kernel.org/t.mbox.gz HTTP/1.1" 302 138
19:41:44 ric [DEBUG] https://lore.kernel.org:443 "GET /all/20260307-iino-u64-v2-1-a1a1696e0653@kernel.org/t.mbox.gz HTTP/1.1" 200 None
19:41:44 ric [DEBUG] Fetching thread: https://lore.kernel.org/r/20260305-nfs-7-1-v1-0-e2200f69e543@kernel.org/t.mbox.gz
19:41:45 ric [DEBUG] https://lore.kernel.org:443 "GET /r/20260305-nfs-7-1-v1-0-e2200f69e543@kernel.org/t.mbox.gz HTTP/1.1" 302 138
19:41:45 ric [DEBUG] https://lore.kernel.org:443 "GET /all/20260305-nfs-7-1-v1-0-e2200f69e543@kernel.org/t.mbox.gz HTTP/1.1" 200 None
19:41:45 ric [DEBUG] Fetching thread: https://lore.kernel.org/r/20260304-iino-u64-v3-12-2257ad83d372@kernel.org/t.mbox.gz
19:41:46 ric [DEBUG] https://lore.kernel.org:443 "GET /r/20260304-iino-u64-v3-12-2257ad83d372@kernel.org/t.mbox.gz HTTP/1.1" 302 138
19:41:46 ric [DEBUG] https://lore.kernel.org:443 "GET /all/20260304-iino-u64-v3-12-2257ad83d372@kernel.org/t.mbox.gz HTTP/1.1" 200 None
19:41:46 ric [DEBUG] Fetching thread: https://lore.kernel.org/r/20260302-iino-u64-v2-110-e5388800dae0@kernel.org/t.mbox.gz
19:41:47 ric [DEBUG] https://lore.kernel.org:443 "GET /r/20260302-iino-u64-v2-110-e5388800dae0@kernel.org/t.mbox.gz HTTP/1.1" 302 138
19:41:47 ric [DEBUG] https://lore.kernel.org:443 "GET /all/20260302-iino-u64-v2-110-e5388800dae0@kernel.org/t.mbox.gz HTTP/1.1" 200 None
19:41:49 ric [INFO] [6/16] Processing Joanne Koong for 2026-03-11...
19:41:49 ric [DEBUG] Fetching messages for joannelkoong@gmail.com on 20260311: https://lore.kernel.org/all/?q=f:joannelkoong@gmail.com+d:20260311..20260311&x=A
19:41:49 ric [DEBUG] https://lore.kernel.org:443 "GET /all/?q=f:joannelkoong@gmail.com+d:20260311..20260311&x=A HTTP/1.1" 404 578
19:41:49 ric [DEBUG] No messages found for joannelkoong@gmail.com on 20260311 (404)
19:41:49 ric [INFO]   Joanne Koong (joannelkoong@gmail.com): 0 messages
19:41:49 ric [INFO]   Joanne Koong: 0 patches, 0 reviews, 0 acks (20260311)
19:41:49 ric [DEBUG] Fetching messages for joannelkoong@gmail.com from 20260225 to 20260310: https://lore.kernel.org/all/?q=f:joannelkoong@gmail.com+d:20260225..20260310&x=A
19:41:50 ric [DEBUG] https://lore.kernel.org:443 "GET /all/?q=f:joannelkoong@gmail.com+d:20260225..20260310&x=A HTTP/1.1" 200 None
19:41:50 ric [DEBUG]   Joanne Koong (joannelkoong@gmail.com): 16 patch submissions in last 14 days
19:41:50 ric [INFO]   Joanne Koong: 3 recent patch series to check for activity on 2026-03-11
19:41:50 ric [DEBUG] Fetching thread: https://lore.kernel.org/r/20260306010525.4105958-1-joannelkoong@gmail.com/t.mbox.gz
19:41:51 ric [DEBUG] https://lore.kernel.org:443 "GET /r/20260306010525.4105958-1-joannelkoong@gmail.com/t.mbox.gz HTTP/1.1" 302 138
19:41:51 ric [DEBUG] https://lore.kernel.org:443 "GET /all/20260306010525.4105958-1-joannelkoong@gmail.com/t.mbox.gz HTTP/1.1" 200 None
19:41:51 ric [DEBUG] Fetching thread: https://lore.kernel.org/r/20260306003224.3620942-1-joannelkoong@gmail.com/t.mbox.gz
19:41:52 ric [DEBUG] https://lore.kernel.org:443 "GET /r/20260306003224.3620942-1-joannelkoong@gmail.com/t.mbox.gz HTTP/1.1" 302 138
19:41:52 ric [DEBUG] https://lore.kernel.org:443 "GET /all/20260306003224.3620942-1-joannelkoong@gmail.com/t.mbox.gz HTTP/1.1" 200 None
19:41:52 ric [DEBUG] Fetching thread: https://lore.kernel.org/r/20260303233420.874231-1-joannelkoong@gmail.com/t.mbox.gz
19:41:53 ric [DEBUG] https://lore.kernel.org:443 "GET /r/20260303233420.874231-1-joannelkoong@gmail.com/t.mbox.gz HTTP/1.1" 302 138
19:41:53 ric [DEBUG] https://lore.kernel.org:443 "GET /all/20260303233420.874231-1-joannelkoong@gmail.com/t.mbox.gz HTTP/1.1" 200 None
19:41:53 ric [INFO] [7/16] Processing Johannes Weiner for 2026-03-11...
19:41:53 ric [DEBUG] Fetching messages for hannes@cmpxchg.org on 20260311: https://lore.kernel.org/all/?q=f:hannes@cmpxchg.org+d:20260311..20260311&x=A
19:41:54 ric [DEBUG] https://lore.kernel.org:443 "GET /all/?q=f:hannes@cmpxchg.org+d:20260311..20260311&x=A HTTP/1.1" 200 None
19:41:54 ric [INFO]   Johannes Weiner (hannes@cmpxchg.org): 8 messages
19:41:54 ric [DEBUG] Fetching raw message: https://lore.kernel.org/r/abHNog8CV0mWummY@cmpxchg.org/raw
19:41:55 ric [DEBUG] https://lore.kernel.org:443 "GET /r/abHNog8CV0mWummY@cmpxchg.org/raw HTTP/1.1" 302 138
19:41:55 ric [DEBUG] https://lore.kernel.org:443 "GET /all/abHNog8CV0mWummY@cmpxchg.org/raw HTTP/1.1" 200 None
19:41:55 ric [DEBUG] REVIEW: Re: [PATCH 03/11] mm/zsmalloc: Introduce conditional memcg awareness to zs_pool
19:41:55 ric [DEBUG] Fetching raw message: https://lore.kernel.org/r/abHBYss1GDYX4uWe@cmpxchg.org/raw
19:41:56 ric [DEBUG] https://lore.kernel.org:443 "GET /r/abHBYss1GDYX4uWe@cmpxchg.org/raw HTTP/1.1" 302 138
19:41:56 ric [DEBUG] https://lore.kernel.org:443 "GET /all/abHBYss1GDYX4uWe@cmpxchg.org/raw HTTP/1.1" 200 None
19:41:56 ric [DEBUG] REVIEW: Re: [PATCH] mm: switch deferred split shrinker to list_lru
19:41:56 ric [DEBUG] Fetching raw message: https://lore.kernel.org/r/abGvGjqke_3gYe6I@cmpxchg.org/raw
19:41:57 ric [DEBUG] https://lore.kernel.org:443 "GET /r/abGvGjqke_3gYe6I@cmpxchg.org/raw HTTP/1.1" 302 138
19:41:57 ric [DEBUG] https://lore.kernel.org:443 "GET /all/abGvGjqke_3gYe6I@cmpxchg.org/raw HTTP/1.1" 200 None
19:41:57 ric [DEBUG] REVIEW: Re: [PATCH v2] mm/mempolicy: track page allocations per mempolicy
19:41:57 ric [DEBUG] Fetching raw message: https://lore.kernel.org/r/abGsagHIieEobFbB@cmpxchg.org/raw
19:41:58 ric [DEBUG] https://lore.kernel.org:443 "GET /r/abGsagHIieEobFbB@cmpxchg.org/raw HTTP/1.1" 302 138
19:41:58 ric [DEBUG] https://lore.kernel.org:443 "GET /all/abGsagHIieEobFbB@cmpxchg.org/raw HTTP/1.1" 200 None
19:41:58 ric [DEBUG] REVIEW: Re: [PATCH 3/4] mm: Fix demotion gfp by clearing GFP_RECLAIM after setting GFP_TRANSHUGE
19:41:58 ric [DEBUG] Fetching raw message: https://lore.kernel.org/r/abGpgxsDKeSc6cjR@cmpxchg.org/raw
19:41:59 ric [DEBUG] https://lore.kernel.org:443 "GET /r/abGpgxsDKeSc6cjR@cmpxchg.org/raw HTTP/1.1" 302 138
19:41:59 ric [DEBUG] https://lore.kernel.org:443 "GET /all/abGpgxsDKeSc6cjR@cmpxchg.org/raw HTTP/1.1" 200 None
19:41:59 ric [DEBUG] REVIEW: Re: [PATCH] mm: switch deferred split shrinker to list_lru
19:41:59 ric [DEBUG] Fetching raw message: https://lore.kernel.org/r/abGORRp46jF6o1c9@cmpxchg.org/raw
19:42:00 ric [DEBUG] https://lore.kernel.org:443 "GET /r/abGORRp46jF6o1c9@cmpxchg.org/raw HTTP/1.1" 302 138
19:42:00 ric [DEBUG] https://lore.kernel.org:443 "GET /all/abGORRp46jF6o1c9@cmpxchg.org/raw HTTP/1.1" 200 None
19:42:00 ric [DEBUG] REVIEW: Re: [PATCH] mm: switch deferred split shrinker to list_lru
19:42:00 ric [DEBUG] PATCH: [PATCH] mm: switch deferred split shrinker to list_lru
19:42:00 ric [DEBUG] Fetching raw message: https://lore.kernel.org/r/abFsDg5m3lp2vVOX@cmpxchg.org/raw
19:42:01 ric [DEBUG] https://lore.kernel.org:443 "GET /r/abFsDg5m3lp2vVOX@cmpxchg.org/raw HTTP/1.1" 302 138
19:42:01 ric [DEBUG] https://lore.kernel.org:443 "GET /all/abFsDg5m3lp2vVOX@cmpxchg.org/raw HTTP/1.1" 200 None
19:42:01 ric [DEBUG] REVIEW: Re: [LSF/MM/BPF TOPIC] Reimagining Memory Cgroup (memcg_ext)
19:42:01 ric [INFO]   Johannes Weiner: 1 patches, 7 reviews, 0 acks (20260311)
19:42:01 ric [DEBUG] Fetching messages for hannes@cmpxchg.org from 20260225 to 20260310: https://lore.kernel.org/all/?q=f:hannes@cmpxchg.org+d:20260225..20260310&x=A
19:42:02 ric [DEBUG] https://lore.kernel.org:443 "GET /all/?q=f:hannes@cmpxchg.org+d:20260225..20260310&x=A HTTP/1.1" 200 None
19:42:02 ric [DEBUG]   Johannes Weiner (hannes@cmpxchg.org): 6 patch submissions in last 14 days
19:42:02 ric [INFO]   Johannes Weiner: 1 recent patch series to check for activity on 2026-03-11
19:42:02 ric [DEBUG] Fetching thread: https://lore.kernel.org/r/20260302195305.620713-1-hannes@cmpxchg.org/t.mbox.gz
19:42:03 ric [DEBUG] https://lore.kernel.org:443 "GET /r/20260302195305.620713-1-hannes@cmpxchg.org/t.mbox.gz HTTP/1.1" 302 138
19:42:03 ric [DEBUG] https://lore.kernel.org:443 "GET /all/20260302195305.620713-1-hannes@cmpxchg.org/t.mbox.gz HTTP/1.1" 200 None
19:42:03 ric [INFO]   [1/8] [PATCH] mm: switch deferred split shrinker to list_lru
19:42:03 ric [DEBUG] Fetching thread: https://lore.kernel.org/r/20260311154358.150977-1-hannes@cmpxchg.org/t.mbox.gz
19:42:04 ric [DEBUG] https://lore.kernel.org:443 "GET /r/20260311154358.150977-1-hannes@cmpxchg.org/t.mbox.gz HTTP/1.1" 302 138
19:42:04 ric [DEBUG] https://lore.kernel.org:443 "GET /all/20260311154358.150977-1-hannes@cmpxchg.org/t.mbox.gz HTTP/1.1" 200 None
19:42:04 ric [INFO]   [2/8] Re: [PATCH 03/11] mm/zsmalloc: Introduce conditional memcg awareness t…
19:42:04 ric [DEBUG] Fetching thread: https://lore.kernel.org/r/abHNog8CV0mWummY@cmpxchg.org/t.mbox.gz
19:42:05 ric [DEBUG] https://lore.kernel.org:443 "GET /r/abHNog8CV0mWummY@cmpxchg.org/t.mbox.gz HTTP/1.1" 302 138
19:42:05 ric [DEBUG] https://lore.kernel.org:443 "GET /all/abHNog8CV0mWummY@cmpxchg.org/t.mbox.gz HTTP/1.1" 200 None
19:42:05 ric [INFO]   [3/8] Re: [PATCH] mm: switch deferred split shrinker to list_lru
19:42:05 ric [DEBUG] Fetching thread: https://lore.kernel.org/r/abHBYss1GDYX4uWe@cmpxchg.org/t.mbox.gz
19:42:06 ric [DEBUG] https://lore.kernel.org:443 "GET /r/abHBYss1GDYX4uWe@cmpxchg.org/t.mbox.gz HTTP/1.1" 302 138
19:42:06 ric [DEBUG] https://lore.kernel.org:443 "GET /all/abHBYss1GDYX4uWe@cmpxchg.org/t.mbox.gz HTTP/1.1" 200 None
19:42:06 ric [INFO]   [4/8] Re: [PATCH v2] mm/mempolicy: track page allocations per mempolicy
19:42:06 ric [DEBUG] Fetching thread: https://lore.kernel.org/r/abGvGjqke_3gYe6I@cmpxchg.org/t.mbox.gz
19:42:07 ric [DEBUG] https://lore.kernel.org:443 "GET /r/abGvGjqke_3gYe6I@cmpxchg.org/t.mbox.gz HTTP/1.1" 302 138
19:42:07 ric [DEBUG] https://lore.kernel.org:443 "GET /all/abGvGjqke_3gYe6I@cmpxchg.org/t.mbox.gz HTTP/1.1" 200 None
19:42:07 ric [INFO]   [5/8] Re: [PATCH 3/4] mm: Fix demotion gfp by clearing GFP_RECLAIM after set…
19:42:07 ric [DEBUG] Fetching thread: https://lore.kernel.org/r/abGsagHIieEobFbB@cmpxchg.org/t.mbox.gz
19:42:08 ric [DEBUG] https://lore.kernel.org:443 "GET /r/abGsagHIieEobFbB@cmpxchg.org/t.mbox.gz HTTP/1.1" 302 138
19:42:08 ric [DEBUG] https://lore.kernel.org:443 "GET /all/abGsagHIieEobFbB@cmpxchg.org/t.mbox.gz HTTP/1.1" 200 None
19:42:08 ric [INFO]   [6/8] Re: [PATCH] mm: switch deferred split shrinker to list_lru
19:42:08 ric [DEBUG] Fetching thread: https://lore.kernel.org/r/abGpgxsDKeSc6cjR@cmpxchg.org/t.mbox.gz
19:42:09 ric [DEBUG] https://lore.kernel.org:443 "GET /r/abGpgxsDKeSc6cjR@cmpxchg.org/t.mbox.gz HTTP/1.1" 302 138
19:42:09 ric [DEBUG] https://lore.kernel.org:443 "GET /all/abGpgxsDKeSc6cjR@cmpxchg.org/t.mbox.gz HTTP/1.1" 200 None
19:42:09 ric [INFO]   [7/8] Re: [PATCH] mm: switch deferred split shrinker to list_lru
19:42:09 ric [DEBUG] Fetching thread: https://lore.kernel.org/r/abGORRp46jF6o1c9@cmpxchg.org/t.mbox.gz
19:42:10 ric [DEBUG] https://lore.kernel.org:443 "GET /r/abGORRp46jF6o1c9@cmpxchg.org/t.mbox.gz HTTP/1.1" 302 138
19:42:10 ric [DEBUG] https://lore.kernel.org:443 "GET /all/abGORRp46jF6o1c9@cmpxchg.org/t.mbox.gz HTTP/1.1" 200 None
19:42:10 ric [INFO]   [8/8] Re: [LSF/MM/BPF TOPIC] Reimagining Memory Cgroup (memcg_ext)
19:42:10 ric [DEBUG] Fetching thread: https://lore.kernel.org/r/abFsDg5m3lp2vVOX@cmpxchg.org/t.mbox.gz
19:42:11 ric [DEBUG] https://lore.kernel.org:443 "GET /r/abFsDg5m3lp2vVOX@cmpxchg.org/t.mbox.gz HTTP/1.1" 302 138
19:42:11 ric [DEBUG] https://lore.kernel.org:443 "GET /all/abFsDg5m3lp2vVOX@cmpxchg.org/t.mbox.gz HTTP/1.1" 200 None
19:42:11 ric [INFO] [8/16] Processing Joshua Hahn for 2026-03-11...
19:42:11 ric [DEBUG] Fetching messages for joshua.hahnjy@gmail.com on 20260311: https://lore.kernel.org/all/?q=f:joshua.hahnjy@gmail.com+d:20260311..20260311&x=A
19:42:12 ric [DEBUG] https://lore.kernel.org:443 "GET /all/?q=f:joshua.hahnjy@gmail.com+d:20260311..20260311&x=A HTTP/1.1" 200 None
19:42:12 ric [INFO]   Joshua Hahn (joshua.hahnjy@gmail.com): 18 messages
19:42:12 ric [DEBUG] Fetching raw message: https://lore.kernel.org/r/20260311202439.324081-1-joshua.hahnjy@gmail.com/raw
19:42:13 ric [DEBUG] https://lore.kernel.org:443 "GET /r/20260311202439.324081-1-joshua.hahnjy@gmail.com/raw HTTP/1.1" 302 138
19:42:13 ric [DEBUG] https://lore.kernel.org:443 "GET /all/20260311202439.324081-1-joshua.hahnjy@gmail.com/raw HTTP/1.1" 200 None
19:42:13 ric [DEBUG] REVIEW: Re: [PATCH 05/11] mm/zsmalloc: Store obj_cgroup pointer in zspage
19:42:13 ric [DEBUG] Fetching raw message: https://lore.kernel.org/r/20260311202230.294520-1-joshua.hahnjy@gmail.com/raw
19:42:14 ric [DEBUG] https://lore.kernel.org:443 "GET /r/20260311202230.294520-1-joshua.hahnjy@gmail.com/raw HTTP/1.1" 302 138
19:42:14 ric [DEBUG] https://lore.kernel.org:443 "GET /all/20260311202230.294520-1-joshua.hahnjy@gmail.com/raw HTTP/1.1" 200 None
19:42:14 ric [DEBUG] REVIEW: Re: [PATCH 04/11] mm/zsmalloc: Introduce objcgs pointer in struct zspage
19:42:14 ric [DEBUG] Fetching raw message: https://lore.kernel.org/r/20260311202037.265101-1-joshua.hahnjy@gmail.com/raw
19:42:15 ric [DEBUG] https://lore.kernel.org:443 "GET /r/20260311202037.265101-1-joshua.hahnjy@gmail.com/raw HTTP/1.1" 302 138
19:42:15 ric [DEBUG] https://lore.kernel.org:443 "GET /all/20260311202037.265101-1-joshua.hahnjy@gmail.com/raw HTTP/1.1" 200 None
19:42:15 ric [DEBUG] REVIEW: Re: [PATCH 03/11] mm/zsmalloc: Introduce conditional memcg awareness to zs_pool
19:42:15 ric [DEBUG] Fetching raw message: https://lore.kernel.org/r/20260311195416.4050026-1-joshua.hahnjy@gmail.com/raw
19:42:16 ric [DEBUG] https://lore.kernel.org:443 "GET /r/20260311195416.4050026-1-joshua.hahnjy@gmail.com/raw HTTP/1.1" 302 138
19:42:16 ric [DEBUG] https://lore.kernel.org:443 "GET /all/20260311195416.4050026-1-joshua.hahnjy@gmail.com/raw HTTP/1.1" 200 None
19:42:16 ric [DEBUG] REVIEW: Re: [PATCH 00/11] mm/zswap, zsmalloc: Per-memcg-lruvec zswap accounting
19:42:16 ric [DEBUG] PATCH: [PATCH 11/11] mm/zsmalloc: Handle charge migration in zpdesc substitution
19:42:16 ric [DEBUG] PATCH: [PATCH 10/11] mm/zsmalloc: Handle single object charge migration in migrate_zspage
19:42:16 ric [DEBUG] PATCH: [PATCH 09/11] mm/vmstat, memcontrol: Track ZSWAP_B, ZSWAPPED_B per-memcg-lruvec
19:42:16 ric [DEBUG] PATCH: [PATCH 08/11] mm/memcontrol: Track MEMCG_ZSWAPPED in bytes
19:42:16 ric [DEBUG] PATCH: [PATCH 07/11] mm/zsmalloc, zswap: Handle objcg charging and lifetime in zsmalloc
19:42:16 ric [DEBUG] PATCH: [PATCH 06/11] mm/zsmalloc, zswap: Redirect zswap_entry->objcg to zspage
19:42:16 ric [DEBUG] PATCH: [PATCH 05/11] mm/zsmalloc: Store obj_cgroup pointer in zspage
19:42:16 ric [DEBUG] PATCH: [PATCH 04/11] mm/zsmalloc: Introduce objcgs pointer in struct zspage
19:42:16 ric [DEBUG] PATCH: [PATCH 03/11] mm/zsmalloc: Introduce conditional memcg awareness to zs_pool
19:42:16 ric [DEBUG] PATCH: [PATCH 02/11] mm/zsmalloc: Make all obj_idx unsigned ints
19:42:16 ric [DEBUG] PATCH: [PATCH 01/11] mm/zsmalloc: Rename zs_object_copy to zs_obj_copy
19:42:16 ric [DEBUG] PATCH: [PATCH 00/11] mm/zswap, zsmalloc: Per-memcg-lruvec zswap accounting
19:42:16 ric [DEBUG] Fetching raw message: https://lore.kernel.org/r/20260311150241.2579851-1-joshua.hahnjy@gmail.com/raw
19:42:17 ric [DEBUG] https://lore.kernel.org:443 "GET /r/20260311150241.2579851-1-joshua.hahnjy@gmail.com/raw HTTP/1.1" 302 138
19:42:17 ric [DEBUG] https://lore.kernel.org:443 "GET /all/20260311150241.2579851-1-joshua.hahnjy@gmail.com/raw HTTP/1.1" 200 None
19:42:17 ric [DEBUG] ACK (Reviewed-by): Re: [PATCH 2/4] mm: Rename node_get_allowed_targets() to make it more explicit
19:42:17 ric [DEBUG] Fetching raw message: https://lore.kernel.org/r/20260311145547.2461611-1-joshua.hahnjy@gmail.com/raw
19:42:18 ric [DEBUG] https://lore.kernel.org:443 "GET /r/20260311145547.2461611-1-joshua.hahnjy@gmail.com/raw HTTP/1.1" 302 138
19:42:18 ric [DEBUG] https://lore.kernel.org:443 "GET /all/20260311145547.2461611-1-joshua.hahnjy@gmail.com/raw HTTP/1.1" 200 None
19:42:18 ric [DEBUG] REVIEW: Re: [PATCH 1/4] mm: Move demotion related functions in memory-tiers.c
19:42:18 ric [INFO]   Joshua Hahn: 1 patches, 5 reviews, 1 acks (20260311)
19:42:18 ric [DEBUG] Fetching messages for joshua.hahnjy@gmail.com from 20260225 to 20260310: https://lore.kernel.org/all/?q=f:joshua.hahnjy@gmail.com+d:20260225..20260310&x=A
19:42:19 ric [DEBUG] https://lore.kernel.org:443 "GET /all/?q=f:joshua.hahnjy@gmail.com+d:20260225..20260310&x=A HTTP/1.1" 200 None
19:42:19 ric [DEBUG]   Joshua Hahn (joshua.hahnjy@gmail.com): 9 patch submissions in last 14 days
19:42:19 ric [INFO]   Joshua Hahn: 1 recent patch series to check for activity on 2026-03-11
19:42:19 ric [DEBUG] Fetching thread: https://lore.kernel.org/r/20260226192936.3190275-1-joshua.hahnjy@gmail.com/t.mbox.gz
19:42:20 ric [DEBUG] https://lore.kernel.org:443 "GET /r/20260226192936.3190275-1-joshua.hahnjy@gmail.com/t.mbox.gz HTTP/1.1" 302 138
19:42:20 ric [DEBUG] https://lore.kernel.org:443 "GET /all/20260226192936.3190275-1-joshua.hahnjy@gmail.com/t.mbox.gz HTTP/1.1" 200 None
19:42:20 ric [DEBUG]   ONGOING: [PATCH 0/8] mm/zswap, zsmalloc: Per-memcg-lruvec zswap accounting
19:42:20 ric [INFO]   Joshua Hahn: 1 ongoing patches with activity on 2026-03-11
19:42:20 ric [INFO]   [1/27] [PATCH 11/11] mm/zsmalloc: Handle charge migration in zpdesc substitut…
19:42:20 ric [DEBUG] Fetching thread: https://lore.kernel.org/r/20260311195153.4013476-12-joshua.hahnjy@gmail.com/t.mbox.gz
19:42:21 ric [DEBUG] https://lore.kernel.org:443 "GET /r/20260311195153.4013476-12-joshua.hahnjy@gmail.com/t.mbox.gz HTTP/1.1" 302 138
19:42:21 ric [DEBUG] https://lore.kernel.org:443 "GET /all/20260311195153.4013476-12-joshua.hahnjy@gmail.com/t.mbox.gz HTTP/1.1" 200 None
19:42:21 ric [INFO]   [2/27] [PATCH 0/8] mm/zswap, zsmalloc: Per-memcg-lruvec zswap accounting
19:42:21 ric [INFO]   [3/27] [PATCH 00/11] mm/zswap, zsmalloc: Per-memcg-lruvec zswap accounting
19:42:21 ric [INFO]   [4/27] [PATCH 01/11] mm/zsmalloc: Rename zs_object_copy to zs_obj_copy
19:42:21 ric [INFO]   [5/27] [PATCH 02/11] mm/zsmalloc: Make all obj_idx unsigned ints
19:42:21 ric [INFO]   [6/27] [PATCH 03/11] mm/zsmalloc: Introduce conditional memcg awareness to zs…
19:42:21 ric [INFO]   [7/27] [PATCH 04/11] mm/zsmalloc: Introduce objcgs pointer in struct zspage
19:42:21 ric [INFO]   [8/27] [PATCH 05/11] mm/zsmalloc: Store obj_cgroup pointer in zspage
19:42:21 ric [INFO]   [9/27] [PATCH 06/11] mm/zsmalloc, zswap: Redirect zswap_entry->objcg to zspag…
19:42:21 ric [INFO]   [10/27] [PATCH 07/11] mm/zsmalloc, zswap: Handle objcg charging and lifetime i…
19:42:21 ric [INFO]   [11/27] [PATCH 08/11] mm/memcontrol: Track MEMCG_ZSWAPPED in bytes
19:42:21 ric [INFO]   [12/27] [PATCH 09/11] mm/vmstat, memcontrol: Track ZSWAP_B, ZSWAPPED_B per-mem…
19:42:21 ric [INFO]   [13/27] [PATCH 10/11] mm/zsmalloc: Handle single object charge migration in mi…
19:42:21 ric [INFO]   [14/27] [PATCH 1/8] mm/zsmalloc: Rename zs_object_copy to zs_obj_copy
19:42:21 ric [DEBUG] Fetching thread: https://lore.kernel.org/r/20260226192936.3190275-2-joshua.hahnjy@gmail.com/t.mbox.gz
19:42:22 ric [DEBUG] https://lore.kernel.org:443 "GET /r/20260226192936.3190275-2-joshua.hahnjy@gmail.com/t.mbox.gz HTTP/1.1" 302 138
19:42:22 ric [DEBUG] https://lore.kernel.org:443 "GET /all/20260226192936.3190275-2-joshua.hahnjy@gmail.com/t.mbox.gz HTTP/1.1" 200 None
19:42:22 ric [INFO]   [15/27] [PATCH 2/8] mm/zsmalloc: Make all obj_idx unsigned ints
19:42:22 ric [DEBUG] Fetching thread: https://lore.kernel.org/r/20260226192936.3190275-3-joshua.hahnjy@gmail.com/t.mbox.gz
19:42:23 ric [DEBUG] https://lore.kernel.org:443 "GET /r/20260226192936.3190275-3-joshua.hahnjy@gmail.com/t.mbox.gz HTTP/1.1" 302 138
19:42:23 ric [DEBUG] https://lore.kernel.org:443 "GET /all/20260226192936.3190275-3-joshua.hahnjy@gmail.com/t.mbox.gz HTTP/1.1" 200 None
19:42:23 ric [INFO]   [16/27] [PATCH 3/8] mm/zsmalloc: Introduce objcgs pointer in struct zpdesc
19:42:23 ric [DEBUG] Fetching thread: https://lore.kernel.org/r/20260226192936.3190275-4-joshua.hahnjy@gmail.com/t.mbox.gz
19:42:24 ric [DEBUG] https://lore.kernel.org:443 "GET /r/20260226192936.3190275-4-joshua.hahnjy@gmail.com/t.mbox.gz HTTP/1.1" 302 138
19:42:24 ric [DEBUG] https://lore.kernel.org:443 "GET /all/20260226192936.3190275-4-joshua.hahnjy@gmail.com/t.mbox.gz HTTP/1.1" 200 None
19:42:24 ric [INFO]   [17/27] [PATCH 4/8] mm/zsmalloc: Store obj_cgroup pointer in zpdesc
19:42:24 ric [DEBUG] Fetching thread: https://lore.kernel.org/r/20260226192936.3190275-5-joshua.hahnjy@gmail.com/t.mbox.gz
19:42:25 ric [DEBUG] https://lore.kernel.org:443 "GET /r/20260226192936.3190275-5-joshua.hahnjy@gmail.com/t.mbox.gz HTTP/1.1" 302 138
19:42:25 ric [DEBUG] https://lore.kernel.org:443 "GET /all/20260226192936.3190275-5-joshua.hahnjy@gmail.com/t.mbox.gz HTTP/1.1" 200 None
19:42:25 ric [INFO]   [18/27] [PATCH 5/8] mm/zsmalloc,zswap: Redirect zswap_entry->obcg to zpdesc
19:42:25 ric [DEBUG] Fetching thread: https://lore.kernel.org/r/20260226192936.3190275-6-joshua.hahnjy@gmail.com/t.mbox.gz
19:42:26 ric [DEBUG] https://lore.kernel.org:443 "GET /r/20260226192936.3190275-6-joshua.hahnjy@gmail.com/t.mbox.gz HTTP/1.1" 302 138
19:42:26 ric [DEBUG] https://lore.kernel.org:443 "GET /all/20260226192936.3190275-6-joshua.hahnjy@gmail.com/t.mbox.gz HTTP/1.1" 200 None
19:42:26 ric [INFO]   [19/27] [PATCH 6/8] mm/zsmalloc, zswap: Handle objcg charging and lifetime in …
19:42:26 ric [DEBUG] Fetching thread: https://lore.kernel.org/r/20260226192936.3190275-7-joshua.hahnjy@gmail.com/t.mbox.gz
19:42:27 ric [DEBUG] https://lore.kernel.org:443 "GET /r/20260226192936.3190275-7-joshua.hahnjy@gmail.com/t.mbox.gz HTTP/1.1" 302 138
19:42:27 ric [DEBUG] https://lore.kernel.org:443 "GET /all/20260226192936.3190275-7-joshua.hahnjy@gmail.com/t.mbox.gz HTTP/1.1" 200 None
19:42:27 ric [INFO]   [20/27] [PATCH 7/8] mm/memcontrol: Track MEMCG_ZSWAPPED in bytes
19:42:27 ric [DEBUG] Fetching thread: https://lore.kernel.org/r/20260226192936.3190275-8-joshua.hahnjy@gmail.com/t.mbox.gz
19:42:28 ric [DEBUG] https://lore.kernel.org:443 "GET /r/20260226192936.3190275-8-joshua.hahnjy@gmail.com/t.mbox.gz HTTP/1.1" 302 138
19:42:28 ric [DEBUG] https://lore.kernel.org:443 "GET /all/20260226192936.3190275-8-joshua.hahnjy@gmail.com/t.mbox.gz HTTP/1.1" 200 None
19:42:28 ric [INFO]   [21/27] [PATCH 8/8] mm/vmstat, memcontrol: Track ZSWAP_B, ZSWAPPED_B per-memcg…
19:42:28 ric [DEBUG] Fetching thread: https://lore.kernel.org/r/20260226192936.3190275-9-joshua.hahnjy@gmail.com/t.mbox.gz
19:42:29 ric [DEBUG] https://lore.kernel.org:443 "GET /r/20260226192936.3190275-9-joshua.hahnjy@gmail.com/t.mbox.gz HTTP/1.1" 302 138
19:42:29 ric [DEBUG] https://lore.kernel.org:443 "GET /all/20260226192936.3190275-9-joshua.hahnjy@gmail.com/t.mbox.gz HTTP/1.1" 200 None
19:42:29 ric [INFO]   [22/27] Re: [PATCH 05/11] mm/zsmalloc: Store obj_cgroup pointer in zspage
19:42:29 ric [DEBUG] Fetching thread: https://lore.kernel.org/r/20260311202439.324081-1-joshua.hahnjy@gmail.com/t.mbox.gz
19:42:30 ric [DEBUG] https://lore.kernel.org:443 "GET /r/20260311202439.324081-1-joshua.hahnjy@gmail.com/t.mbox.gz HTTP/1.1" 302 138
19:42:30 ric [DEBUG] https://lore.kernel.org:443 "GET /all/20260311202439.324081-1-joshua.hahnjy@gmail.com/t.mbox.gz HTTP/1.1" 200 None
19:42:30 ric [INFO]   [23/27] Re: [PATCH 04/11] mm/zsmalloc: Introduce objcgs pointer in struct zspa…
19:42:30 ric [DEBUG] Fetching thread: https://lore.kernel.org/r/20260311202230.294520-1-joshua.hahnjy@gmail.com/t.mbox.gz
19:42:31 ric [DEBUG] https://lore.kernel.org:443 "GET /r/20260311202230.294520-1-joshua.hahnjy@gmail.com/t.mbox.gz HTTP/1.1" 302 138
19:42:31 ric [DEBUG] https://lore.kernel.org:443 "GET /all/20260311202230.294520-1-joshua.hahnjy@gmail.com/t.mbox.gz HTTP/1.1" 200 None
19:42:31 ric [INFO]   [24/27] Re: [PATCH 03/11] mm/zsmalloc: Introduce conditional memcg awareness t…
19:42:31 ric [DEBUG] Fetching thread: https://lore.kernel.org/r/20260311202037.265101-1-joshua.hahnjy@gmail.com/t.mbox.gz
19:42:32 ric [DEBUG] https://lore.kernel.org:443 "GET /r/20260311202037.265101-1-joshua.hahnjy@gmail.com/t.mbox.gz HTTP/1.1" 302 138
19:42:32 ric [DEBUG] https://lore.kernel.org:443 "GET /all/20260311202037.265101-1-joshua.hahnjy@gmail.com/t.mbox.gz HTTP/1.1" 200 None
19:42:32 ric [INFO]   [25/27] Re: [PATCH 00/11] mm/zswap, zsmalloc: Per-memcg-lruvec zswap accountin…
19:42:32 ric [DEBUG] Fetching thread: https://lore.kernel.org/r/20260311195416.4050026-1-joshua.hahnjy@gmail.com/t.mbox.gz
19:42:33 ric [DEBUG] https://lore.kernel.org:443 "GET /r/20260311195416.4050026-1-joshua.hahnjy@gmail.com/t.mbox.gz HTTP/1.1" 302 138
19:42:33 ric [DEBUG] https://lore.kernel.org:443 "GET /all/20260311195416.4050026-1-joshua.hahnjy@gmail.com/t.mbox.gz HTTP/1.1" 200 None
19:42:33 ric [INFO]   [26/27] Re: [PATCH 1/4] mm: Move demotion related functions in memory-tiers.c
19:42:33 ric [DEBUG] Fetching thread: https://lore.kernel.org/r/20260311145547.2461611-1-joshua.hahnjy@gmail.com/t.mbox.gz
19:42:34 ric [DEBUG] https://lore.kernel.org:443 "GET /r/20260311145547.2461611-1-joshua.hahnjy@gmail.com/t.mbox.gz HTTP/1.1" 302 138
19:42:34 ric [DEBUG] https://lore.kernel.org:443 "GET /all/20260311145547.2461611-1-joshua.hahnjy@gmail.com/t.mbox.gz HTTP/1.1" 200 None
19:42:34 ric [INFO]   [27/27] Re: [PATCH 2/4] mm: Rename node_get_allowed_targets() to make it more …
19:42:34 ric [DEBUG] Fetching thread: https://lore.kernel.org/r/20260311150241.2579851-1-joshua.hahnjy@gmail.com/t.mbox.gz
19:42:35 ric [DEBUG] https://lore.kernel.org:443 "GET /r/20260311150241.2579851-1-joshua.hahnjy@gmail.com/t.mbox.gz HTTP/1.1" 302 138
19:42:35 ric [DEBUG] https://lore.kernel.org:443 "GET /all/20260311150241.2579851-1-joshua.hahnjy@gmail.com/t.mbox.gz HTTP/1.1" 200 None
19:42:35 ric [INFO] [9/16] Processing JP Kobryn for 2026-03-11...
19:42:35 ric [DEBUG] Fetching messages for inwardvessel@gmail.com on 20260311: https://lore.kernel.org/all/?q=f:inwardvessel@gmail.com+d:20260311..20260311&x=A
19:42:36 ric [DEBUG] https://lore.kernel.org:443 "GET /all/?q=f:inwardvessel@gmail.com+d:20260311..20260311&x=A HTTP/1.1" 404 577
19:42:36 ric [DEBUG] No messages found for inwardvessel@gmail.com on 20260311 (404)
19:42:36 ric [INFO]   JP Kobryn (inwardvessel@gmail.com): 0 messages
19:42:36 ric [DEBUG] Fetching messages for jp.kobryn@linux.dev on 20260311: https://lore.kernel.org/all/?q=f:jp.kobryn@linux.dev+d:20260311..20260311&x=A
19:42:37 ric [DEBUG] https://lore.kernel.org:443 "GET /all/?q=f:jp.kobryn@linux.dev+d:20260311..20260311&x=A HTTP/1.1" 200 None
19:42:37 ric [INFO]   JP Kobryn (jp.kobryn@linux.dev): 1 messages
19:42:37 ric [DEBUG] Fetching raw message: https://lore.kernel.org/r/a26df89c-5504-445d-a639-ffd2d12efaf5@linux.dev/raw
19:42:38 ric [DEBUG] https://lore.kernel.org:443 "GET /r/a26df89c-5504-445d-a639-ffd2d12efaf5@linux.dev/raw HTTP/1.1" 302 138
19:42:38 ric [DEBUG] https://lore.kernel.org:443 "GET /all/a26df89c-5504-445d-a639-ffd2d12efaf5@linux.dev/raw HTTP/1.1" 200 None
19:42:38 ric [DEBUG] REVIEW: Re: [PATCH v2] mm/mempolicy: track page allocations per mempolicy
19:42:38 ric [INFO]   JP Kobryn: 0 patches, 1 reviews, 0 acks (20260311)
19:42:38 ric [DEBUG] Fetching messages for inwardvessel@gmail.com from 20260225 to 20260310: https://lore.kernel.org/all/?q=f:inwardvessel@gmail.com+d:20260225..20260310&x=A
19:42:39 ric [DEBUG] https://lore.kernel.org:443 "GET /all/?q=f:inwardvessel@gmail.com+d:20260225..20260310&x=A HTTP/1.1" 404 580
19:42:39 ric [DEBUG] No messages found for inwardvessel@gmail.com in range 20260225..20260310 (404)
19:42:39 ric [DEBUG]   JP Kobryn (inwardvessel@gmail.com): 0 patch submissions in last 14 days
19:42:39 ric [DEBUG] Fetching messages for jp.kobryn@linux.dev from 20260225 to 20260310: https://lore.kernel.org/all/?q=f:jp.kobryn@linux.dev+d:20260225..20260310&x=A
19:42:40 ric [DEBUG] https://lore.kernel.org:443 "GET /all/?q=f:jp.kobryn@linux.dev+d:20260225..20260310&x=A HTTP/1.1" 200 None
19:42:40 ric [DEBUG]   JP Kobryn (jp.kobryn@linux.dev): 2 patch submissions in last 14 days
19:42:40 ric [INFO]   JP Kobryn: 2 recent patch series to check for activity on 2026-03-11
19:42:40 ric [DEBUG] Fetching thread: https://lore.kernel.org/r/20260307045520.247998-1-jp.kobryn@linux.dev/t.mbox.gz
19:42:41 ric [DEBUG] https://lore.kernel.org:443 "GET /r/20260307045520.247998-1-jp.kobryn@linux.dev/t.mbox.gz HTTP/1.1" 302 138
19:42:41 ric [DEBUG] https://lore.kernel.org:443 "GET /all/20260307045520.247998-1-jp.kobryn@linux.dev/t.mbox.gz HTTP/1.1" 200 None
19:42:41 ric [DEBUG]   ONGOING: [PATCH v2] mm/mempolicy: track page allocations per mempolicy
19:42:41 ric [DEBUG] Fetching thread: https://lore.kernel.org/r/20260305233526.32607-1-jp.kobryn@linux.dev/t.mbox.gz
19:42:42 ric [DEBUG] https://lore.kernel.org:443 "GET /r/20260305233526.32607-1-jp.kobryn@linux.dev/t.mbox.gz HTTP/1.1" 302 138
19:42:42 ric [DEBUG] https://lore.kernel.org:443 "GET /all/20260305233526.32607-1-jp.kobryn@linux.dev/t.mbox.gz HTTP/1.1" 200 None
19:42:42 ric [INFO]   JP Kobryn: 1 ongoing patches with activity on 2026-03-11
19:42:42 ric [INFO]   [1/2] [PATCH v2] mm/mempolicy: track page allocations per mempolicy
19:42:42 ric [INFO]   [2/2] Re: [PATCH v2] mm/mempolicy: track page allocations per mempolicy
19:42:42 ric [DEBUG] Fetching thread: https://lore.kernel.org/r/a26df89c-5504-445d-a639-ffd2d12efaf5@linux.dev/t.mbox.gz
19:42:43 ric [DEBUG] https://lore.kernel.org:443 "GET /r/a26df89c-5504-445d-a639-ffd2d12efaf5@linux.dev/t.mbox.gz HTTP/1.1" 302 138
19:42:43 ric [DEBUG] https://lore.kernel.org:443 "GET /all/a26df89c-5504-445d-a639-ffd2d12efaf5@linux.dev/t.mbox.gz HTTP/1.1" 200 None
19:42:43 ric [INFO] [10/16] Processing Kiryl Shutsemau for 2026-03-11...
19:42:43 ric [DEBUG] Fetching messages for kas@kernel.org on 20260311: https://lore.kernel.org/all/?q=f:kas@kernel.org+d:20260311..20260311&x=A
19:42:44 ric [DEBUG] https://lore.kernel.org:443 "GET /all/?q=f:kas@kernel.org+d:20260311..20260311&x=A HTTP/1.1" 404 566
19:42:44 ric [DEBUG] No messages found for kas@kernel.org on 20260311 (404)
19:42:44 ric [INFO]   Kiryl Shutsemau (kas@kernel.org): 0 messages
19:42:44 ric [DEBUG] Fetching messages for kirill@shutemov.name on 20260311: https://lore.kernel.org/all/?q=f:kirill@shutemov.name+d:20260311..20260311&x=A
19:42:45 ric [DEBUG] https://lore.kernel.org:443 "GET /all/?q=f:kirill@shutemov.name+d:20260311..20260311&x=A HTTP/1.1" 404 574
19:42:45 ric [DEBUG] No messages found for kirill@shutemov.name on 20260311 (404)
19:42:45 ric [INFO]   Kiryl Shutsemau (kirill@shutemov.name): 0 messages
19:42:45 ric [INFO]   Kiryl Shutsemau: 0 patches, 0 reviews, 0 acks (20260311)
19:42:45 ric [DEBUG] Fetching messages for kas@kernel.org from 20260225 to 20260310: https://lore.kernel.org/all/?q=f:kas@kernel.org+d:20260225..20260310&x=A
19:42:46 ric [DEBUG] https://lore.kernel.org:443 "GET /all/?q=f:kas@kernel.org+d:20260225..20260310&x=A HTTP/1.1" 200 None
19:42:46 ric [DEBUG]   Kiryl Shutsemau (kas@kernel.org): 78 patch submissions in last 14 days
19:42:46 ric [DEBUG] Fetching messages for kirill@shutemov.name from 20260225 to 20260310: https://lore.kernel.org/all/?q=f:kirill@shutemov.name+d:20260225..20260310&x=A
19:42:47 ric [DEBUG] https://lore.kernel.org:443 "GET /all/?q=f:kirill@shutemov.name+d:20260225..20260310&x=A HTTP/1.1" 200 None
19:42:47 ric [DEBUG]   Kiryl Shutsemau (kirill@shutemov.name): 0 patch submissions in last 14 days
19:42:47 ric [INFO]   Kiryl Shutsemau: 3 recent patch series to check for activity on 2026-03-11
19:42:47 ric [DEBUG] Fetching thread: https://lore.kernel.org/r/20260302105630.303492-1-kas@kernel.org/t.mbox.gz
19:42:48 ric [DEBUG] https://lore.kernel.org:443 "GET /r/20260302105630.303492-1-kas@kernel.org/t.mbox.gz HTTP/1.1" 302 138
19:42:48 ric [DEBUG] https://lore.kernel.org:443 "GET /all/20260302105630.303492-1-kas@kernel.org/t.mbox.gz HTTP/1.1" 200 None
19:42:48 ric [DEBUG] Fetching thread: https://lore.kernel.org/r/20260227194302.274384-19-kas@kernel.org/t.mbox.gz
19:42:49 ric [DEBUG] https://lore.kernel.org:443 "GET /r/20260227194302.274384-19-kas@kernel.org/t.mbox.gz HTTP/1.1" 302 138
19:42:49 ric [DEBUG] https://lore.kernel.org:443 "GET /all/20260227194302.274384-19-kas@kernel.org/t.mbox.gz HTTP/1.1" 200 None
19:42:49 ric [DEBUG] Fetching thread: https://lore.kernel.org/r/20260202155634.650837-1-kas@kernel.org/t.mbox.gz
19:42:50 ric [DEBUG] https://lore.kernel.org:443 "GET /r/20260202155634.650837-1-kas@kernel.org/t.mbox.gz HTTP/1.1" 302 138
19:42:50 ric [DEBUG] https://lore.kernel.org:443 "GET /all/20260202155634.650837-1-kas@kernel.org/t.mbox.gz HTTP/1.1" 200 None
19:42:50 ric [INFO] [11/16] Processing Leo Martins for 2026-03-11...
19:42:50 ric [DEBUG] Fetching messages for loemra.dev@gmail.com on 20260311: https://lore.kernel.org/all/?q=f:loemra.dev@gmail.com+d:20260311..20260311&x=A
19:42:51 ric [DEBUG] https://lore.kernel.org:443 "GET /all/?q=f:loemra.dev@gmail.com+d:20260311..20260311&x=A HTTP/1.1" 404 575
19:42:51 ric [DEBUG] No messages found for loemra.dev@gmail.com on 20260311 (404)
19:42:51 ric [INFO]   Leo Martins (loemra.dev@gmail.com): 0 messages
19:42:51 ric [INFO]   Leo Martins: 0 patches, 0 reviews, 0 acks (20260311)
19:42:51 ric [DEBUG] Fetching messages for loemra.dev@gmail.com from 20260225 to 20260310: https://lore.kernel.org/all/?q=f:loemra.dev@gmail.com+d:20260225..20260310&x=A
19:42:52 ric [DEBUG] https://lore.kernel.org:443 "GET /all/?q=f:loemra.dev@gmail.com+d:20260225..20260310&x=A HTTP/1.1" 200 None
19:42:52 ric [DEBUG]   Leo Martins (loemra.dev@gmail.com): 4 patch submissions in last 14 days
19:42:52 ric [INFO]   Leo Martins: 4 recent patch series to check for activity on 2026-03-11
19:42:52 ric [DEBUG] Fetching thread: https://lore.kernel.org/r/29af2660c8c3946d422f57910ec50916463a345b.1772097864.git.loemra.dev@gmail.com/t.mbox.gz
19:42:53 ric [DEBUG] https://lore.kernel.org:443 "GET /r/29af2660c8c3946d422f57910ec50916463a345b.1772097864.git.loemra.dev@gmail.com/t.mbox.gz HTTP/1.1" 302 138
19:42:53 ric [DEBUG] https://lore.kernel.org:443 "GET /all/29af2660c8c3946d422f57910ec50916463a345b.1772097864.git.loemra.dev@gmail.com/t.mbox.gz HTTP/1.1" 200 None
19:42:53 ric [DEBUG] Fetching thread: https://lore.kernel.org/r/9e49ee6ee946e6cabb6b691693a955dbd201055c.1772097864.git.loemra.dev@gmail.com/t.mbox.gz
19:42:54 ric [DEBUG] https://lore.kernel.org:443 "GET /r/9e49ee6ee946e6cabb6b691693a955dbd201055c.1772097864.git.loemra.dev@gmail.com/t.mbox.gz HTTP/1.1" 302 138
19:42:54 ric [DEBUG] https://lore.kernel.org:443 "GET /all/9e49ee6ee946e6cabb6b691693a955dbd201055c.1772097864.git.loemra.dev@gmail.com/t.mbox.gz HTTP/1.1" 200 None
19:42:54 ric [DEBUG] Fetching thread: https://lore.kernel.org/r/e8e4f5e396d821ba9ed6a4eee073ae8628d52aeb.1772097864.git.loemra.dev@gmail.com/t.mbox.gz
19:42:55 ric [DEBUG] https://lore.kernel.org:443 "GET /r/e8e4f5e396d821ba9ed6a4eee073ae8628d52aeb.1772097864.git.loemra.dev@gmail.com/t.mbox.gz HTTP/1.1" 302 138
19:42:55 ric [DEBUG] https://lore.kernel.org:443 "GET /all/e8e4f5e396d821ba9ed6a4eee073ae8628d52aeb.1772097864.git.loemra.dev@gmail.com/t.mbox.gz HTTP/1.1" 200 None
19:42:55 ric [DEBUG] Fetching thread: https://lore.kernel.org/r/cover.1772097864.git.loemra.dev@gmail.com/t.mbox.gz
19:42:56 ric [DEBUG] https://lore.kernel.org:443 "GET /r/cover.1772097864.git.loemra.dev@gmail.com/t.mbox.gz HTTP/1.1" 302 138
19:42:56 ric [DEBUG] https://lore.kernel.org:443 "GET /all/cover.1772097864.git.loemra.dev@gmail.com/t.mbox.gz HTTP/1.1" 200 None
19:42:56 ric [INFO] [12/16] Processing Mark Harmstone for 2026-03-11...
19:42:56 ric [DEBUG] Fetching messages for mark@harmstone.com on 20260311: https://lore.kernel.org/all/?q=f:mark@harmstone.com+d:20260311..20260311&x=A
19:42:57 ric [DEBUG] https://lore.kernel.org:443 "GET /all/?q=f:mark@harmstone.com+d:20260311..20260311&x=A HTTP/1.1" 404 573
19:42:57 ric [DEBUG] No messages found for mark@harmstone.com on 20260311 (404)
19:42:57 ric [INFO]   Mark Harmstone (mark@harmstone.com): 0 messages
19:42:57 ric [INFO]   Mark Harmstone: 0 patches, 0 reviews, 0 acks (20260311)
19:42:57 ric [DEBUG] Fetching messages for mark@harmstone.com from 20260225 to 20260310: https://lore.kernel.org/all/?q=f:mark@harmstone.com+d:20260225..20260310&x=A
19:42:58 ric [DEBUG] https://lore.kernel.org:443 "GET /all/?q=f:mark@harmstone.com+d:20260225..20260310&x=A HTTP/1.1" 200 None
19:42:58 ric [DEBUG]   Mark Harmstone (mark@harmstone.com): 5 patch submissions in last 14 days
19:42:58 ric [INFO]   Mark Harmstone: 3 recent patch series to check for activity on 2026-03-11
19:42:58 ric [DEBUG] Fetching thread: https://lore.kernel.org/r/20260309185050.5895-1-mark@harmstone.com/t.mbox.gz
19:42:59 ric [DEBUG] https://lore.kernel.org:443 "GET /r/20260309185050.5895-1-mark@harmstone.com/t.mbox.gz HTTP/1.1" 302 138
19:42:59 ric [DEBUG] https://lore.kernel.org:443 "GET /all/20260309185050.5895-1-mark@harmstone.com/t.mbox.gz HTTP/1.1" 200 None
19:42:59 ric [DEBUG] Fetching thread: https://lore.kernel.org/r/20260306141843.27186-1-mark@harmstone.com/t.mbox.gz
19:43:00 ric [DEBUG] https://lore.kernel.org:443 "GET /r/20260306141843.27186-1-mark@harmstone.com/t.mbox.gz HTTP/1.1" 302 138
19:43:00 ric [DEBUG] https://lore.kernel.org:443 "GET /all/20260306141843.27186-1-mark@harmstone.com/t.mbox.gz HTTP/1.1" 200 None
19:43:00 ric [DEBUG] Fetching thread: https://lore.kernel.org/r/20260225103610.18494-1-mark@harmstone.com/t.mbox.gz
19:43:01 ric [DEBUG] https://lore.kernel.org:443 "GET /r/20260225103610.18494-1-mark@harmstone.com/t.mbox.gz HTTP/1.1" 302 138
19:43:01 ric [DEBUG] https://lore.kernel.org:443 "GET /all/20260225103610.18494-1-mark@harmstone.com/t.mbox.gz HTTP/1.1" 200 10233
19:43:01 ric [INFO] [13/16] Processing Nhat Pham for 2026-03-11...
19:43:01 ric [DEBUG] Fetching messages for nphamcs@gmail.com on 20260311: https://lore.kernel.org/all/?q=f:nphamcs@gmail.com+d:20260311..20260311&x=A
19:43:02 ric [DEBUG] https://lore.kernel.org:443 "GET /all/?q=f:nphamcs@gmail.com+d:20260311..20260311&x=A HTTP/1.1" 200 None
19:43:02 ric [INFO]   Nhat Pham (nphamcs@gmail.com): 5 messages
19:43:02 ric [DEBUG] Fetching messages for hoangnhat.pham@linux.dev on 20260311: https://lore.kernel.org/all/?q=f:hoangnhat.pham@linux.dev+d:20260311..20260311&x=A
19:43:03 ric [DEBUG] https://lore.kernel.org:443 "GET /all/?q=f:hoangnhat.pham@linux.dev+d:20260311..20260311&x=A HTTP/1.1" 404 579
19:43:03 ric [DEBUG] No messages found for hoangnhat.pham@linux.dev on 20260311 (404)
19:43:03 ric [INFO]   Nhat Pham (hoangnhat.pham@linux.dev): 0 messages
19:43:03 ric [DEBUG] Fetching raw message: https://lore.kernel.org/r/CAKEwX=OySmc1SnnzYBjL7vn4o9bf2BiSzUUHtx+6hpU4oCu93Q@mail.gmail.com/raw
19:43:04 ric [DEBUG] https://lore.kernel.org:443 "GET /r/CAKEwX=OySmc1SnnzYBjL7vn4o9bf2BiSzUUHtx+6hpU4oCu93Q@mail.gmail.com/raw HTTP/1.1" 302 138
19:43:04 ric [DEBUG] https://lore.kernel.org:443 "GET /all/CAKEwX=OySmc1SnnzYBjL7vn4o9bf2BiSzUUHtx+6hpU4oCu93Q@mail.gmail.com/raw HTTP/1.1" 200 None
19:43:04 ric [DEBUG] ACK (Reviewed-by): Re: [PATCH 08/11] mm/memcontrol: Track MEMCG_ZSWAPPED in bytes
19:43:04 ric [DEBUG] Fetching raw message: https://lore.kernel.org/r/CAKEwX=Ns9zGhSSYOfVunb2dR-i-0krFP4SKQfro2FztLkbH6-g@mail.gmail.com/raw
19:43:05 ric [DEBUG] https://lore.kernel.org:443 "GET /r/CAKEwX=Ns9zGhSSYOfVunb2dR-i-0krFP4SKQfro2FztLkbH6-g@mail.gmail.com/raw HTTP/1.1" 302 138
19:43:05 ric [DEBUG] https://lore.kernel.org:443 "GET /all/CAKEwX=Ns9zGhSSYOfVunb2dR-i-0krFP4SKQfro2FztLkbH6-g@mail.gmail.com/raw HTTP/1.1" 200 None
19:43:05 ric [DEBUG] REVIEW: Re: [PATCH 04/11] mm/zsmalloc: Introduce objcgs pointer in struct zspage
19:43:05 ric [DEBUG] Fetching raw message: https://lore.kernel.org/r/CAKEwX=MJwk0_zqtfkfgUcyBytedYNzSWP=tSA7JotApenSA4Dw@mail.gmail.com/raw
19:43:06 ric [DEBUG] https://lore.kernel.org:443 "GET /r/CAKEwX=MJwk0_zqtfkfgUcyBytedYNzSWP=tSA7JotApenSA4Dw@mail.gmail.com/raw HTTP/1.1" 302 138
19:43:06 ric [DEBUG] https://lore.kernel.org:443 "GET /all/CAKEwX=MJwk0_zqtfkfgUcyBytedYNzSWP=tSA7JotApenSA4Dw@mail.gmail.com/raw HTTP/1.1" 200 None
19:43:06 ric [DEBUG] ACK (Acked-by): Re: [PATCH 03/11] mm/zsmalloc: Introduce conditional memcg awareness to zs_pool
19:43:06 ric [DEBUG] Fetching raw message: https://lore.kernel.org/r/CAKEwX=O=uc+8=sP4YxBarD2np=RCxQgJepBAp-W0OSM1TkSb=w@mail.gmail.com/raw
19:43:07 ric [DEBUG] https://lore.kernel.org:443 "GET /r/CAKEwX=O=uc+8=sP4YxBarD2np=RCxQgJepBAp-W0OSM1TkSb=w@mail.gmail.com/raw HTTP/1.1" 302 138
19:43:07 ric [DEBUG] https://lore.kernel.org:443 "GET /all/CAKEwX=O=uc+8=sP4YxBarD2np=RCxQgJepBAp-W0OSM1TkSb=w@mail.gmail.com/raw HTTP/1.1" 200 None
19:43:07 ric [DEBUG] ACK (Reviewed-by): Re: [PATCH 02/11] mm/zsmalloc: Make all obj_idx unsigned ints
19:43:07 ric [DEBUG] Fetching raw message: https://lore.kernel.org/r/CAKEwX=MmnnTcxQxSJB86ZMfQ0cCndx3sBDo_xKJWwBuzVJkOgw@mail.gmail.com/raw
