01:13:59 Ame [INFO] Generating report for 2026-02-20
01:13:59 Ame [INFO] Log file: logs\2026-02-20.log
01:13:59 Ame [INFO] [1/16] Processing Alexandre Ghiti for 2026-02-20...
01:13:59 Ame [DEBUG] Fetching messages for alexghiti@rivosinc.com on 20260220: https://lore.kernel.org/all/?q=f:alexghiti@rivosinc.com+d:20260220..20260220&x=A
01:13:59 Ame [DEBUG] Starting new HTTPS connection (1): lore.kernel.org:443
01:14:01 Ame [DEBUG] https://lore.kernel.org:443 "GET /all/?q=f:alexghiti@rivosinc.com+d:20260220..20260220&x=A HTTP/1.1" 404 576
01:14:01 Ame [DEBUG] No messages found for alexghiti@rivosinc.com on 20260220 (404)
01:14:01 Ame [INFO]   Alexandre Ghiti (alexghiti@rivosinc.com): 0 messages
01:14:01 Ame [DEBUG] Fetching messages for alex@ghiti.fr on 20260220: https://lore.kernel.org/all/?q=f:alex@ghiti.fr+d:20260220..20260220&x=A
01:14:01 Ame [DEBUG] https://lore.kernel.org:443 "GET /all/?q=f:alex@ghiti.fr+d:20260220..20260220&x=A HTTP/1.1" 404 569
01:14:01 Ame [DEBUG] No messages found for alex@ghiti.fr on 20260220 (404)
01:14:01 Ame [INFO]   Alexandre Ghiti (alex@ghiti.fr): 0 messages
01:14:01 Ame [INFO]   Alexandre Ghiti: 0 patches, 0 reviews, 0 acks (20260220)
01:14:01 Ame [DEBUG] Fetching messages for alexghiti@rivosinc.com from 20260206 to 20260219: https://lore.kernel.org/all/?q=f:alexghiti@rivosinc.com+d:20260206..20260219&x=A
01:14:02 Ame [DEBUG] https://lore.kernel.org:443 "GET /all/?q=f:alexghiti@rivosinc.com+d:20260206..20260219&x=A HTTP/1.1" 404 578
01:14:02 Ame [DEBUG] No messages found for alexghiti@rivosinc.com in range 20260206..20260219 (404)
01:14:02 Ame [DEBUG]   Alexandre Ghiti (alexghiti@rivosinc.com): 0 patch submissions in last 14 days
01:14:02 Ame [DEBUG] Fetching messages for alex@ghiti.fr from 20260206 to 20260219: https://lore.kernel.org/all/?q=f:alex@ghiti.fr+d:20260206..20260219&x=A
01:14:03 Ame [DEBUG] https://lore.kernel.org:443 "GET /all/?q=f:alex@ghiti.fr+d:20260206..20260219&x=A HTTP/1.1" 404 570
01:14:03 Ame [DEBUG] No messages found for alex@ghiti.fr in range 20260206..20260219 (404)
01:14:03 Ame [DEBUG]   Alexandre Ghiti (alex@ghiti.fr): 0 patch submissions in last 14 days
01:14:03 Ame [INFO] [2/16] Processing Boris Burkov for 2026-02-20...
01:14:03 Ame [DEBUG] Fetching messages for boris@bur.io on 20260220: https://lore.kernel.org/all/?q=f:boris@bur.io+d:20260220..20260220&x=A
01:14:04 Ame [DEBUG] https://lore.kernel.org:443 "GET /all/?q=f:boris@bur.io+d:20260220..20260220&x=A HTTP/1.1" 404 568
01:14:04 Ame [DEBUG] No messages found for boris@bur.io on 20260220 (404)
01:14:04 Ame [INFO]   Boris Burkov (boris@bur.io): 0 messages
01:14:04 Ame [INFO]   Boris Burkov: 0 patches, 0 reviews, 0 acks (20260220)
01:14:04 Ame [DEBUG] Fetching messages for boris@bur.io from 20260206 to 20260219: https://lore.kernel.org/all/?q=f:boris@bur.io+d:20260206..20260219&x=A
01:14:05 Ame [DEBUG] https://lore.kernel.org:443 "GET /all/?q=f:boris@bur.io+d:20260206..20260219&x=A HTTP/1.1" 200 None
01:14:05 Ame [DEBUG]   Boris Burkov (boris@bur.io): 2 patch submissions in last 14 days
01:14:05 Ame [INFO]   Boris Burkov: 2 recent patch series to check for activity on 2026-02-20
01:14:05 Ame [DEBUG] Fetching thread: https://lore.kernel.org/r/718a3b0c2275324b9e287af7e4434f55a4a45901.1771529877.git.boris@bur.io/t.mbox.gz
01:14:06 Ame [DEBUG] https://lore.kernel.org:443 "GET /r/718a3b0c2275324b9e287af7e4434f55a4a45901.1771529877.git.boris@bur.io/t.mbox.gz HTTP/1.1" 302 138
01:14:06 Ame [DEBUG] https://lore.kernel.org:443 "GET /all/718a3b0c2275324b9e287af7e4434f55a4a45901.1771529877.git.boris@bur.io/t.mbox.gz HTTP/1.1" 200 None
01:14:06 Ame [DEBUG]   ONGOING: [PATCH 1/1] btrfs: set BTRFS_ROOT_ORPHAN_CLEANUP during subvol create
01:14:06 Ame [DEBUG] Fetching thread: https://lore.kernel.org/r/b47c68886c6e5174a2281e45c93f486a2aa73752.1770845275.git.boris@bur.io/t.mbox.gz
01:14:07 Ame [DEBUG] https://lore.kernel.org:443 "GET /r/b47c68886c6e5174a2281e45c93f486a2aa73752.1770845275.git.boris@bur.io/t.mbox.gz HTTP/1.1" 302 138
01:14:07 Ame [DEBUG] https://lore.kernel.org:443 "GET /all/b47c68886c6e5174a2281e45c93f486a2aa73752.1770845275.git.boris@bur.io/t.mbox.gz HTTP/1.1" 200 None
01:14:07 Ame [INFO]   Boris Burkov: 1 ongoing patches with activity on 2026-02-20
01:14:07 Ame [INFO]   [1/1] [PATCH 1/1] btrfs: set BTRFS_ROOT_ORPHAN_CLEANUP during subvol create
01:14:07 Ame [INFO] [3/16] Processing Dmitry Ilvokhin for 2026-02-20...
01:14:07 Ame [DEBUG] Fetching messages for d@ilvokhin.com on 20260220: https://lore.kernel.org/all/?q=f:d@ilvokhin.com+d:20260220..20260220&x=A
01:14:08 Ame [DEBUG] https://lore.kernel.org:443 "GET /all/?q=f:d@ilvokhin.com+d:20260220..20260220&x=A HTTP/1.1" 404 570
01:14:08 Ame [DEBUG] No messages found for d@ilvokhin.com on 20260220 (404)
01:14:08 Ame [INFO]   Dmitry Ilvokhin (d@ilvokhin.com): 0 messages
01:14:08 Ame [INFO]   Dmitry Ilvokhin: 0 patches, 0 reviews, 0 acks (20260220)
01:14:08 Ame [DEBUG] Fetching messages for d@ilvokhin.com from 20260206 to 20260219: https://lore.kernel.org/all/?q=f:d@ilvokhin.com+d:20260206..20260219&x=A
01:14:09 Ame [DEBUG] https://lore.kernel.org:443 "GET /all/?q=f:d@ilvokhin.com+d:20260206..20260219&x=A HTTP/1.1" 200 None
01:14:09 Ame [DEBUG]   Dmitry Ilvokhin (d@ilvokhin.com): 5 patch submissions in last 14 days
01:14:09 Ame [INFO]   Dmitry Ilvokhin: 5 recent patch series to check for activity on 2026-02-20
01:14:09 Ame [DEBUG] Fetching thread: https://lore.kernel.org/r/1d2a7778aeee03abf8a11528ce8d4926ca78e9b4.1770821420.git.d@ilvokhin.com/t.mbox.gz
01:14:10 Ame [DEBUG] https://lore.kernel.org:443 "GET /r/1d2a7778aeee03abf8a11528ce8d4926ca78e9b4.1770821420.git.d@ilvokhin.com/t.mbox.gz HTTP/1.1" 302 138
01:14:10 Ame [DEBUG] https://lore.kernel.org:443 "GET /all/1d2a7778aeee03abf8a11528ce8d4926ca78e9b4.1770821420.git.d@ilvokhin.com/t.mbox.gz HTTP/1.1" 200 None
01:14:10 Ame [DEBUG]   ONGOING: [PATCH 4/4] mm: add tracepoints for zone lock
01:14:10 Ame [DEBUG] Fetching thread: https://lore.kernel.org/r/3462b7fd26123c69ccdd121a894da14bbfafdd9d.1770821420.git.d@ilvokhin.com/t.mbox.gz
01:14:11 Ame [DEBUG] https://lore.kernel.org:443 "GET /r/3462b7fd26123c69ccdd121a894da14bbfafdd9d.1770821420.git.d@ilvokhin.com/t.mbox.gz HTTP/1.1" 302 138
01:14:11 Ame [DEBUG] https://lore.kernel.org:443 "GET /all/3462b7fd26123c69ccdd121a894da14bbfafdd9d.1770821420.git.d@ilvokhin.com/t.mbox.gz HTTP/1.1" 200 None
01:14:11 Ame [DEBUG]   ONGOING: [PATCH 3/4] mm: convert compaction to zone lock wrappers
01:14:11 Ame [DEBUG] Fetching thread: https://lore.kernel.org/r/cover.1770821420.git.d@ilvokhin.com/t.mbox.gz
01:14:12 Ame [DEBUG] https://lore.kernel.org:443 "GET /r/cover.1770821420.git.d@ilvokhin.com/t.mbox.gz HTTP/1.1" 302 138
01:14:12 Ame [DEBUG] https://lore.kernel.org:443 "GET /all/cover.1770821420.git.d@ilvokhin.com/t.mbox.gz HTTP/1.1" 200 None
01:14:12 Ame [DEBUG]   ONGOING: [PATCH 0/4] mm: zone lock tracepoint instrumentation
01:14:12 Ame [DEBUG] Fetching thread: https://lore.kernel.org/r/7d1ee95201a8870445556e61e47161f46ade8b3b.1770821420.git.d@ilvokhin.com/t.mbox.gz
01:14:13 Ame [DEBUG] https://lore.kernel.org:443 "GET /r/7d1ee95201a8870445556e61e47161f46ade8b3b.1770821420.git.d@ilvokhin.com/t.mbox.gz HTTP/1.1" 302 138
01:14:13 Ame [DEBUG] https://lore.kernel.org:443 "GET /all/7d1ee95201a8870445556e61e47161f46ade8b3b.1770821420.git.d@ilvokhin.com/t.mbox.gz HTTP/1.1" 200 None
01:14:13 Ame [DEBUG]   ONGOING: [PATCH 2/4] mm: convert zone lock users to wrappers
01:14:13 Ame [DEBUG] Fetching thread: https://lore.kernel.org/r/3826dd6dc55a9c5721ec3de85f019764a6cf3222.1770821420.git.d@ilvokhin.com/t.mbox.gz
01:14:14 Ame [DEBUG] https://lore.kernel.org:443 "GET /r/3826dd6dc55a9c5721ec3de85f019764a6cf3222.1770821420.git.d@ilvokhin.com/t.mbox.gz HTTP/1.1" 302 138
01:14:14 Ame [DEBUG] https://lore.kernel.org:443 "GET /all/3826dd6dc55a9c5721ec3de85f019764a6cf3222.1770821420.git.d@ilvokhin.com/t.mbox.gz HTTP/1.1" 200 None
01:14:14 Ame [DEBUG]   ONGOING: [PATCH 1/4] mm: introduce zone lock wrappers
01:14:14 Ame [INFO]   Dmitry Ilvokhin: 5 ongoing patches with activity on 2026-02-20
01:14:14 Ame [INFO]   [1/5] [PATCH 4/4] mm: add tracepoints for zone lock
01:14:14 Ame [INFO]   [2/5] [PATCH 3/4] mm: convert compaction to zone lock wrappers
01:14:14 Ame [INFO]   [3/5] [PATCH 0/4] mm: zone lock tracepoint instrumentation
01:14:14 Ame [INFO]   [4/5] [PATCH 2/4] mm: convert zone lock users to wrappers
01:14:14 Ame [INFO]   [5/5] [PATCH 1/4] mm: introduce zone lock wrappers
01:14:14 Ame [INFO] [4/16] Processing Gregory Price for 2026-02-20...
01:14:14 Ame [DEBUG] Fetching messages for gourry@gourry.net on 20260220: https://lore.kernel.org/all/?q=f:gourry@gourry.net+d:20260220..20260220&x=A
01:14:15 Ame [DEBUG] https://lore.kernel.org:443 "GET /all/?q=f:gourry@gourry.net+d:20260220..20260220&x=A HTTP/1.1" 200 None
01:14:15 Ame [INFO]   Gregory Price (gourry@gourry.net): 1 messages
01:14:15 Ame [DEBUG] Fetching messages for gregory.price@memverge.com on 20260220: https://lore.kernel.org/all/?q=f:gregory.price@memverge.com+d:20260220..20260220&x=A
01:14:16 Ame [DEBUG] https://lore.kernel.org:443 "GET /all/?q=f:gregory.price@memverge.com+d:20260220..20260220&x=A HTTP/1.1" 404 579
01:14:16 Ame [DEBUG] No messages found for gregory.price@memverge.com on 20260220 (404)
01:14:16 Ame [INFO]   Gregory Price (gregory.price@memverge.com): 0 messages
01:14:16 Ame [DEBUG] Fetching raw message: https://lore.kernel.org/r/aZfv6qQR5DoZ7Chp@gourry-fedora-PF4VCD3F/raw
01:14:17 Ame [DEBUG] https://lore.kernel.org:443 "GET /r/aZfv6qQR5DoZ7Chp@gourry-fedora-PF4VCD3F/raw HTTP/1.1" 302 138
01:14:17 Ame [DEBUG] https://lore.kernel.org:443 "GET /all/aZfv6qQR5DoZ7Chp@gourry-fedora-PF4VCD3F/raw HTTP/1.1" 200 None
01:14:17 Ame [DEBUG] REVIEW: Re: [PATCH v3 3/3] cxl/core: use cleanup.h for devm_cxl_add_dax_region
01:14:17 Ame [INFO]   Gregory Price: 0 patches, 1 reviews, 0 acks (20260220)
01:14:17 Ame [DEBUG] Fetching messages for gourry@gourry.net from 20260206 to 20260219: https://lore.kernel.org/all/?q=f:gourry@gourry.net+d:20260206..20260219&x=A
01:14:18 Ame [DEBUG] https://lore.kernel.org:443 "GET /all/?q=f:gourry@gourry.net+d:20260206..20260219&x=A HTTP/1.1" 200 None
01:14:18 Ame [DEBUG]   Gregory Price (gourry@gourry.net): 8 patch submissions in last 14 days
01:14:18 Ame [DEBUG] Fetching messages for gregory.price@memverge.com from 20260206 to 20260219: https://lore.kernel.org/all/?q=f:gregory.price@memverge.com+d:20260206..20260219&x=A
01:14:19 Ame [DEBUG] https://lore.kernel.org:443 "GET /all/?q=f:gregory.price@memverge.com+d:20260206..20260219&x=A HTTP/1.1" 404 581
01:14:19 Ame [DEBUG] No messages found for gregory.price@memverge.com in range 20260206..20260219 (404)
01:14:19 Ame [DEBUG]   Gregory Price (gregory.price@memverge.com): 0 patch submissions in last 14 days
01:14:19 Ame [INFO]   Gregory Price: 3 recent patch series to check for activity on 2026-02-20
01:14:19 Ame [DEBUG] Fetching thread: https://lore.kernel.org/r/20260211215447.2194189-1-gourry@gourry.net/t.mbox.gz
01:14:20 Ame [DEBUG] https://lore.kernel.org:443 "GET /r/20260211215447.2194189-1-gourry@gourry.net/t.mbox.gz HTTP/1.1" 302 138
01:14:20 Ame [DEBUG] https://lore.kernel.org:443 "GET /all/20260211215447.2194189-1-gourry@gourry.net/t.mbox.gz HTTP/1.1" 200 None
01:14:20 Ame [DEBUG] Fetching thread: https://lore.kernel.org/r/20260211204206.2171525-1-gourry@gourry.net/t.mbox.gz
01:14:21 Ame [DEBUG] https://lore.kernel.org:443 "GET /r/20260211204206.2171525-1-gourry@gourry.net/t.mbox.gz HTTP/1.1" 302 138
01:14:21 Ame [DEBUG] https://lore.kernel.org:443 "GET /all/20260211204206.2171525-1-gourry@gourry.net/t.mbox.gz HTTP/1.1" 200 None
01:14:21 Ame [DEBUG]   ONGOING: [PATCH v3 0/3] pull region-specific logic into new files
01:14:21 Ame [DEBUG] Fetching thread: https://lore.kernel.org/r/20260211192228.2148713-1-gourry@gourry.net/t.mbox.gz
01:14:22 Ame [DEBUG] https://lore.kernel.org:443 "GET /r/20260211192228.2148713-1-gourry@gourry.net/t.mbox.gz HTTP/1.1" 302 138
01:14:22 Ame [DEBUG] https://lore.kernel.org:443 "GET /all/20260211192228.2148713-1-gourry@gourry.net/t.mbox.gz HTTP/1.1" 200 None
01:14:22 Ame [INFO]   Gregory Price: 1 ongoing patches with activity on 2026-02-20
01:14:22 Ame [INFO]   [1/2] [PATCH v3 0/3] pull region-specific logic into new files
01:14:22 Ame [INFO]   [2/2] Re: [PATCH v3 3/3] cxl/core: use cleanup.h for devm_cxl_add_dax_region
01:14:22 Ame [DEBUG] Fetching thread: https://lore.kernel.org/r/aZfv6qQR5DoZ7Chp@gourry-fedora-PF4VCD3F/t.mbox.gz
01:14:23 Ame [DEBUG] https://lore.kernel.org:443 "GET /r/aZfv6qQR5DoZ7Chp@gourry-fedora-PF4VCD3F/t.mbox.gz HTTP/1.1" 302 138
01:14:23 Ame [DEBUG] https://lore.kernel.org:443 "GET /all/aZfv6qQR5DoZ7Chp@gourry-fedora-PF4VCD3F/t.mbox.gz HTTP/1.1" 200 None
01:14:23 Ame [INFO] [5/16] Processing Jeff Layton for 2026-02-20...
01:14:23 Ame [DEBUG] Fetching messages for jlayton@kernel.org on 20260220: https://lore.kernel.org/all/?q=f:jlayton@kernel.org+d:20260220..20260220&x=A
01:14:24 Ame [DEBUG] https://lore.kernel.org:443 "GET /all/?q=f:jlayton@kernel.org+d:20260220..20260220&x=A HTTP/1.1" 200 None
01:14:24 Ame [INFO]   Jeff Layton (jlayton@kernel.org): 6 messages
01:14:24 Ame [DEBUG] Fetching messages for jlayton@redhat.com on 20260220: https://lore.kernel.org/all/?q=f:jlayton@redhat.com+d:20260220..20260220&x=A
01:14:26 Ame [DEBUG] https://lore.kernel.org:443 "GET /all/?q=f:jlayton@redhat.com+d:20260220..20260220&x=A HTTP/1.1" 404 573
01:14:26 Ame [DEBUG] No messages found for jlayton@redhat.com on 20260220 (404)
01:14:26 Ame [INFO]   Jeff Layton (jlayton@redhat.com): 0 messages
01:14:26 Ame [DEBUG] Fetching raw message: https://lore.kernel.org/r/2fa166bf4183cbc049350dc892eeb6656d9ed081.camel@kernel.org/raw
01:14:26 Ame [DEBUG] https://lore.kernel.org:443 "GET /r/2fa166bf4183cbc049350dc892eeb6656d9ed081.camel@kernel.org/raw HTTP/1.1" 302 138
01:14:26 Ame [DEBUG] https://lore.kernel.org:443 "GET /all/2fa166bf4183cbc049350dc892eeb6656d9ed081.camel@kernel.org/raw HTTP/1.1" 200 None
01:14:26 Ame [DEBUG] ACK (Reviewed-by): Re: [PATCH v1 2/2] NFSD: Hold net reference for the lifetime of /proc/fs/nfs/exports fd
01:14:26 Ame [DEBUG] Fetching raw message: https://lore.kernel.org/r/ae5f1ee0c43eda94f86bc60b1b223c86e0f24805.camel@kernel.org/raw
01:14:27 Ame [DEBUG] https://lore.kernel.org:443 "GET /r/ae5f1ee0c43eda94f86bc60b1b223c86e0f24805.camel@kernel.org/raw HTTP/1.1" 302 138
01:14:27 Ame [DEBUG] https://lore.kernel.org:443 "GET /all/ae5f1ee0c43eda94f86bc60b1b223c86e0f24805.camel@kernel.org/raw HTTP/1.1" 200 None
01:14:27 Ame [DEBUG] REVIEW: Re: [PATCH v1 1/2] NFSD: Defer sub-object cleanup in export put callbacks
01:14:27 Ame [DEBUG] PATCH: [PATCH 3/3] sunrpc: split cache_detail queue into request and reader lists
01:14:27 Ame [DEBUG] PATCH: [PATCH 2/3] sunrpc: convert queue_wait from global to per-cache_detail waitqueue
01:14:27 Ame [DEBUG] PATCH: [PATCH 1/3] sunrpc: convert queue_lock from global spinlock to per-cache_detail lock
01:14:27 Ame [DEBUG] PATCH: [PATCH 0/3] sunrpc: cache infrastructure scalability improvements
01:14:27 Ame [INFO]   Jeff Layton: 1 patches, 1 reviews, 1 acks (20260220)
01:14:27 Ame [DEBUG] Fetching messages for jlayton@kernel.org from 20260206 to 20260219: https://lore.kernel.org/all/?q=f:jlayton@kernel.org+d:20260206..20260219&x=A
01:14:28 Ame [DEBUG] https://lore.kernel.org:443 "GET /all/?q=f:jlayton@kernel.org+d:20260206..20260219&x=A HTTP/1.1" 200 None
01:14:28 Ame [DEBUG]   Jeff Layton (jlayton@kernel.org): 0 patch submissions in last 14 days
01:14:28 Ame [DEBUG] Fetching messages for jlayton@redhat.com from 20260206 to 20260219: https://lore.kernel.org/all/?q=f:jlayton@redhat.com+d:20260206..20260219&x=A
01:14:29 Ame [DEBUG] https://lore.kernel.org:443 "GET /all/?q=f:jlayton@redhat.com+d:20260206..20260219&x=A HTTP/1.1" 404 575
01:14:29 Ame [DEBUG] No messages found for jlayton@redhat.com in range 20260206..20260219 (404)
01:14:29 Ame [DEBUG]   Jeff Layton (jlayton@redhat.com): 0 patch submissions in last 14 days
01:14:29 Ame [INFO]   [1/3] [PATCH 0/3] sunrpc: cache infrastructure scalability improvements
01:14:29 Ame [DEBUG] Fetching thread: https://lore.kernel.org/r/20260220-sunrpc-cache-v1-0-47d04014c245@kernel.org/t.mbox.gz
01:14:30 Ame [DEBUG] https://lore.kernel.org:443 "GET /r/20260220-sunrpc-cache-v1-0-47d04014c245@kernel.org/t.mbox.gz HTTP/1.1" 302 138
01:14:30 Ame [DEBUG] https://lore.kernel.org:443 "GET /all/20260220-sunrpc-cache-v1-0-47d04014c245@kernel.org/t.mbox.gz HTTP/1.1" 200 None
01:14:30 Ame [INFO]   [2/3] Re: [PATCH v1 1/2] NFSD: Defer sub-object cleanup in export put callba…
01:14:30 Ame [DEBUG] Fetching thread: https://lore.kernel.org/r/ae5f1ee0c43eda94f86bc60b1b223c86e0f24805.camel@kernel.org/t.mbox.gz
01:14:31 Ame [DEBUG] https://lore.kernel.org:443 "GET /r/ae5f1ee0c43eda94f86bc60b1b223c86e0f24805.camel@kernel.org/t.mbox.gz HTTP/1.1" 302 138
01:14:31 Ame [DEBUG] https://lore.kernel.org:443 "GET /all/ae5f1ee0c43eda94f86bc60b1b223c86e0f24805.camel@kernel.org/t.mbox.gz HTTP/1.1" 200 None
01:14:31 Ame [INFO]   [3/3] Re: [PATCH v1 2/2] NFSD: Hold net reference for the lifetime of /proc/…
01:14:31 Ame [DEBUG] Fetching thread: https://lore.kernel.org/r/2fa166bf4183cbc049350dc892eeb6656d9ed081.camel@kernel.org/t.mbox.gz
01:14:32 Ame [DEBUG] https://lore.kernel.org:443 "GET /r/2fa166bf4183cbc049350dc892eeb6656d9ed081.camel@kernel.org/t.mbox.gz HTTP/1.1" 302 138
01:14:32 Ame [DEBUG] https://lore.kernel.org:443 "GET /all/2fa166bf4183cbc049350dc892eeb6656d9ed081.camel@kernel.org/t.mbox.gz HTTP/1.1" 200 None
01:14:32 Ame [INFO] [6/16] Processing Joanne Koong for 2026-02-20...
01:14:32 Ame [DEBUG] Fetching messages for joannelkoong@gmail.com on 20260220: https://lore.kernel.org/all/?q=f:joannelkoong@gmail.com+d:20260220..20260220&x=A
01:14:33 Ame [DEBUG] https://lore.kernel.org:443 "GET /all/?q=f:joannelkoong@gmail.com+d:20260220..20260220&x=A HTTP/1.1" 200 None
01:14:33 Ame [INFO]   Joanne Koong (joannelkoong@gmail.com): 3 messages
01:14:33 Ame [DEBUG] Fetching raw message: https://lore.kernel.org/r/CAJnrk1aJJqafDkxMypUym6iFQ-HkaSxneOe6Sc746AwrmrDK4Q@mail.gmail.com/raw
01:14:34 Ame [DEBUG] https://lore.kernel.org:443 "GET /r/CAJnrk1aJJqafDkxMypUym6iFQ-HkaSxneOe6Sc746AwrmrDK4Q@mail.gmail.com/raw HTTP/1.1" 302 138
01:14:34 Ame [DEBUG] https://lore.kernel.org:443 "GET /all/CAJnrk1aJJqafDkxMypUym6iFQ-HkaSxneOe6Sc746AwrmrDK4Q@mail.gmail.com/raw HTTP/1.1" 200 None
01:14:34 Ame [DEBUG] REVIEW: Re: [PATCH v1 1/1] iomap: don't mark folio uptodate if read IO has bytes pending
01:14:34 Ame [DEBUG] PATCH: [PATCH] io_uring/rsrc: clean up buffer cloning arg validation (for 6.18-stable tree)
01:14:34 Ame [DEBUG] Fetching raw message: https://lore.kernel.org/r/CAJnrk1bk7jN8SfHny9nVWZZS6tP8bnQbMZHTCuFma6-YuMugAg@mail.gmail.com/raw
01:14:35 Ame [DEBUG] https://lore.kernel.org:443 "GET /r/CAJnrk1bk7jN8SfHny9nVWZZS6tP8bnQbMZHTCuFma6-YuMugAg@mail.gmail.com/raw HTTP/1.1" 302 138
01:14:36 Ame [DEBUG] https://lore.kernel.org:443 "GET /all/CAJnrk1bk7jN8SfHny9nVWZZS6tP8bnQbMZHTCuFma6-YuMugAg@mail.gmail.com/raw HTTP/1.1" 200 None
01:14:36 Ame [DEBUG] REVIEW: Re: [syzbot] [iomap?] WARNING in ifs_free
01:14:36 Ame [INFO]   Joanne Koong: 1 patches, 2 reviews, 0 acks (20260220)
01:14:36 Ame [DEBUG] Fetching messages for joannelkoong@gmail.com from 20260206 to 20260219: https://lore.kernel.org/all/?q=f:joannelkoong@gmail.com+d:20260206..20260219&x=A
01:14:37 Ame [DEBUG] https://lore.kernel.org:443 "GET /all/?q=f:joannelkoong@gmail.com+d:20260206..20260219&x=A HTTP/1.1" 200 None
01:14:37 Ame [DEBUG]   Joanne Koong (joannelkoong@gmail.com): 24 patch submissions in last 14 days
01:14:37 Ame [INFO]   Joanne Koong: 3 recent patch series to check for activity on 2026-02-20
01:14:37 Ame [DEBUG] Fetching thread: https://lore.kernel.org/r/20260219003911.344478-1-joannelkoong@gmail.com/t.mbox.gz
01:14:37 Ame [DEBUG] https://lore.kernel.org:443 "GET /r/20260219003911.344478-1-joannelkoong@gmail.com/t.mbox.gz HTTP/1.1" 302 138
01:14:37 Ame [DEBUG] https://lore.kernel.org:443 "GET /all/20260219003911.344478-1-joannelkoong@gmail.com/t.mbox.gz HTTP/1.1" 200 None
01:14:37 Ame [DEBUG]   ONGOING: [PATCH v1 0/1] iomap: don't mark folio uptodate if read IO has bytes pending
01:14:37 Ame [DEBUG] Fetching thread: https://lore.kernel.org/r/20260218025207.1425553-1-joannelkoong@gmail.com/t.mbox.gz
01:14:38 Ame [DEBUG] https://lore.kernel.org:443 "GET /r/20260218025207.1425553-1-joannelkoong@gmail.com/t.mbox.gz HTTP/1.1" 302 138
01:14:38 Ame [DEBUG] https://lore.kernel.org:443 "GET /all/20260218025207.1425553-1-joannelkoong@gmail.com/t.mbox.gz HTTP/1.1" 200 None
01:14:38 Ame [DEBUG] Fetching thread: https://lore.kernel.org/r/20260210002852.1394504-12-joannelkoong@gmail.com/t.mbox.gz
01:14:39 Ame [DEBUG] https://lore.kernel.org:443 "GET /r/20260210002852.1394504-12-joannelkoong@gmail.com/t.mbox.gz HTTP/1.1" 302 138
01:14:39 Ame [DEBUG] https://lore.kernel.org:443 "GET /all/20260210002852.1394504-12-joannelkoong@gmail.com/t.mbox.gz HTTP/1.1" 200 None
01:14:39 Ame [DEBUG]   ONGOING: [PATCH v1 11/11] io_uring/cmd: set selected buffer index in __io_uring_cmd_done()
01:14:39 Ame [INFO]   Joanne Koong: 2 ongoing patches with activity on 2026-02-20
01:14:39 Ame [INFO]   [1/5] [PATCH] io_uring/rsrc: clean up buffer cloning arg validation (for 6.1…
01:14:39 Ame [DEBUG] Fetching thread: https://lore.kernel.org/r/CAJnrk1YA9hk5Mv0BXFe+TcWLXsNLpWtcA-gy+k03zDt4f0z7zg@mail.gmail.com/t.mbox.gz
01:14:40 Ame [DEBUG] https://lore.kernel.org:443 "GET /r/CAJnrk1YA9hk5Mv0BXFe+TcWLXsNLpWtcA-gy+k03zDt4f0z7zg@mail.gmail.com/t.mbox.gz HTTP/1.1" 302 138
01:14:40 Ame [DEBUG] https://lore.kernel.org:443 "GET /all/CAJnrk1YA9hk5Mv0BXFe+TcWLXsNLpWtcA-gy+k03zDt4f0z7zg@mail.gmail.com/t.mbox.gz HTTP/1.1" 200 None
01:14:40 Ame [INFO]   [2/5] [PATCH v1 0/1] iomap: don't mark folio uptodate if read IO has bytes p…
01:14:40 Ame [INFO]   [3/5] [PATCH v1 11/11] io_uring/cmd: set selected buffer index in __io_uring…
01:14:40 Ame [INFO]   [4/5] Re: [PATCH v1 1/1] iomap: don't mark folio uptodate if read IO has byt…
01:14:40 Ame [DEBUG] Fetching thread: https://lore.kernel.org/r/CAJnrk1aJJqafDkxMypUym6iFQ-HkaSxneOe6Sc746AwrmrDK4Q@mail.gmail.com/t.mbox.gz
01:14:41 Ame [DEBUG] https://lore.kernel.org:443 "GET /r/CAJnrk1aJJqafDkxMypUym6iFQ-HkaSxneOe6Sc746AwrmrDK4Q@mail.gmail.com/t.mbox.gz HTTP/1.1" 302 138
01:14:41 Ame [DEBUG] https://lore.kernel.org:443 "GET /all/CAJnrk1aJJqafDkxMypUym6iFQ-HkaSxneOe6Sc746AwrmrDK4Q@mail.gmail.com/t.mbox.gz HTTP/1.1" 200 None
01:14:41 Ame [INFO]   [5/5] Re: [syzbot] [iomap?] WARNING in ifs_free
01:14:41 Ame [DEBUG] Fetching thread: https://lore.kernel.org/r/CAJnrk1bk7jN8SfHny9nVWZZS6tP8bnQbMZHTCuFma6-YuMugAg@mail.gmail.com/t.mbox.gz
01:14:42 Ame [DEBUG] https://lore.kernel.org:443 "GET /r/CAJnrk1bk7jN8SfHny9nVWZZS6tP8bnQbMZHTCuFma6-YuMugAg@mail.gmail.com/t.mbox.gz HTTP/1.1" 302 138
01:14:42 Ame [DEBUG] https://lore.kernel.org:443 "GET /all/CAJnrk1bk7jN8SfHny9nVWZZS6tP8bnQbMZHTCuFma6-YuMugAg@mail.gmail.com/t.mbox.gz HTTP/1.1" 200 None
01:14:42 Ame [INFO] [7/16] Processing Johannes Weiner for 2026-02-20...
01:14:42 Ame [DEBUG] Fetching messages for hannes@cmpxchg.org on 20260220: https://lore.kernel.org/all/?q=f:hannes@cmpxchg.org+d:20260220..20260220&x=A
01:14:45 Ame [DEBUG] https://lore.kernel.org:443 "GET /all/?q=f:hannes@cmpxchg.org+d:20260220..20260220&x=A HTTP/1.1" 200 None
01:14:45 Ame [INFO]   Johannes Weiner (hannes@cmpxchg.org): 4 messages
01:14:45 Ame [DEBUG] PATCH: [PATCH 2/2] mm: memcontrol: switch to native NR_VMALLOC vmstat counter
01:14:45 Ame [DEBUG] PATCH: [PATCH 1/2] mm: vmalloc: streamline vmalloc memory accounting
01:14:45 Ame [DEBUG] Fetching raw message: https://lore.kernel.org/r/aZiv2ASYc46m7K_c@cmpxchg.org/raw
01:14:45 Ame [DEBUG] https://lore.kernel.org:443 "GET /r/aZiv2ASYc46m7K_c@cmpxchg.org/raw HTTP/1.1" 302 138
01:14:45 Ame [DEBUG] https://lore.kernel.org:443 "GET /all/aZiv2ASYc46m7K_c@cmpxchg.org/raw HTTP/1.1" 200 None
01:14:45 Ame [DEBUG] ACK (Acked-by): Re: [PATCH v5] mm: move pgscan, pgsteal, pgrefill to node stats
01:14:45 Ame [DEBUG] Fetching raw message: https://lore.kernel.org/r/aZim2hT0nNjcRYVG@cmpxchg.org/raw
01:14:46 Ame [DEBUG] https://lore.kernel.org:443 "GET /r/aZim2hT0nNjcRYVG@cmpxchg.org/raw HTTP/1.1" 302 138
01:14:46 Ame [DEBUG] https://lore.kernel.org:443 "GET /all/aZim2hT0nNjcRYVG@cmpxchg.org/raw HTTP/1.1" 200 None
01:14:46 Ame [DEBUG] REVIEW: Re: [LSF/MM/BPF TOPIC] Improving MGLRU
01:14:46 Ame [INFO]   Johannes Weiner: 1 patches, 1 reviews, 1 acks (20260220)
01:14:46 Ame [DEBUG] Fetching messages for hannes@cmpxchg.org from 20260206 to 20260219: https://lore.kernel.org/all/?q=f:hannes@cmpxchg.org+d:20260206..20260219&x=A
01:14:47 Ame [DEBUG] https://lore.kernel.org:443 "GET /all/?q=f:hannes@cmpxchg.org+d:20260206..20260219&x=A HTTP/1.1" 200 None
01:14:47 Ame [DEBUG]   Johannes Weiner (hannes@cmpxchg.org): 0 patch submissions in last 14 days
01:14:47 Ame [INFO]   [1/3] [PATCH 1/2] mm: vmalloc: streamline vmalloc memory accounting
01:14:47 Ame [DEBUG] Fetching thread: https://lore.kernel.org/r/20260220191035.3703800-1-hannes@cmpxchg.org/t.mbox.gz
01:14:48 Ame [DEBUG] https://lore.kernel.org:443 "GET /r/20260220191035.3703800-1-hannes@cmpxchg.org/t.mbox.gz HTTP/1.1" 302 138
01:14:48 Ame [DEBUG] https://lore.kernel.org:443 "GET /all/20260220191035.3703800-1-hannes@cmpxchg.org/t.mbox.gz HTTP/1.1" 200 21971
01:14:48 Ame [INFO]   [2/3] Re: [LSF/MM/BPF TOPIC] Improving MGLRU
01:14:48 Ame [DEBUG] Fetching thread: https://lore.kernel.org/r/aZim2hT0nNjcRYVG@cmpxchg.org/t.mbox.gz
01:14:49 Ame [DEBUG] https://lore.kernel.org:443 "GET /r/aZim2hT0nNjcRYVG@cmpxchg.org/t.mbox.gz HTTP/1.1" 302 138
01:14:49 Ame [DEBUG] https://lore.kernel.org:443 "GET /all/aZim2hT0nNjcRYVG@cmpxchg.org/t.mbox.gz HTTP/1.1" 200 18154
01:14:49 Ame [INFO]   [3/3] Re: [PATCH v5] mm: move pgscan, pgsteal, pgrefill to node stats
01:14:49 Ame [DEBUG] Fetching thread: https://lore.kernel.org/r/aZiv2ASYc46m7K_c@cmpxchg.org/t.mbox.gz
01:14:50 Ame [DEBUG] https://lore.kernel.org:443 "GET /r/aZiv2ASYc46m7K_c@cmpxchg.org/t.mbox.gz HTTP/1.1" 302 138
01:14:50 Ame [DEBUG] https://lore.kernel.org:443 "GET /all/aZiv2ASYc46m7K_c@cmpxchg.org/t.mbox.gz HTTP/1.1" 200 None
01:14:50 Ame [INFO] [8/16] Processing Joshua Hahn for 2026-02-20...
01:14:50 Ame [DEBUG] Fetching messages for joshua.hahnjy@gmail.com on 20260220: https://lore.kernel.org/all/?q=f:joshua.hahnjy@gmail.com+d:20260220..20260220&x=A
01:14:51 Ame [DEBUG] https://lore.kernel.org:443 "GET /all/?q=f:joshua.hahnjy@gmail.com+d:20260220..20260220&x=A HTTP/1.1" 404 578
01:14:51 Ame [DEBUG] No messages found for joshua.hahnjy@gmail.com on 20260220 (404)
01:14:51 Ame [INFO]   Joshua Hahn (joshua.hahnjy@gmail.com): 0 messages
01:14:51 Ame [INFO]   Joshua Hahn: 0 patches, 0 reviews, 0 acks (20260220)
01:14:51 Ame [DEBUG] Fetching messages for joshua.hahnjy@gmail.com from 20260206 to 20260219: https://lore.kernel.org/all/?q=f:joshua.hahnjy@gmail.com+d:20260206..20260219&x=A
01:14:52 Ame [DEBUG] https://lore.kernel.org:443 "GET /all/?q=f:joshua.hahnjy@gmail.com+d:20260206..20260219&x=A HTTP/1.1" 200 None
01:14:52 Ame [DEBUG]   Joshua Hahn (joshua.hahnjy@gmail.com): 0 patch submissions in last 14 days
01:14:52 Ame [INFO] [9/16] Processing JP Kobryn for 2026-02-20...
01:14:52 Ame [DEBUG] Fetching messages for inwardvessel@gmail.com on 20260220: https://lore.kernel.org/all/?q=f:inwardvessel@gmail.com+d:20260220..20260220&x=A
01:14:53 Ame [DEBUG] https://lore.kernel.org:443 "GET /all/?q=f:inwardvessel@gmail.com+d:20260220..20260220&x=A HTTP/1.1" 404 577
01:14:53 Ame [DEBUG] No messages found for inwardvessel@gmail.com on 20260220 (404)
01:14:53 Ame [INFO]   JP Kobryn (inwardvessel@gmail.com): 0 messages
01:14:53 Ame [DEBUG] Fetching messages for jp.kobryn@linux.dev on 20260220: https://lore.kernel.org/all/?q=f:jp.kobryn@linux.dev+d:20260220..20260220&x=A
01:14:54 Ame [DEBUG] https://lore.kernel.org:443 "GET /all/?q=f:jp.kobryn@linux.dev+d:20260220..20260220&x=A HTTP/1.1" 404 575
01:14:54 Ame [DEBUG] No messages found for jp.kobryn@linux.dev on 20260220 (404)
01:14:54 Ame [INFO]   JP Kobryn (jp.kobryn@linux.dev): 0 messages
01:14:54 Ame [INFO]   JP Kobryn: 0 patches, 0 reviews, 0 acks (20260220)
01:14:54 Ame [DEBUG] Fetching messages for inwardvessel@gmail.com from 20260206 to 20260219: https://lore.kernel.org/all/?q=f:inwardvessel@gmail.com+d:20260206..20260219&x=A
01:14:55 Ame [DEBUG] https://lore.kernel.org:443 "GET /all/?q=f:inwardvessel@gmail.com+d:20260206..20260219&x=A HTTP/1.1" 200 None
01:14:55 Ame [DEBUG]   JP Kobryn (inwardvessel@gmail.com): 3 patch submissions in last 14 days
01:14:55 Ame [DEBUG] Fetching messages for jp.kobryn@linux.dev from 20260206 to 20260219: https://lore.kernel.org/all/?q=f:jp.kobryn@linux.dev+d:20260206..20260219&x=A
01:14:56 Ame [DEBUG] https://lore.kernel.org:443 "GET /all/?q=f:jp.kobryn@linux.dev+d:20260206..20260219&x=A HTTP/1.1" 200 None
01:14:56 Ame [DEBUG]   JP Kobryn (jp.kobryn@linux.dev): 4 patch submissions in last 14 days
01:14:56 Ame [INFO]   JP Kobryn: 3 recent patch series to check for activity on 2026-02-20
01:14:56 Ame [DEBUG] Fetching thread: https://lore.kernel.org/r/20260212045109.255391-1-inwardvessel@gmail.com/t.mbox.gz
01:14:57 Ame [DEBUG] https://lore.kernel.org:443 "GET /r/20260212045109.255391-1-inwardvessel@gmail.com/t.mbox.gz HTTP/1.1" 302 138
01:14:57 Ame [DEBUG] https://lore.kernel.org:443 "GET /all/20260212045109.255391-1-inwardvessel@gmail.com/t.mbox.gz HTTP/1.1" 200 None
01:14:57 Ame [DEBUG] Fetching thread: https://lore.kernel.org/r/20260219235846.161910-1-jp.kobryn@linux.dev/t.mbox.gz
01:14:58 Ame [DEBUG] https://lore.kernel.org:443 "GET /r/20260219235846.161910-1-jp.kobryn@linux.dev/t.mbox.gz HTTP/1.1" 302 138
01:14:58 Ame [DEBUG] https://lore.kernel.org:443 "GET /all/20260219235846.161910-1-jp.kobryn@linux.dev/t.mbox.gz HTTP/1.1" 200 None
01:14:58 Ame [DEBUG]   ONGOING: [PATCH v5] mm: move pgscan, pgsteal, pgrefill to node stats
01:14:58 Ame [DEBUG] Fetching thread: https://lore.kernel.org/r/20260218032941.225439-1-jp.kobryn@linux.dev/t.mbox.gz
01:14:59 Ame [DEBUG] https://lore.kernel.org:443 "GET /r/20260218032941.225439-1-jp.kobryn@linux.dev/t.mbox.gz HTTP/1.1" 302 138
01:14:59 Ame [DEBUG] https://lore.kernel.org:443 "GET /all/20260218032941.225439-1-jp.kobryn@linux.dev/t.mbox.gz HTTP/1.1" 200 None
01:14:59 Ame [INFO]   JP Kobryn: 1 ongoing patches with activity on 2026-02-20
01:14:59 Ame [INFO]   [1/1] [PATCH v5] mm: move pgscan, pgsteal, pgrefill to node stats
01:14:59 Ame [INFO] [10/16] Processing Kiryl Shutsemau for 2026-02-20...
01:14:59 Ame [DEBUG] Fetching messages for kas@kernel.org on 20260220: https://lore.kernel.org/all/?q=f:kas@kernel.org+d:20260220..20260220&x=A
01:15:00 Ame [DEBUG] https://lore.kernel.org:443 "GET /all/?q=f:kas@kernel.org+d:20260220..20260220&x=A HTTP/1.1" 200 None
01:15:00 Ame [INFO]   Kiryl Shutsemau (kas@kernel.org): 5 messages
01:15:00 Ame [DEBUG] Fetching messages for kirill@shutemov.name on 20260220: https://lore.kernel.org/all/?q=f:kirill@shutemov.name+d:20260220..20260220&x=A
01:15:01 Ame [DEBUG] https://lore.kernel.org:443 "GET /all/?q=f:kirill@shutemov.name+d:20260220..20260220&x=A HTTP/1.1" 404 573
01:15:01 Ame [DEBUG] No messages found for kirill@shutemov.name on 20260220 (404)
01:15:01 Ame [INFO]   Kiryl Shutsemau (kirill@shutemov.name): 0 messages
01:15:01 Ame [DEBUG] Fetching raw message: https://lore.kernel.org/r/aZiBgbAoe1FQ5nO-@thinkstation/raw
01:15:02 Ame [DEBUG] https://lore.kernel.org:443 "GET /r/aZiBgbAoe1FQ5nO-@thinkstation/raw HTTP/1.1" 302 138
01:15:02 Ame [DEBUG] https://lore.kernel.org:443 "GET /all/aZiBgbAoe1FQ5nO-@thinkstation/raw HTTP/1.1" 200 None
01:15:02 Ame [DEBUG] REVIEW: Re: [LSF/MM/BPF TOPIC] 64k (or 16k) base page size on x86
01:15:02 Ame [DEBUG] Fetching raw message: https://lore.kernel.org/r/aZhRKOK9I_MLEeHT@thinkstation/raw
01:15:03 Ame [DEBUG] https://lore.kernel.org:443 "GET /r/aZhRKOK9I_MLEeHT@thinkstation/raw HTTP/1.1" 302 138
01:15:03 Ame [DEBUG] https://lore.kernel.org:443 "GET /all/aZhRKOK9I_MLEeHT@thinkstation/raw HTTP/1.1" 200 None
01:15:03 Ame [DEBUG] SKIPPED (reply, no review signals): Re: [LSF/MM/BPF TOPIC] 64k (or 16k) base page size on x86
01:15:03 Ame [DEBUG] Fetching raw message: https://lore.kernel.org/r/aZhPZWFdymfmrICW@thinkstation/raw
01:15:04 Ame [DEBUG] https://lore.kernel.org:443 "GET /r/aZhPZWFdymfmrICW@thinkstation/raw HTTP/1.1" 302 138
01:15:04 Ame [DEBUG] https://lore.kernel.org:443 "GET /all/aZhPZWFdymfmrICW@thinkstation/raw HTTP/1.1" 200 None
01:15:04 Ame [DEBUG] SKIPPED (reply, no review signals): Re: [LSF/MM/BPF TOPIC] 64k (or 16k) base page size on x86
01:15:04 Ame [DEBUG] Fetching raw message: https://lore.kernel.org/r/aZhOnSVao9yFJML7@thinkstation/raw
01:15:05 Ame [DEBUG] https://lore.kernel.org:443 "GET /r/aZhOnSVao9yFJML7@thinkstation/raw HTTP/1.1" 302 138
01:15:05 Ame [DEBUG] https://lore.kernel.org:443 "GET /all/aZhOnSVao9yFJML7@thinkstation/raw HTTP/1.1" 200 None
01:15:05 Ame [DEBUG] REVIEW: Re: [LSF/MM/BPF TOPIC] 64k (or 16k) base page size on x86
01:15:05 Ame [DEBUG] Fetching raw message: https://lore.kernel.org/r/aZhErt9DZcWI24_v@thinkstation/raw
01:15:06 Ame [DEBUG] https://lore.kernel.org:443 "GET /r/aZhErt9DZcWI24_v@thinkstation/raw HTTP/1.1" 302 138
01:15:06 Ame [DEBUG] https://lore.kernel.org:443 "GET /all/aZhErt9DZcWI24_v@thinkstation/raw HTTP/1.1" 200 None
01:15:06 Ame [DEBUG] REVIEW: Re: [LSF/MM/BPF TOPIC] 64k (or 16k) base page size on x86
01:15:06 Ame [INFO]   Kiryl Shutsemau: 0 patches, 3 reviews, 0 acks (20260220)
01:15:06 Ame [DEBUG] Fetching messages for kas@kernel.org from 20260206 to 20260219: https://lore.kernel.org/all/?q=f:kas@kernel.org+d:20260206..20260219&x=A
01:15:08 Ame [DEBUG] https://lore.kernel.org:443 "GET /all/?q=f:kas@kernel.org+d:20260206..20260219&x=A HTTP/1.1" 200 None
01:15:08 Ame [DEBUG]   Kiryl Shutsemau (kas@kernel.org): 6 patch submissions in last 14 days
01:15:08 Ame [DEBUG] Fetching messages for kirill@shutemov.name from 20260206 to 20260219: https://lore.kernel.org/all/?q=f:kirill@shutemov.name+d:20260206..20260219&x=A
01:15:09 Ame [DEBUG] https://lore.kernel.org:443 "GET /all/?q=f:kirill@shutemov.name+d:20260206..20260219&x=A HTTP/1.1" 200 None
01:15:09 Ame [DEBUG]   Kiryl Shutsemau (kirill@shutemov.name): 0 patch submissions in last 14 days
01:15:09 Ame [INFO]   Kiryl Shutsemau: 1 recent patch series to check for activity on 2026-02-20
01:15:09 Ame [DEBUG] Fetching thread: https://lore.kernel.org/r/20260217104957.249340-1-kas@kernel.org/t.mbox.gz
01:15:09 Ame [DEBUG] https://lore.kernel.org:443 "GET /r/20260217104957.249340-1-kas@kernel.org/t.mbox.gz HTTP/1.1" 302 138
01:15:10 Ame [DEBUG] https://lore.kernel.org:443 "GET /all/20260217104957.249340-1-kas@kernel.org/t.mbox.gz HTTP/1.1" 200 None
01:15:10 Ame [INFO]   [1/3] Re: [LSF/MM/BPF TOPIC] 64k (or 16k) base page size on x86
01:15:10 Ame [DEBUG] Fetching thread: https://lore.kernel.org/r/aZiBgbAoe1FQ5nO-@thinkstation/t.mbox.gz
01:15:10 Ame [DEBUG] https://lore.kernel.org:443 "GET /r/aZiBgbAoe1FQ5nO-@thinkstation/t.mbox.gz HTTP/1.1" 302 138
01:15:10 Ame [DEBUG] https://lore.kernel.org:443 "GET /all/aZiBgbAoe1FQ5nO-@thinkstation/t.mbox.gz HTTP/1.1" 200 None
01:15:11 Ame [INFO]   [2/3] Re: [LSF/MM/BPF TOPIC] 64k (or 16k) base page size on x86
01:15:11 Ame [DEBUG] Fetching thread: https://lore.kernel.org/r/aZhOnSVao9yFJML7@thinkstation/t.mbox.gz
01:15:11 Ame [DEBUG] https://lore.kernel.org:443 "GET /r/aZhOnSVao9yFJML7@thinkstation/t.mbox.gz HTTP/1.1" 302 138
01:15:11 Ame [DEBUG] https://lore.kernel.org:443 "GET /all/aZhOnSVao9yFJML7@thinkstation/t.mbox.gz HTTP/1.1" 200 None
01:15:12 Ame [INFO]   [3/3] Re: [LSF/MM/BPF TOPIC] 64k (or 16k) base page size on x86
01:15:12 Ame [DEBUG] Fetching thread: https://lore.kernel.org/r/aZhErt9DZcWI24_v@thinkstation/t.mbox.gz
01:15:12 Ame [DEBUG] https://lore.kernel.org:443 "GET /r/aZhErt9DZcWI24_v@thinkstation/t.mbox.gz HTTP/1.1" 302 138
01:15:12 Ame [DEBUG] https://lore.kernel.org:443 "GET /all/aZhErt9DZcWI24_v@thinkstation/t.mbox.gz HTTP/1.1" 200 None
01:15:13 Ame [INFO] [11/16] Processing Leo Martins for 2026-02-20...
01:15:13 Ame [DEBUG] Fetching messages for loemra.dev@gmail.com on 20260220: https://lore.kernel.org/all/?q=f:loemra.dev@gmail.com+d:20260220..20260220&x=A
01:15:14 Ame [DEBUG] https://lore.kernel.org:443 "GET /all/?q=f:loemra.dev@gmail.com+d:20260220..20260220&x=A HTTP/1.1" 404 574
01:15:14 Ame [DEBUG] No messages found for loemra.dev@gmail.com on 20260220 (404)
01:15:14 Ame [INFO]   Leo Martins (loemra.dev@gmail.com): 0 messages
01:15:14 Ame [INFO]   Leo Martins: 0 patches, 0 reviews, 0 acks (20260220)
01:15:14 Ame [DEBUG] Fetching messages for loemra.dev@gmail.com from 20260206 to 20260219: https://lore.kernel.org/all/?q=f:loemra.dev@gmail.com+d:20260206..20260219&x=A
01:15:20 Ame [DEBUG] https://lore.kernel.org:443 "GET /all/?q=f:loemra.dev@gmail.com+d:20260206..20260219&x=A HTTP/1.1" 200 None
01:15:20 Ame [DEBUG]   Leo Martins (loemra.dev@gmail.com): 4 patch submissions in last 14 days
01:15:20 Ame [INFO]   Leo Martins: 4 recent patch series to check for activity on 2026-02-20
01:15:20 Ame [DEBUG] Fetching thread: https://lore.kernel.org/r/daa819f56fd49e190b7ed70122ab79ecef690291.1771012202.git.loemra.dev@gmail.com/t.mbox.gz
01:15:20 Ame [DEBUG] https://lore.kernel.org:443 "GET /r/daa819f56fd49e190b7ed70122ab79ecef690291.1771012202.git.loemra.dev@gmail.com/t.mbox.gz HTTP/1.1" 302 138
01:15:20 Ame [DEBUG] https://lore.kernel.org:443 "GET /all/daa819f56fd49e190b7ed70122ab79ecef690291.1771012202.git.loemra.dev@gmail.com/t.mbox.gz HTTP/1.1" 200 None
01:15:20 Ame [DEBUG] Fetching thread: https://lore.kernel.org/r/14139b6aa359a53a1c12119fb84fcbd29227d498.1771012202.git.loemra.dev@gmail.com/t.mbox.gz
01:15:21 Ame [DEBUG] https://lore.kernel.org:443 "GET /r/14139b6aa359a53a1c12119fb84fcbd29227d498.1771012202.git.loemra.dev@gmail.com/t.mbox.gz HTTP/1.1" 302 138
01:15:21 Ame [DEBUG] https://lore.kernel.org:443 "GET /all/14139b6aa359a53a1c12119fb84fcbd29227d498.1771012202.git.loemra.dev@gmail.com/t.mbox.gz HTTP/1.1" 200 None
01:15:21 Ame [DEBUG] Fetching thread: https://lore.kernel.org/r/04eca407999f1db58a4af9f4d88397aa2edd2d3c.1771012202.git.loemra.dev@gmail.com/t.mbox.gz
01:15:22 Ame [DEBUG] https://lore.kernel.org:443 "GET /r/04eca407999f1db58a4af9f4d88397aa2edd2d3c.1771012202.git.loemra.dev@gmail.com/t.mbox.gz HTTP/1.1" 302 138
01:15:22 Ame [DEBUG] https://lore.kernel.org:443 "GET /all/04eca407999f1db58a4af9f4d88397aa2edd2d3c.1771012202.git.loemra.dev@gmail.com/t.mbox.gz HTTP/1.1" 200 None
01:15:22 Ame [DEBUG] Fetching thread: https://lore.kernel.org/r/cover.1771012202.git.loemra.dev@gmail.com/t.mbox.gz
01:15:23 Ame [DEBUG] https://lore.kernel.org:443 "GET /r/cover.1771012202.git.loemra.dev@gmail.com/t.mbox.gz HTTP/1.1" 302 138
01:15:23 Ame [DEBUG] https://lore.kernel.org:443 "GET /all/cover.1771012202.git.loemra.dev@gmail.com/t.mbox.gz HTTP/1.1" 200 None
01:15:23 Ame [INFO] [12/16] Processing Mark Harmstone for 2026-02-20...
01:15:23 Ame [DEBUG] Fetching messages for mark@harmstone.com on 20260220: https://lore.kernel.org/all/?q=f:mark@harmstone.com+d:20260220..20260220&x=A
01:15:25 Ame [DEBUG] https://lore.kernel.org:443 "GET /all/?q=f:mark@harmstone.com+d:20260220..20260220&x=A HTTP/1.1" 200 None
01:15:25 Ame [INFO]   Mark Harmstone (mark@harmstone.com): 5 messages
01:15:25 Ame [DEBUG] Fetching raw message: https://lore.kernel.org/r/85740194-bcd5-486f-b7a2-f31613f85c9f@harmstone.com/raw
01:15:25 Ame [DEBUG] https://lore.kernel.org:443 "GET /r/85740194-bcd5-486f-b7a2-f31613f85c9f@harmstone.com/raw HTTP/1.1" 302 138
01:15:25 Ame [DEBUG] https://lore.kernel.org:443 "GET /all/85740194-bcd5-486f-b7a2-f31613f85c9f@harmstone.com/raw HTTP/1.1" 200 None
01:15:25 Ame [DEBUG] REVIEW: Re: [PATCH] btrfs: fix chunk map leak in btrfs_map_block() after btrfs_translate_remap()
01:15:25 Ame [DEBUG] PATCH: [PATCH] btrfs: fix chunk map leak in btrfs_map_block() after btrfs_translate_remap()
01:15:25 Ame [DEBUG] PATCH: [PATCH] btrfs: fix chunk map leak in btrfs_map_block() after btrfs_chunk_map_num_copies()
01:15:25 Ame [DEBUG] Fetching raw message: https://lore.kernel.org/r/6b37545b-80ee-4fef-bd55-5b6d9996716f@harmstone.com/raw
01:15:26 Ame [DEBUG] https://lore.kernel.org:443 "GET /r/6b37545b-80ee-4fef-bd55-5b6d9996716f@harmstone.com/raw HTTP/1.1" 302 138
01:15:26 Ame [DEBUG] https://lore.kernel.org:443 "GET /all/6b37545b-80ee-4fef-bd55-5b6d9996716f@harmstone.com/raw HTTP/1.1" 200 None
01:15:26 Ame [DEBUG] REVIEW: Re: [PATCH] btrfs: fix unlikely in btrfs_insert_one_raid_extent()
01:15:26 Ame [DEBUG] PATCH: [PATCH] btrfs: fix chunk offset error message in check_dev_extent_item()
01:15:26 Ame [INFO]   Mark Harmstone: 3 patches, 2 reviews, 0 acks (20260220)
01:15:26 Ame [DEBUG] Fetching messages for mark@harmstone.com from 20260206 to 20260219: https://lore.kernel.org/all/?q=f:mark@harmstone.com+d:20260206..20260219&x=A
01:15:28 Ame [DEBUG] https://lore.kernel.org:443 "GET /all/?q=f:mark@harmstone.com+d:20260206..20260219&x=A HTTP/1.1" 200 None
01:15:28 Ame [DEBUG]   Mark Harmstone (mark@harmstone.com): 12 patch submissions in last 14 days
01:15:28 Ame [INFO]   Mark Harmstone: 12 recent patch series to check for activity on 2026-02-20
01:15:28 Ame [DEBUG] Fetching thread: https://lore.kernel.org/r/20260219163313.15888-1-mark@harmstone.com/t.mbox.gz
01:15:28 Ame [DEBUG] https://lore.kernel.org:443 "GET /r/20260219163313.15888-1-mark@harmstone.com/t.mbox.gz HTTP/1.1" 302 138
01:15:28 Ame [DEBUG] https://lore.kernel.org:443 "GET /all/20260219163313.15888-1-mark@harmstone.com/t.mbox.gz HTTP/1.1" 200 None
01:15:28 Ame [DEBUG] Fetching thread: https://lore.kernel.org/r/20260219162151.5567-1-mark@harmstone.com/t.mbox.gz
01:15:29 Ame [DEBUG] https://lore.kernel.org:443 "GET /r/20260219162151.5567-1-mark@harmstone.com/t.mbox.gz HTTP/1.1" 302 138
01:15:29 Ame [DEBUG] https://lore.kernel.org:443 "GET /all/20260219162151.5567-1-mark@harmstone.com/t.mbox.gz HTTP/1.1" 200 None
01:15:29 Ame [DEBUG] Fetching thread: https://lore.kernel.org/r/20260218143334.25014-1-mark@harmstone.com/t.mbox.gz
01:15:30 Ame [DEBUG] https://lore.kernel.org:443 "GET /r/20260218143334.25014-1-mark@harmstone.com/t.mbox.gz HTTP/1.1" 302 138
01:15:30 Ame [DEBUG] https://lore.kernel.org:443 "GET /all/20260218143334.25014-1-mark@harmstone.com/t.mbox.gz HTTP/1.1" 200 None
01:15:30 Ame [DEBUG] Fetching thread: https://lore.kernel.org/r/20260218130006.9563-1-mark@harmstone.com/t.mbox.gz
01:15:31 Ame [DEBUG] https://lore.kernel.org:443 "GET /r/20260218130006.9563-1-mark@harmstone.com/t.mbox.gz HTTP/1.1" 302 138
01:15:31 Ame [DEBUG] https://lore.kernel.org:443 "GET /all/20260218130006.9563-1-mark@harmstone.com/t.mbox.gz HTTP/1.1" 200 None
01:15:31 Ame [DEBUG]   ONGOING: [PATCH] btrfs: fix unlikely in btrfs_insert_one_raid_extent()
01:15:31 Ame [DEBUG] Fetching thread: https://lore.kernel.org/r/20260218120322.327-1-mark@harmstone.com/t.mbox.gz
01:15:32 Ame [DEBUG] https://lore.kernel.org:443 "GET /r/20260218120322.327-1-mark@harmstone.com/t.mbox.gz HTTP/1.1" 302 138
01:15:32 Ame [DEBUG] https://lore.kernel.org:443 "GET /all/20260218120322.327-1-mark@harmstone.com/t.mbox.gz HTTP/1.1" 200 None
01:15:32 Ame [DEBUG] Fetching thread: https://lore.kernel.org/r/20260218111346.31243-1-mark@harmstone.com/t.mbox.gz
01:15:33 Ame [DEBUG] https://lore.kernel.org:443 "GET /r/20260218111346.31243-1-mark@harmstone.com/t.mbox.gz HTTP/1.1" 302 138
01:15:33 Ame [DEBUG] https://lore.kernel.org:443 "GET /all/20260218111346.31243-1-mark@harmstone.com/t.mbox.gz HTTP/1.1" 200 9257
01:15:33 Ame [DEBUG] Fetching thread: https://lore.kernel.org/r/20260217190238.22006-1-mark@harmstone.com/t.mbox.gz
01:15:34 Ame [DEBUG] https://lore.kernel.org:443 "GET /r/20260217190238.22006-1-mark@harmstone.com/t.mbox.gz HTTP/1.1" 302 138
01:15:34 Ame [DEBUG] https://lore.kernel.org:443 "GET /all/20260217190238.22006-1-mark@harmstone.com/t.mbox.gz HTTP/1.1" 200 9324
01:15:34 Ame [DEBUG] Fetching thread: https://lore.kernel.org/r/20260217185335.21013-1-mark@harmstone.com/t.mbox.gz
01:15:35 Ame [DEBUG] https://lore.kernel.org:443 "GET /r/20260217185335.21013-1-mark@harmstone.com/t.mbox.gz HTTP/1.1" 302 138
01:15:35 Ame [DEBUG] https://lore.kernel.org:443 "GET /all/20260217185335.21013-1-mark@harmstone.com/t.mbox.gz HTTP/1.1" 200 11317
01:15:35 Ame [DEBUG] Fetching thread: https://lore.kernel.org/r/20260217182553.18091-1-mark@harmstone.com/t.mbox.gz
01:15:36 Ame [DEBUG] https://lore.kernel.org:443 "GET /r/20260217182553.18091-1-mark@harmstone.com/t.mbox.gz HTTP/1.1" 302 138
01:15:36 Ame [DEBUG] https://lore.kernel.org:443 "GET /all/20260217182553.18091-1-mark@harmstone.com/t.mbox.gz HTTP/1.1" 200 None
01:15:36 Ame [DEBUG] Fetching thread: https://lore.kernel.org/r/20260217180933.15805-1-mark@harmstone.com/t.mbox.gz
01:15:37 Ame [DEBUG] https://lore.kernel.org:443 "GET /r/20260217180933.15805-1-mark@harmstone.com/t.mbox.gz HTTP/1.1" 302 138
01:15:37 Ame [DEBUG] https://lore.kernel.org:443 "GET /all/20260217180933.15805-1-mark@harmstone.com/t.mbox.gz HTTP/1.1" 200 None
01:15:37 Ame [DEBUG] Fetching thread: https://lore.kernel.org/r/20260217103419.19609-1-mark@harmstone.com/t.mbox.gz
01:15:38 Ame [DEBUG] https://lore.kernel.org:443 "GET /r/20260217103419.19609-1-mark@harmstone.com/t.mbox.gz HTTP/1.1" 302 138
01:15:38 Ame [DEBUG] https://lore.kernel.org:443 "GET /all/20260217103419.19609-1-mark@harmstone.com/t.mbox.gz HTTP/1.1" 200 None
01:15:38 Ame [DEBUG] Fetching thread: https://lore.kernel.org/r/20260209181043.27364-1-mark@harmstone.com/t.mbox.gz
01:15:39 Ame [DEBUG] https://lore.kernel.org:443 "GET /r/20260209181043.27364-1-mark@harmstone.com/t.mbox.gz HTTP/1.1" 302 138
01:15:39 Ame [DEBUG] https://lore.kernel.org:443 "GET /all/20260209181043.27364-1-mark@harmstone.com/t.mbox.gz HTTP/1.1" 200 None
01:15:39 Ame [INFO]   Mark Harmstone: 1 ongoing patches with activity on 2026-02-20
01:15:39 Ame [INFO]   [1/6] [PATCH] btrfs: fix chunk map leak in btrfs_map_block() after btrfs_tra…
01:15:39 Ame [DEBUG] Fetching thread: https://lore.kernel.org/r/20260220131002.6269-1-mark@harmstone.com/t.mbox.gz
01:15:40 Ame [DEBUG] https://lore.kernel.org:443 "GET /r/20260220131002.6269-1-mark@harmstone.com/t.mbox.gz HTTP/1.1" 302 138
01:15:40 Ame [DEBUG] https://lore.kernel.org:443 "GET /all/20260220131002.6269-1-mark@harmstone.com/t.mbox.gz HTTP/1.1" 200 None
01:15:40 Ame [INFO]   [2/6] [PATCH] btrfs: fix chunk map leak in btrfs_map_block() after btrfs_chu…
01:15:40 Ame [DEBUG] Fetching thread: https://lore.kernel.org/r/20260220130209.5020-1-mark@harmstone.com/t.mbox.gz
01:15:41 Ame [DEBUG] https://lore.kernel.org:443 "GET /r/20260220130209.5020-1-mark@harmstone.com/t.mbox.gz HTTP/1.1" 302 138
01:15:41 Ame [DEBUG] https://lore.kernel.org:443 "GET /all/20260220130209.5020-1-mark@harmstone.com/t.mbox.gz HTTP/1.1" 200 4657
01:15:41 Ame [INFO]   [3/6] [PATCH] btrfs: fix chunk offset error message in check_dev_extent_item…
01:15:41 Ame [DEBUG] Fetching thread: https://lore.kernel.org/r/20260220113013.30254-1-mark@harmstone.com/t.mbox.gz
01:15:42 Ame [DEBUG] https://lore.kernel.org:443 "GET /r/20260220113013.30254-1-mark@harmstone.com/t.mbox.gz HTTP/1.1" 302 138
01:15:42 Ame [DEBUG] https://lore.kernel.org:443 "GET /all/20260220113013.30254-1-mark@harmstone.com/t.mbox.gz HTTP/1.1" 200 9237
01:15:42 Ame [INFO]   [4/6] [PATCH] btrfs: fix unlikely in btrfs_insert_one_raid_extent()
01:15:42 Ame [INFO]   [5/6] Re: [PATCH] btrfs: fix chunk map leak in btrfs_map_block() after btrfs…
01:15:42 Ame [DEBUG] Fetching thread: https://lore.kernel.org/r/85740194-bcd5-486f-b7a2-f31613f85c9f@harmstone.com/t.mbox.gz
01:15:43 Ame [DEBUG] https://lore.kernel.org:443 "GET /r/85740194-bcd5-486f-b7a2-f31613f85c9f@harmstone.com/t.mbox.gz HTTP/1.1" 302 138
01:15:43 Ame [DEBUG] https://lore.kernel.org:443 "GET /all/85740194-bcd5-486f-b7a2-f31613f85c9f@harmstone.com/t.mbox.gz HTTP/1.1" 200 8154
01:15:43 Ame [INFO]   [6/6] Re: [PATCH] btrfs: fix unlikely in btrfs_insert_one_raid_extent()
01:15:43 Ame [DEBUG] Fetching thread: https://lore.kernel.org/r/6b37545b-80ee-4fef-bd55-5b6d9996716f@harmstone.com/t.mbox.gz
01:15:44 Ame [DEBUG] https://lore.kernel.org:443 "GET /r/6b37545b-80ee-4fef-bd55-5b6d9996716f@harmstone.com/t.mbox.gz HTTP/1.1" 302 138
01:15:44 Ame [DEBUG] https://lore.kernel.org:443 "GET /all/6b37545b-80ee-4fef-bd55-5b6d9996716f@harmstone.com/t.mbox.gz HTTP/1.1" 200 None
01:15:44 Ame [INFO] [13/16] Processing Nhat Pham for 2026-02-20...
01:15:44 Ame [DEBUG] Fetching messages for nphamcs@gmail.com on 20260220: https://lore.kernel.org/all/?q=f:nphamcs@gmail.com+d:20260220..20260220&x=A
01:15:46 Ame [DEBUG] https://lore.kernel.org:443 "GET /all/?q=f:nphamcs@gmail.com+d:20260220..20260220&x=A HTTP/1.1" 200 None
01:15:46 Ame [INFO]   Nhat Pham (nphamcs@gmail.com): 1 messages
01:15:46 Ame [DEBUG] Fetching messages for hoangnhat.pham@linux.dev on 20260220: https://lore.kernel.org/all/?q=f:hoangnhat.pham@linux.dev+d:20260220..20260220&x=A
01:15:46 Ame [DEBUG] https://lore.kernel.org:443 "GET /all/?q=f:hoangnhat.pham@linux.dev+d:20260220..20260220&x=A HTTP/1.1" 404 579
01:15:46 Ame [DEBUG] No messages found for hoangnhat.pham@linux.dev on 20260220 (404)
01:15:46 Ame [INFO]   Nhat Pham (hoangnhat.pham@linux.dev): 0 messages
01:15:46 Ame [DEBUG] PATCH: [PATCH] vswap: fix poor batching behavior of vswap free path
01:15:46 Ame [INFO]   Nhat Pham: 1 patches, 0 reviews, 0 acks (20260220)
01:15:46 Ame [DEBUG] Fetching messages for nphamcs@gmail.com from 20260206 to 20260219: https://lore.kernel.org/all/?q=f:nphamcs@gmail.com+d:20260206..20260219&x=A
01:15:48 Ame [DEBUG] https://lore.kernel.org:443 "GET /all/?q=f:nphamcs@gmail.com+d:20260206..20260219&x=A HTTP/1.1" 200 None
01:15:48 Ame [DEBUG]   Nhat Pham (nphamcs@gmail.com): 24 patch submissions in last 14 days
01:15:48 Ame [DEBUG] Fetching messages for hoangnhat.pham@linux.dev from 20260206 to 20260219: https://lore.kernel.org/all/?q=f:hoangnhat.pham@linux.dev+d:20260206..20260219&x=A
01:15:48 Ame [DEBUG] https://lore.kernel.org:443 "GET /all/?q=f:hoangnhat.pham@linux.dev+d:20260206..20260219&x=A HTTP/1.1" 404 580
01:15:48 Ame [DEBUG] No messages found for hoangnhat.pham@linux.dev in range 20260206..20260219 (404)
01:15:48 Ame [DEBUG]   Nhat Pham (hoangnhat.pham@linux.dev): 0 patch submissions in last 14 days
01:15:48 Ame [INFO]   Nhat Pham: 1 recent patch series to check for activity on 2026-02-20
01:15:48 Ame [DEBUG] Fetching thread: https://lore.kernel.org/r/20260208223900.428408-1-nphamcs@gmail.com/t.mbox.gz
01:15:49 Ame [DEBUG] https://lore.kernel.org:443 "GET /r/20260208223900.428408-1-nphamcs@gmail.com/t.mbox.gz HTTP/1.1" 302 138
01:15:49 Ame [DEBUG] https://lore.kernel.org:443 "GET /all/20260208223900.428408-1-nphamcs@gmail.com/t.mbox.gz HTTP/1.1" 200 None
01:15:49 Ame [DEBUG]   ONGOING: [PATCH v3 00/20] Virtual Swap Space
01:15:49 Ame [INFO]   Nhat Pham: 1 ongoing patches with activity on 2026-02-20
01:15:49 Ame [INFO]   [1/2] [PATCH] vswap: fix poor batching behavior of vswap free path
01:15:49 Ame [DEBUG] Fetching thread: https://lore.kernel.org/r/20260220210539.989603-1-nphamcs@gmail.com/t.mbox.gz
01:15:50 Ame [DEBUG] https://lore.kernel.org:443 "GET /r/20260220210539.989603-1-nphamcs@gmail.com/t.mbox.gz HTTP/1.1" 302 138
01:15:50 Ame [DEBUG] https://lore.kernel.org:443 "GET /all/20260220210539.989603-1-nphamcs@gmail.com/t.mbox.gz HTTP/1.1" 200 None
01:15:50 Ame [INFO]   [2/2] [PATCH v3 00/20] Virtual Swap Space
01:15:50 Ame [INFO] [14/16] Processing Rik van Riel for 2026-02-20...
01:15:50 Ame [DEBUG] Fetching messages for riel@surriel.com on 20260220: https://lore.kernel.org/all/?q=f:riel@surriel.com+d:20260220..20260220&x=A
01:15:52 Ame [DEBUG] https://lore.kernel.org:443 "GET /all/?q=f:riel@surriel.com+d:20260220..20260220&x=A HTTP/1.1" 404 570
01:15:52 Ame [DEBUG] No messages found for riel@surriel.com on 20260220 (404)
01:15:52 Ame [INFO]   Rik van Riel (riel@surriel.com): 0 messages
01:15:52 Ame [DEBUG] Fetching messages for riel@redhat.com on 20260220: https://lore.kernel.org/all/?q=f:riel@redhat.com+d:20260220..20260220&x=A
01:15:53 Ame [DEBUG] https://lore.kernel.org:443 "GET /all/?q=f:riel@redhat.com+d:20260220..20260220&x=A HTTP/1.1" 404 570
01:15:53 Ame [DEBUG] No messages found for riel@redhat.com on 20260220 (404)
01:15:53 Ame [INFO]   Rik van Riel (riel@redhat.com): 0 messages
01:15:53 Ame [INFO]   Rik van Riel: 0 patches, 0 reviews, 0 acks (20260220)
01:15:53 Ame [DEBUG] Fetching messages for riel@surriel.com from 20260206 to 20260219: https://lore.kernel.org/all/?q=f:riel@surriel.com+d:20260206..20260219&x=A
01:15:54 Ame [DEBUG] https://lore.kernel.org:443 "GET /all/?q=f:riel@surriel.com+d:20260206..20260219&x=A HTTP/1.1" 200 1507
01:15:54 Ame [DEBUG]   Rik van Riel (riel@surriel.com): 0 patch submissions in last 14 days
01:15:54 Ame [DEBUG] Fetching messages for riel@redhat.com from 20260206 to 20260219: https://lore.kernel.org/all/?q=f:riel@redhat.com+d:20260206..20260219&x=A
01:15:55 Ame [DEBUG] https://lore.kernel.org:443 "GET /all/?q=f:riel@redhat.com+d:20260206..20260219&x=A HTTP/1.1" 404 571
01:15:55 Ame [DEBUG] No messages found for riel@redhat.com in range 20260206..20260219 (404)
01:15:55 Ame [DEBUG]   Rik van Riel (riel@redhat.com): 0 patch submissions in last 14 days
01:15:55 Ame [INFO] [15/16] Processing Shakeel Butt for 2026-02-20...
01:15:55 Ame [DEBUG] Fetching messages for shakeel.butt@linux.dev on 20260220: https://lore.kernel.org/all/?q=f:shakeel.butt@linux.dev+d:20260220..20260220&x=A
01:15:56 Ame [DEBUG] https://lore.kernel.org:443 "GET /all/?q=f:shakeel.butt@linux.dev+d:20260220..20260220&x=A HTTP/1.1" 200 None
01:15:56 Ame [INFO]   Shakeel Butt (shakeel.butt@linux.dev): 5 messages
01:15:56 Ame [DEBUG] Fetching messages for shakeelb@google.com on 20260220: https://lore.kernel.org/all/?q=f:shakeelb@google.com+d:20260220..20260220&x=A
01:15:57 Ame [DEBUG] https://lore.kernel.org:443 "GET /all/?q=f:shakeelb@google.com+d:20260220..20260220&x=A HTTP/1.1" 404 573
01:15:57 Ame [DEBUG] No messages found for shakeelb@google.com on 20260220 (404)
01:15:57 Ame [INFO]   Shakeel Butt (shakeelb@google.com): 0 messages
01:15:57 Ame [DEBUG] Fetching raw message: https://lore.kernel.org/r/aZjiHt7h2z3Ye81_@linux.dev/raw
01:15:57 Ame [DEBUG] https://lore.kernel.org:443 "GET /r/aZjiHt7h2z3Ye81_@linux.dev/raw HTTP/1.1" 302 138
01:15:57 Ame [DEBUG] https://lore.kernel.org:443 "GET /all/aZjiHt7h2z3Ye81_@linux.dev/raw HTTP/1.1" 200 None
01:15:57 Ame [DEBUG] REVIEW: Re: [PATCH] arm64: remove HAVE_CMPXCHG_LOCAL
01:15:57 Ame [DEBUG] Fetching raw message: https://lore.kernel.org/r/aZjg6PWn_xhZV7Nb@linux.dev/raw
01:15:58 Ame [DEBUG] https://lore.kernel.org:443 "GET /r/aZjg6PWn_xhZV7Nb@linux.dev/raw HTTP/1.1" 302 138
01:15:58 Ame [DEBUG] https://lore.kernel.org:443 "GET /all/aZjg6PWn_xhZV7Nb@linux.dev/raw HTTP/1.1" 200 None
01:15:58 Ame [DEBUG] REVIEW: Re: [PATCH 0/4] mm: zone lock tracepoint instrumentation
01:15:58 Ame [DEBUG] Fetching raw message: https://lore.kernel.org/r/aZjdZv1eJc4HanML@linux.dev/raw
01:15:59 Ame [DEBUG] https://lore.kernel.org:443 "GET /r/aZjdZv1eJc4HanML@linux.dev/raw HTTP/1.1" 302 138
01:15:59 Ame [DEBUG] https://lore.kernel.org:443 "GET /all/aZjdZv1eJc4HanML@linux.dev/raw HTTP/1.1" 200 None
01:15:59 Ame [DEBUG] ACK (Acked-by): Re: [PATCH v5] mm: move pgscan, pgsteal, pgrefill to node stats
01:15:59 Ame [DEBUG] Fetching raw message: https://lore.kernel.org/r/aZjdCfE1tww_WKwh@linux.dev/raw
01:16:00 Ame [DEBUG] https://lore.kernel.org:443 "GET /r/aZjdCfE1tww_WKwh@linux.dev/raw HTTP/1.1" 302 138
01:16:00 Ame [DEBUG] https://lore.kernel.org:443 "GET /all/aZjdCfE1tww_WKwh@linux.dev/raw HTTP/1.1" 200 None
01:16:00 Ame [DEBUG] ACK (Acked-by): Re: [PATCH 2/2] mm: memcontrol: switch to native NR_VMALLOC vmstat counter
01:16:00 Ame [DEBUG] Fetching raw message: https://lore.kernel.org/r/aZjaxAi-AzyOYzNT@linux.dev/raw
01:16:01 Ame [DEBUG] https://lore.kernel.org:443 "GET /r/aZjaxAi-AzyOYzNT@linux.dev/raw HTTP/1.1" 302 138
01:16:01 Ame [DEBUG] https://lore.kernel.org:443 "GET /all/aZjaxAi-AzyOYzNT@linux.dev/raw HTTP/1.1" 200 None
01:16:01 Ame [DEBUG] ACK (Acked-by): Re: [PATCH 1/2] mm: vmalloc: streamline vmalloc memory accounting
01:16:01 Ame [INFO]   Shakeel Butt: 0 patches, 2 reviews, 3 acks (20260220)
01:16:01 Ame [DEBUG] Fetching messages for shakeel.butt@linux.dev from 20260206 to 20260219: https://lore.kernel.org/all/?q=f:shakeel.butt@linux.dev+d:20260206..20260219&x=A
01:16:03 Ame [DEBUG] https://lore.kernel.org:443 "GET /all/?q=f:shakeel.butt@linux.dev+d:20260206..20260219&x=A HTTP/1.1" 200 None
01:16:03 Ame [DEBUG]   Shakeel Butt (shakeel.butt@linux.dev): 0 patch submissions in last 14 days
01:16:03 Ame [DEBUG] Fetching messages for shakeelb@google.com from 20260206 to 20260219: https://lore.kernel.org/all/?q=f:shakeelb@google.com+d:20260206..20260219&x=A
01:16:04 Ame [DEBUG] https://lore.kernel.org:443 "GET /all/?q=f:shakeelb@google.com+d:20260206..20260219&x=A HTTP/1.1" 404 575
01:16:04 Ame [DEBUG] No messages found for shakeelb@google.com in range 20260206..20260219 (404)
01:16:04 Ame [DEBUG]   Shakeel Butt (shakeelb@google.com): 0 patch submissions in last 14 days
01:16:04 Ame [INFO]   [1/5] Re: [PATCH] arm64: remove HAVE_CMPXCHG_LOCAL
01:16:04 Ame [DEBUG] Fetching thread: https://lore.kernel.org/r/aZjiHt7h2z3Ye81_@linux.dev/t.mbox.gz
01:16:04 Ame [DEBUG] https://lore.kernel.org:443 "GET /r/aZjiHt7h2z3Ye81_@linux.dev/t.mbox.gz HTTP/1.1" 302 138
01:16:04 Ame [DEBUG] https://lore.kernel.org:443 "GET /all/aZjiHt7h2z3Ye81_@linux.dev/t.mbox.gz HTTP/1.1" 200 None
01:16:04 Ame [INFO]   [2/5] Re: [PATCH 0/4] mm: zone lock tracepoint instrumentation
01:16:04 Ame [DEBUG] Fetching thread: https://lore.kernel.org/r/aZjg6PWn_xhZV7Nb@linux.dev/t.mbox.gz
01:16:05 Ame [DEBUG] https://lore.kernel.org:443 "GET /r/aZjg6PWn_xhZV7Nb@linux.dev/t.mbox.gz HTTP/1.1" 302 138
01:16:05 Ame [DEBUG] https://lore.kernel.org:443 "GET /all/aZjg6PWn_xhZV7Nb@linux.dev/t.mbox.gz HTTP/1.1" 200 None
01:16:05 Ame [INFO]   [3/5] Re: [PATCH v5] mm: move pgscan, pgsteal, pgrefill to node stats
01:16:05 Ame [DEBUG] Fetching thread: https://lore.kernel.org/r/aZjdZv1eJc4HanML@linux.dev/t.mbox.gz
01:16:06 Ame [DEBUG] https://lore.kernel.org:443 "GET /r/aZjdZv1eJc4HanML@linux.dev/t.mbox.gz HTTP/1.1" 302 138
01:16:06 Ame [DEBUG] https://lore.kernel.org:443 "GET /all/aZjdZv1eJc4HanML@linux.dev/t.mbox.gz HTTP/1.1" 200 None
01:16:06 Ame [INFO]   [4/5] Re: [PATCH 2/2] mm: memcontrol: switch to native NR_VMALLOC vmstat cou…
01:16:06 Ame [DEBUG] Fetching thread: https://lore.kernel.org/r/aZjdCfE1tww_WKwh@linux.dev/t.mbox.gz
01:16:07 Ame [DEBUG] https://lore.kernel.org:443 "GET /r/aZjdCfE1tww_WKwh@linux.dev/t.mbox.gz HTTP/1.1" 302 138
01:16:07 Ame [DEBUG] https://lore.kernel.org:443 "GET /all/aZjdCfE1tww_WKwh@linux.dev/t.mbox.gz HTTP/1.1" 200 None
01:16:07 Ame [INFO]   [5/5] Re: [PATCH 1/2] mm: vmalloc: streamline vmalloc memory accounting
01:16:07 Ame [DEBUG] Fetching thread: https://lore.kernel.org/r/aZjaxAi-AzyOYzNT@linux.dev/t.mbox.gz
01:16:08 Ame [DEBUG] https://lore.kernel.org:443 "GET /r/aZjaxAi-AzyOYzNT@linux.dev/t.mbox.gz HTTP/1.1" 302 138
01:16:08 Ame [DEBUG] https://lore.kernel.org:443 "GET /all/aZjaxAi-AzyOYzNT@linux.dev/t.mbox.gz HTTP/1.1" 200 21971
01:16:08 Ame [INFO] [16/16] Processing Usama Arif for 2026-02-20...
01:16:08 Ame [DEBUG] Fetching messages for usama.arif@linux.dev on 20260220: https://lore.kernel.org/all/?q=f:usama.arif@linux.dev+d:20260220..20260220&x=A
01:16:10 Ame [DEBUG] https://lore.kernel.org:443 "GET /all/?q=f:usama.arif@linux.dev+d:20260220..20260220&x=A HTTP/1.1" 404 575
01:16:10 Ame [DEBUG] No messages found for usama.arif@linux.dev on 20260220 (404)
01:16:10 Ame [INFO]   Usama Arif (usama.arif@linux.dev): 0 messages
01:16:10 Ame [DEBUG] Fetching messages for usama.arif@bytedance.com on 20260220: https://lore.kernel.org/all/?q=f:usama.arif@bytedance.com+d:20260220..20260220&x=A
01:16:11 Ame [DEBUG] https://lore.kernel.org:443 "GET /all/?q=f:usama.arif@bytedance.com+d:20260220..20260220&x=A HTTP/1.1" 404 578
01:16:11 Ame [DEBUG] No messages found for usama.arif@bytedance.com on 20260220 (404)
01:16:11 Ame [INFO]   Usama Arif (usama.arif@bytedance.com): 0 messages
01:16:11 Ame [INFO]   Usama Arif: 0 patches, 0 reviews, 0 acks (20260220)
01:16:11 Ame [DEBUG] Fetching messages for usama.arif@linux.dev from 20260206 to 20260219: https://lore.kernel.org/all/?q=f:usama.arif@linux.dev+d:20260206..20260219&x=A
01:16:12 Ame [DEBUG] https://lore.kernel.org:443 "GET /all/?q=f:usama.arif@linux.dev+d:20260206..20260219&x=A HTTP/1.1" 200 None
01:16:12 Ame [DEBUG]   Usama Arif (usama.arif@linux.dev): 0 patch submissions in last 14 days
01:16:12 Ame [DEBUG] Fetching messages for usama.arif@bytedance.com from 20260206 to 20260219: https://lore.kernel.org/all/?q=f:usama.arif@bytedance.com+d:20260206..20260219&x=A
01:16:13 Ame [DEBUG] https://lore.kernel.org:443 "GET /all/?q=f:usama.arif@bytedance.com+d:20260206..20260219&x=A HTTP/1.1" 404 580
01:16:13 Ame [DEBUG] No messages found for usama.arif@bytedance.com in range 20260206..20260219 (404)
01:16:13 Ame [DEBUG]   Usama Arif (usama.arif@bytedance.com): 0 patch submissions in last 14 days
01:16:13 Ame [INFO] Saved review data for 20 patchsets to reports\reviews
01:16:13 Ame [DEBUG] Saved daily summary: reports\daily\2026-02-20.json
01:16:13 Ame [INFO] Report generated: reports\2026-02-20.html (19 patches, 12 reviews, 5 acks in 133.8s)
01:16:13 Ame [INFO] Report generation complete: 2026-02-20
