01:19:05 Ame [INFO] Generating report for 2026-02-24
01:19:05 Ame [INFO] Log file: logs\2026-02-24.log
01:19:05 Ame [INFO] [1/16] Processing Alexandre Ghiti for 2026-02-24...
01:19:05 Ame [DEBUG] Fetching messages for alexghiti@rivosinc.com on 20260224: https://lore.kernel.org/all/?q=f:alexghiti@rivosinc.com+d:20260224..20260224&x=A
01:19:05 Ame [DEBUG] Starting new HTTPS connection (1): lore.kernel.org:443
01:19:06 Ame [DEBUG] https://lore.kernel.org:443 "GET /all/?q=f:alexghiti@rivosinc.com+d:20260224..20260224&x=A HTTP/1.1" 404 576
01:19:06 Ame [DEBUG] No messages found for alexghiti@rivosinc.com on 20260224 (404)
01:19:06 Ame [INFO]   Alexandre Ghiti (alexghiti@rivosinc.com): 0 messages
01:19:06 Ame [DEBUG] Fetching messages for alex@ghiti.fr on 20260224: https://lore.kernel.org/all/?q=f:alex@ghiti.fr+d:20260224..20260224&x=A
01:19:07 Ame [DEBUG] https://lore.kernel.org:443 "GET /all/?q=f:alex@ghiti.fr+d:20260224..20260224&x=A HTTP/1.1" 404 569
01:19:07 Ame [DEBUG] No messages found for alex@ghiti.fr on 20260224 (404)
01:19:07 Ame [INFO]   Alexandre Ghiti (alex@ghiti.fr): 0 messages
01:19:07 Ame [INFO]   Alexandre Ghiti: 0 patches, 0 reviews, 0 acks (20260224)
01:19:07 Ame [DEBUG] Fetching messages for alexghiti@rivosinc.com from 20260210 to 20260223: https://lore.kernel.org/all/?q=f:alexghiti@rivosinc.com+d:20260210..20260223&x=A
01:19:08 Ame [DEBUG] https://lore.kernel.org:443 "GET /all/?q=f:alexghiti@rivosinc.com+d:20260210..20260223&x=A HTTP/1.1" 404 578
01:19:08 Ame [DEBUG] No messages found for alexghiti@rivosinc.com in range 20260210..20260223 (404)
01:19:08 Ame [DEBUG]   Alexandre Ghiti (alexghiti@rivosinc.com): 0 patch submissions in last 14 days
01:19:08 Ame [DEBUG] Fetching messages for alex@ghiti.fr from 20260210 to 20260223: https://lore.kernel.org/all/?q=f:alex@ghiti.fr+d:20260210..20260223&x=A
01:19:09 Ame [DEBUG] https://lore.kernel.org:443 "GET /all/?q=f:alex@ghiti.fr+d:20260210..20260223&x=A HTTP/1.1" 404 571
01:19:09 Ame [DEBUG] No messages found for alex@ghiti.fr in range 20260210..20260223 (404)
01:19:09 Ame [DEBUG]   Alexandre Ghiti (alex@ghiti.fr): 0 patch submissions in last 14 days
01:19:09 Ame [INFO] [2/16] Processing Boris Burkov for 2026-02-24...
01:19:09 Ame [DEBUG] Fetching messages for boris@bur.io on 20260224: https://lore.kernel.org/all/?q=f:boris@bur.io+d:20260224..20260224&x=A
01:19:10 Ame [DEBUG] https://lore.kernel.org:443 "GET /all/?q=f:boris@bur.io+d:20260224..20260224&x=A HTTP/1.1" 200 None
01:19:10 Ame [INFO]   Boris Burkov (boris@bur.io): 1 messages
01:19:10 Ame [DEBUG] PATCH: [PATCH v2 1/1] btrfs: set BTRFS_ROOT_ORPHAN_CLEANUP during subvol create
01:19:10 Ame [INFO]   Boris Burkov: 1 patches, 0 reviews, 0 acks (20260224)
01:19:10 Ame [DEBUG] Fetching messages for boris@bur.io from 20260210 to 20260223: https://lore.kernel.org/all/?q=f:boris@bur.io+d:20260210..20260223&x=A
01:19:11 Ame [DEBUG] https://lore.kernel.org:443 "GET /all/?q=f:boris@bur.io+d:20260210..20260223&x=A HTTP/1.1" 200 None
01:19:11 Ame [DEBUG]   Boris Burkov (boris@bur.io): 2 patch submissions in last 14 days
01:19:11 Ame [INFO]   Boris Burkov: 2 recent patch series to check for activity on 2026-02-24
01:19:11 Ame [DEBUG] Fetching thread: https://lore.kernel.org/r/718a3b0c2275324b9e287af7e4434f55a4a45901.1771529877.git.boris@bur.io/t.mbox.gz
01:19:11 Ame [DEBUG] https://lore.kernel.org:443 "GET /r/718a3b0c2275324b9e287af7e4434f55a4a45901.1771529877.git.boris@bur.io/t.mbox.gz HTTP/1.1" 302 138
01:19:11 Ame [DEBUG] https://lore.kernel.org:443 "GET /all/718a3b0c2275324b9e287af7e4434f55a4a45901.1771529877.git.boris@bur.io/t.mbox.gz HTTP/1.1" 200 None
01:19:11 Ame [DEBUG] Fetching thread: https://lore.kernel.org/r/b47c68886c6e5174a2281e45c93f486a2aa73752.1770845275.git.boris@bur.io/t.mbox.gz
01:19:12 Ame [DEBUG] https://lore.kernel.org:443 "GET /r/b47c68886c6e5174a2281e45c93f486a2aa73752.1770845275.git.boris@bur.io/t.mbox.gz HTTP/1.1" 302 138
01:19:12 Ame [DEBUG] https://lore.kernel.org:443 "GET /all/b47c68886c6e5174a2281e45c93f486a2aa73752.1770845275.git.boris@bur.io/t.mbox.gz HTTP/1.1" 200 None
01:19:12 Ame [INFO]   [1/1] [PATCH v2 1/1] btrfs: set BTRFS_ROOT_ORPHAN_CLEANUP during subvol crea…
01:19:12 Ame [DEBUG] Fetching thread: https://lore.kernel.org/r/14fc2404e55d99e9d3a4f95e3e825678dc2422a0.1771971643.git.boris@bur.io/t.mbox.gz
01:19:13 Ame [DEBUG] https://lore.kernel.org:443 "GET /r/14fc2404e55d99e9d3a4f95e3e825678dc2422a0.1771971643.git.boris@bur.io/t.mbox.gz HTTP/1.1" 302 138
01:19:13 Ame [DEBUG] https://lore.kernel.org:443 "GET /all/14fc2404e55d99e9d3a4f95e3e825678dc2422a0.1771971643.git.boris@bur.io/t.mbox.gz HTTP/1.1" 200 None
01:19:13 Ame [INFO] [3/16] Processing Dmitry Ilvokhin for 2026-02-24...
01:19:13 Ame [DEBUG] Fetching messages for d@ilvokhin.com on 20260224: https://lore.kernel.org/all/?q=f:d@ilvokhin.com+d:20260224..20260224&x=A
01:19:15 Ame [DEBUG] https://lore.kernel.org:443 "GET /all/?q=f:d@ilvokhin.com+d:20260224..20260224&x=A HTTP/1.1" 200 None
01:19:15 Ame [INFO]   Dmitry Ilvokhin (d@ilvokhin.com): 2 messages
01:19:15 Ame [DEBUG] Fetching raw message: https://lore.kernel.org/r/aZ3I0ADTAdCN6UmN@shell.ilvokhin.com/raw
01:19:15 Ame [DEBUG] https://lore.kernel.org:443 "GET /r/aZ3I0ADTAdCN6UmN@shell.ilvokhin.com/raw HTTP/1.1" 302 138
01:19:15 Ame [DEBUG] https://lore.kernel.org:443 "GET /all/aZ3I0ADTAdCN6UmN@shell.ilvokhin.com/raw HTTP/1.1" 200 None
01:19:15 Ame [DEBUG] REVIEW: Re: [PATCH 3/4] mm: convert compaction to zone lock wrappers
01:19:15 Ame [DEBUG] Fetching raw message: https://lore.kernel.org/r/aZ3BLKzhIIZvkbwL@shell.ilvokhin.com/raw
01:19:16 Ame [DEBUG] https://lore.kernel.org:443 "GET /r/aZ3BLKzhIIZvkbwL@shell.ilvokhin.com/raw HTTP/1.1" 302 138
01:19:16 Ame [DEBUG] https://lore.kernel.org:443 "GET /all/aZ3BLKzhIIZvkbwL@shell.ilvokhin.com/raw HTTP/1.1" 200 None
01:19:16 Ame [DEBUG] REVIEW: Re: [PATCH 1/4] mm: introduce zone lock wrappers
01:19:16 Ame [INFO]   Dmitry Ilvokhin: 0 patches, 2 reviews, 0 acks (20260224)
01:19:16 Ame [DEBUG] Fetching messages for d@ilvokhin.com from 20260210 to 20260223: https://lore.kernel.org/all/?q=f:d@ilvokhin.com+d:20260210..20260223&x=A
01:19:17 Ame [DEBUG] https://lore.kernel.org:443 "GET /all/?q=f:d@ilvokhin.com+d:20260210..20260223&x=A HTTP/1.1" 200 None
01:19:17 Ame [DEBUG]   Dmitry Ilvokhin (d@ilvokhin.com): 5 patch submissions in last 14 days
01:19:17 Ame [INFO]   Dmitry Ilvokhin: 5 recent patch series to check for activity on 2026-02-24
01:19:17 Ame [DEBUG] Fetching thread: https://lore.kernel.org/r/1d2a7778aeee03abf8a11528ce8d4926ca78e9b4.1770821420.git.d@ilvokhin.com/t.mbox.gz
01:19:18 Ame [DEBUG] https://lore.kernel.org:443 "GET /r/1d2a7778aeee03abf8a11528ce8d4926ca78e9b4.1770821420.git.d@ilvokhin.com/t.mbox.gz HTTP/1.1" 302 138
01:19:18 Ame [DEBUG] https://lore.kernel.org:443 "GET /all/1d2a7778aeee03abf8a11528ce8d4926ca78e9b4.1770821420.git.d@ilvokhin.com/t.mbox.gz HTTP/1.1" 200 None
01:19:18 Ame [DEBUG]   ONGOING: [PATCH 4/4] mm: add tracepoints for zone lock
01:19:18 Ame [DEBUG] Fetching thread: https://lore.kernel.org/r/3462b7fd26123c69ccdd121a894da14bbfafdd9d.1770821420.git.d@ilvokhin.com/t.mbox.gz
01:19:19 Ame [DEBUG] https://lore.kernel.org:443 "GET /r/3462b7fd26123c69ccdd121a894da14bbfafdd9d.1770821420.git.d@ilvokhin.com/t.mbox.gz HTTP/1.1" 302 138
01:19:19 Ame [DEBUG] https://lore.kernel.org:443 "GET /all/3462b7fd26123c69ccdd121a894da14bbfafdd9d.1770821420.git.d@ilvokhin.com/t.mbox.gz HTTP/1.1" 200 None
01:19:19 Ame [DEBUG]   ONGOING: [PATCH 3/4] mm: convert compaction to zone lock wrappers
01:19:19 Ame [DEBUG] Fetching thread: https://lore.kernel.org/r/cover.1770821420.git.d@ilvokhin.com/t.mbox.gz
01:19:20 Ame [DEBUG] https://lore.kernel.org:443 "GET /r/cover.1770821420.git.d@ilvokhin.com/t.mbox.gz HTTP/1.1" 302 138
01:19:20 Ame [DEBUG] https://lore.kernel.org:443 "GET /all/cover.1770821420.git.d@ilvokhin.com/t.mbox.gz HTTP/1.1" 200 None
01:19:20 Ame [DEBUG]   ONGOING: [PATCH 0/4] mm: zone lock tracepoint instrumentation
01:19:20 Ame [DEBUG] Fetching thread: https://lore.kernel.org/r/7d1ee95201a8870445556e61e47161f46ade8b3b.1770821420.git.d@ilvokhin.com/t.mbox.gz
01:19:21 Ame [DEBUG] https://lore.kernel.org:443 "GET /r/7d1ee95201a8870445556e61e47161f46ade8b3b.1770821420.git.d@ilvokhin.com/t.mbox.gz HTTP/1.1" 302 138
01:19:21 Ame [DEBUG] https://lore.kernel.org:443 "GET /all/7d1ee95201a8870445556e61e47161f46ade8b3b.1770821420.git.d@ilvokhin.com/t.mbox.gz HTTP/1.1" 200 None
01:19:21 Ame [DEBUG]   ONGOING: [PATCH 2/4] mm: convert zone lock users to wrappers
01:19:21 Ame [DEBUG] Fetching thread: https://lore.kernel.org/r/3826dd6dc55a9c5721ec3de85f019764a6cf3222.1770821420.git.d@ilvokhin.com/t.mbox.gz
01:19:22 Ame [DEBUG] https://lore.kernel.org:443 "GET /r/3826dd6dc55a9c5721ec3de85f019764a6cf3222.1770821420.git.d@ilvokhin.com/t.mbox.gz HTTP/1.1" 302 138
01:19:22 Ame [DEBUG] https://lore.kernel.org:443 "GET /all/3826dd6dc55a9c5721ec3de85f019764a6cf3222.1770821420.git.d@ilvokhin.com/t.mbox.gz HTTP/1.1" 200 None
01:19:22 Ame [DEBUG]   ONGOING: [PATCH 1/4] mm: introduce zone lock wrappers
01:19:22 Ame [INFO]   Dmitry Ilvokhin: 5 ongoing patches with activity on 2026-02-24
01:19:22 Ame [INFO]   [1/7] [PATCH 4/4] mm: add tracepoints for zone lock
01:19:22 Ame [INFO]   [2/7] [PATCH 3/4] mm: convert compaction to zone lock wrappers
01:19:22 Ame [INFO]   [3/7] [PATCH 0/4] mm: zone lock tracepoint instrumentation
01:19:22 Ame [INFO]   [4/7] [PATCH 2/4] mm: convert zone lock users to wrappers
01:19:22 Ame [INFO]   [5/7] [PATCH 1/4] mm: introduce zone lock wrappers
01:19:22 Ame [INFO]   [6/7] Re: [PATCH 3/4] mm: convert compaction to zone lock wrappers
01:19:22 Ame [DEBUG] Fetching thread: https://lore.kernel.org/r/aZ3I0ADTAdCN6UmN@shell.ilvokhin.com/t.mbox.gz
01:19:23 Ame [DEBUG] https://lore.kernel.org:443 "GET /r/aZ3I0ADTAdCN6UmN@shell.ilvokhin.com/t.mbox.gz HTTP/1.1" 302 138
01:19:23 Ame [DEBUG] https://lore.kernel.org:443 "GET /all/aZ3I0ADTAdCN6UmN@shell.ilvokhin.com/t.mbox.gz HTTP/1.1" 200 None
01:19:23 Ame [INFO]   [7/7] Re: [PATCH 1/4] mm: introduce zone lock wrappers
01:19:23 Ame [DEBUG] Fetching thread: https://lore.kernel.org/r/aZ3BLKzhIIZvkbwL@shell.ilvokhin.com/t.mbox.gz
01:19:24 Ame [DEBUG] https://lore.kernel.org:443 "GET /r/aZ3BLKzhIIZvkbwL@shell.ilvokhin.com/t.mbox.gz HTTP/1.1" 302 138
01:19:24 Ame [DEBUG] https://lore.kernel.org:443 "GET /all/aZ3BLKzhIIZvkbwL@shell.ilvokhin.com/t.mbox.gz HTTP/1.1" 200 None
01:19:24 Ame [INFO] [4/16] Processing Gregory Price for 2026-02-24...
01:19:24 Ame [DEBUG] Fetching messages for gourry@gourry.net on 20260224: https://lore.kernel.org/all/?q=f:gourry@gourry.net+d:20260224..20260224&x=A
01:19:26 Ame [DEBUG] https://lore.kernel.org:443 "GET /all/?q=f:gourry@gourry.net+d:20260224..20260224&x=A HTTP/1.1" 200 None
01:19:26 Ame [INFO]   Gregory Price (gourry@gourry.net): 8 messages
01:19:26 Ame [DEBUG] Fetching messages for gregory.price@memverge.com on 20260224: https://lore.kernel.org/all/?q=f:gregory.price@memverge.com+d:20260224..20260224&x=A
01:19:27 Ame [DEBUG] https://lore.kernel.org:443 "GET /all/?q=f:gregory.price@memverge.com+d:20260224..20260224&x=A HTTP/1.1" 404 580
01:19:27 Ame [DEBUG] No messages found for gregory.price@memverge.com on 20260224 (404)
01:19:27 Ame [INFO]   Gregory Price (gregory.price@memverge.com): 0 messages
01:19:27 Ame [DEBUG] Fetching raw message: https://lore.kernel.org/r/aZ3ysV-k1UisnPRG@gourry-fedora-PF4VCD3F/raw
01:19:27 Ame [DEBUG] https://lore.kernel.org:443 "GET /r/aZ3ysV-k1UisnPRG@gourry-fedora-PF4VCD3F/raw HTTP/1.1" 302 138
01:19:27 Ame [DEBUG] https://lore.kernel.org:443 "GET /all/aZ3ysV-k1UisnPRG@gourry-fedora-PF4VCD3F/raw HTTP/1.1" 200 None
01:19:27 Ame [DEBUG] REVIEW: Re: [RFC PATCH 0/6] mm/memcontrol: Make memcg limits tier-aware
01:19:27 Ame [DEBUG] Fetching raw message: https://lore.kernel.org/r/aZ3X3Jni0HZXZMVl@gourry-fedora-PF4VCD3F/raw
01:19:28 Ame [DEBUG] https://lore.kernel.org:443 "GET /r/aZ3X3Jni0HZXZMVl@gourry-fedora-PF4VCD3F/raw HTTP/1.1" 302 138
01:19:28 Ame [DEBUG] https://lore.kernel.org:443 "GET /all/aZ3X3Jni0HZXZMVl@gourry-fedora-PF4VCD3F/raw HTTP/1.1" 200 None
01:19:28 Ame [DEBUG] REVIEW: Re: [LSF/MM/BPF TOPIC][RFC PATCH v4 00/27] Private Memory Nodes (w/ Compressed RAM)
01:19:28 Ame [DEBUG] Fetching raw message: https://lore.kernel.org/r/aZ3MoKZgs26C2PrZ@gourry-fedora-PF4VCD3F/raw
01:19:29 Ame [DEBUG] https://lore.kernel.org:443 "GET /r/aZ3MoKZgs26C2PrZ@gourry-fedora-PF4VCD3F/raw HTTP/1.1" 302 138
01:19:29 Ame [DEBUG] https://lore.kernel.org:443 "GET /all/aZ3MoKZgs26C2PrZ@gourry-fedora-PF4VCD3F/raw HTTP/1.1" 200 None
01:19:29 Ame [DEBUG] ACK (Tested-by): Re: [PATCH v1 0/3] cxl region changes for Type2 support
01:19:29 Ame [DEBUG] Fetching raw message: https://lore.kernel.org/r/aZ3MdkPQf-5aXZ9j@gourry-fedora-PF4VCD3F/raw
01:19:30 Ame [DEBUG] https://lore.kernel.org:443 "GET /r/aZ3MdkPQf-5aXZ9j@gourry-fedora-PF4VCD3F/raw HTTP/1.1" 302 138
01:19:30 Ame [DEBUG] https://lore.kernel.org:443 "GET /all/aZ3MdkPQf-5aXZ9j@gourry-fedora-PF4VCD3F/raw HTTP/1.1" 200 None
01:19:30 Ame [DEBUG] ACK (Reviewed-by): Re: [PATCH v1 3/3] cxl/region: Factor out interleave granularity setup
01:19:30 Ame [DEBUG] Fetching raw message: https://lore.kernel.org/r/aZ3MUyOy2JgavERa@gourry-fedora-PF4VCD3F/raw
01:19:31 Ame [DEBUG] https://lore.kernel.org:443 "GET /r/aZ3MUyOy2JgavERa@gourry-fedora-PF4VCD3F/raw HTTP/1.1" 302 138
01:19:31 Ame [DEBUG] https://lore.kernel.org:443 "GET /all/aZ3MUyOy2JgavERa@gourry-fedora-PF4VCD3F/raw HTTP/1.1" 200 None
01:19:31 Ame [DEBUG] ACK (Reviewed-by): Re: [PATCH v1 2/3] cxl/region: Factor out interleave ways setup
01:19:31 Ame [DEBUG] Fetching raw message: https://lore.kernel.org/r/aZ3MHVcheVVoooiC@gourry-fedora-PF4VCD3F/raw
01:19:32 Ame [DEBUG] https://lore.kernel.org:443 "GET /r/aZ3MHVcheVVoooiC@gourry-fedora-PF4VCD3F/raw HTTP/1.1" 302 138
01:19:32 Ame [DEBUG] https://lore.kernel.org:443 "GET /all/aZ3MHVcheVVoooiC@gourry-fedora-PF4VCD3F/raw HTTP/1.1" 200 None
01:19:32 Ame [DEBUG] ACK (Reviewed-by): Re: [PATCH v1 1/3] cxl: Make region type based on endpoint type
01:19:32 Ame [DEBUG] Fetching raw message: https://lore.kernel.org/r/aZ3D_8GJit3FYhQc@gourry-fedora-PF4VCD3F/raw
01:19:33 Ame [DEBUG] https://lore.kernel.org:443 "GET /r/aZ3D_8GJit3FYhQc@gourry-fedora-PF4VCD3F/raw HTTP/1.1" 302 138
01:19:33 Ame [DEBUG] https://lore.kernel.org:443 "GET /all/aZ3D_8GJit3FYhQc@gourry-fedora-PF4VCD3F/raw HTTP/1.1" 200 None
01:19:33 Ame [DEBUG] REVIEW: Re: [RFC PATCH v5 00/10] mm: Hot page tracking and promotion infrastructure
01:19:33 Ame [DEBUG] Fetching raw message: https://lore.kernel.org/r/aZ3BEn_73Rk8Fn7L@gourry-fedora-PF4VCD3F/raw
01:19:34 Ame [DEBUG] https://lore.kernel.org:443 "GET /r/aZ3BEn_73Rk8Fn7L@gourry-fedora-PF4VCD3F/raw HTTP/1.1" 302 138
01:19:34 Ame [DEBUG] https://lore.kernel.org:443 "GET /all/aZ3BEn_73Rk8Fn7L@gourry-fedora-PF4VCD3F/raw HTTP/1.1" 200 None
01:19:34 Ame [DEBUG] REVIEW: Re: [LSF/MM/BPF TOPIC][RFC PATCH v4 00/27] Private Memory Nodes (w/ Compressed RAM)
01:19:34 Ame [INFO]   Gregory Price: 0 patches, 4 reviews, 4 acks (20260224)
01:19:34 Ame [DEBUG] Fetching messages for gourry@gourry.net from 20260210 to 20260223: https://lore.kernel.org/all/?q=f:gourry@gourry.net+d:20260210..20260223&x=A
01:19:36 Ame [DEBUG] https://lore.kernel.org:443 "GET /all/?q=f:gourry@gourry.net+d:20260210..20260223&x=A HTTP/1.1" 200 None
01:19:36 Ame [DEBUG]   Gregory Price (gourry@gourry.net): 39 patch submissions in last 14 days
01:19:36 Ame [DEBUG] Fetching messages for gregory.price@memverge.com from 20260210 to 20260223: https://lore.kernel.org/all/?q=f:gregory.price@memverge.com+d:20260210..20260223&x=A
01:19:37 Ame [DEBUG] https://lore.kernel.org:443 "GET /all/?q=f:gregory.price@memverge.com+d:20260210..20260223&x=A HTTP/1.1" 404 582
01:19:37 Ame [DEBUG] No messages found for gregory.price@memverge.com in range 20260210..20260223 (404)
01:19:37 Ame [DEBUG]   Gregory Price (gregory.price@memverge.com): 0 patch submissions in last 14 days
01:19:37 Ame [INFO]   Gregory Price: 6 recent patch series to check for activity on 2026-02-24
01:19:37 Ame [DEBUG] Fetching thread: https://lore.kernel.org/r/20260222084842.1824063-28-gourry@gourry.net/t.mbox.gz
01:19:37 Ame [DEBUG] https://lore.kernel.org:443 "GET /r/20260222084842.1824063-28-gourry@gourry.net/t.mbox.gz HTTP/1.1" 302 138
01:19:37 Ame [DEBUG] https://lore.kernel.org:443 "GET /all/20260222084842.1824063-28-gourry@gourry.net/t.mbox.gz HTTP/1.1" 200 None
01:19:38 Ame [DEBUG]   ONGOING: [RFC PATCH v4 27/27] cxl: add cxl_compression PCI driver
01:19:38 Ame [DEBUG] Fetching thread: https://lore.kernel.org/r/20260221043013.1420169-1-gourry@gourry.net/t.mbox.gz
01:19:38 Ame [DEBUG] https://lore.kernel.org:443 "GET /r/20260221043013.1420169-1-gourry@gourry.net/t.mbox.gz HTTP/1.1" 302 138
01:19:38 Ame [DEBUG] https://lore.kernel.org:443 "GET /all/20260221043013.1420169-1-gourry@gourry.net/t.mbox.gz HTTP/1.1" 200 None
01:19:38 Ame [DEBUG]   ONGOING: [PATCH 1/2] cxl/region: fix region leak when attach_target fails in cxl_add_to_region
01:19:38 Ame [DEBUG] Fetching thread: https://lore.kernel.org/r/20260221021810.1390342-1-gourry@gourry.net/t.mbox.gz
01:19:39 Ame [DEBUG] https://lore.kernel.org:443 "GET /r/20260221021810.1390342-1-gourry@gourry.net/t.mbox.gz HTTP/1.1" 302 138
01:19:39 Ame [DEBUG] https://lore.kernel.org:443 "GET /all/20260221021810.1390342-1-gourry@gourry.net/t.mbox.gz HTTP/1.1" 200 None
01:19:39 Ame [DEBUG] Fetching thread: https://lore.kernel.org/r/20260211215447.2194189-1-gourry@gourry.net/t.mbox.gz
01:19:40 Ame [DEBUG] https://lore.kernel.org:443 "GET /r/20260211215447.2194189-1-gourry@gourry.net/t.mbox.gz HTTP/1.1" 302 138
01:19:40 Ame [DEBUG] https://lore.kernel.org:443 "GET /all/20260211215447.2194189-1-gourry@gourry.net/t.mbox.gz HTTP/1.1" 200 None
01:19:40 Ame [DEBUG] Fetching thread: https://lore.kernel.org/r/20260211204206.2171525-1-gourry@gourry.net/t.mbox.gz
01:19:41 Ame [DEBUG] https://lore.kernel.org:443 "GET /r/20260211204206.2171525-1-gourry@gourry.net/t.mbox.gz HTTP/1.1" 302 138
01:19:41 Ame [DEBUG] https://lore.kernel.org:443 "GET /all/20260211204206.2171525-1-gourry@gourry.net/t.mbox.gz HTTP/1.1" 200 None
01:19:41 Ame [DEBUG] Fetching thread: https://lore.kernel.org/r/20260211192228.2148713-1-gourry@gourry.net/t.mbox.gz
01:19:42 Ame [DEBUG] https://lore.kernel.org:443 "GET /r/20260211192228.2148713-1-gourry@gourry.net/t.mbox.gz HTTP/1.1" 302 138
01:19:42 Ame [DEBUG] https://lore.kernel.org:443 "GET /all/20260211192228.2148713-1-gourry@gourry.net/t.mbox.gz HTTP/1.1" 200 None
01:19:42 Ame [INFO]   Gregory Price: 2 ongoing patches with activity on 2026-02-24
01:19:42 Ame [INFO]   [1/10] [RFC PATCH v4 27/27] cxl: add cxl_compression PCI driver
01:19:42 Ame [INFO]   [2/10] [PATCH 1/2] cxl/region: fix region leak when attach_target fails in cx…
01:19:42 Ame [INFO]   [3/10] Re: [RFC PATCH 0/6] mm/memcontrol: Make memcg limits tier-aware
01:19:42 Ame [DEBUG] Fetching thread: https://lore.kernel.org/r/aZ3ysV-k1UisnPRG@gourry-fedora-PF4VCD3F/t.mbox.gz
01:19:43 Ame [DEBUG] https://lore.kernel.org:443 "GET /r/aZ3ysV-k1UisnPRG@gourry-fedora-PF4VCD3F/t.mbox.gz HTTP/1.1" 302 138
01:19:43 Ame [DEBUG] https://lore.kernel.org:443 "GET /all/aZ3ysV-k1UisnPRG@gourry-fedora-PF4VCD3F/t.mbox.gz HTTP/1.1" 200 None
01:19:44 Ame [INFO]   [4/10] Re: [LSF/MM/BPF TOPIC][RFC PATCH v4 00/27] Private Memory Nodes (w/ Co…
01:19:44 Ame [DEBUG] Fetching thread: https://lore.kernel.org/r/aZ3X3Jni0HZXZMVl@gourry-fedora-PF4VCD3F/t.mbox.gz
01:19:44 Ame [DEBUG] https://lore.kernel.org:443 "GET /r/aZ3X3Jni0HZXZMVl@gourry-fedora-PF4VCD3F/t.mbox.gz HTTP/1.1" 302 138
01:19:44 Ame [DEBUG] https://lore.kernel.org:443 "GET /all/aZ3X3Jni0HZXZMVl@gourry-fedora-PF4VCD3F/t.mbox.gz HTTP/1.1" 200 None
01:19:45 Ame [INFO]   [5/10] Re: [RFC PATCH v5 00/10] mm: Hot page tracking and promotion infrastru…
01:19:45 Ame [DEBUG] Fetching thread: https://lore.kernel.org/r/aZ3D_8GJit3FYhQc@gourry-fedora-PF4VCD3F/t.mbox.gz
01:19:45 Ame [DEBUG] https://lore.kernel.org:443 "GET /r/aZ3D_8GJit3FYhQc@gourry-fedora-PF4VCD3F/t.mbox.gz HTTP/1.1" 302 138
01:19:45 Ame [DEBUG] https://lore.kernel.org:443 "GET /all/aZ3D_8GJit3FYhQc@gourry-fedora-PF4VCD3F/t.mbox.gz HTTP/1.1" 200 None
01:19:45 Ame [INFO]   [6/10] Re: [LSF/MM/BPF TOPIC][RFC PATCH v4 00/27] Private Memory Nodes (w/ Co…
01:19:45 Ame [DEBUG] Fetching thread: https://lore.kernel.org/r/aZ3BEn_73Rk8Fn7L@gourry-fedora-PF4VCD3F/t.mbox.gz
01:19:46 Ame [DEBUG] https://lore.kernel.org:443 "GET /r/aZ3BEn_73Rk8Fn7L@gourry-fedora-PF4VCD3F/t.mbox.gz HTTP/1.1" 302 138
01:19:46 Ame [DEBUG] https://lore.kernel.org:443 "GET /all/aZ3BEn_73Rk8Fn7L@gourry-fedora-PF4VCD3F/t.mbox.gz HTTP/1.1" 200 None
01:19:47 Ame [INFO]   [7/10] Re: [PATCH v1 0/3] cxl region changes for Type2 support
01:19:47 Ame [DEBUG] Fetching thread: https://lore.kernel.org/r/aZ3MoKZgs26C2PrZ@gourry-fedora-PF4VCD3F/t.mbox.gz
01:19:47 Ame [DEBUG] https://lore.kernel.org:443 "GET /r/aZ3MoKZgs26C2PrZ@gourry-fedora-PF4VCD3F/t.mbox.gz HTTP/1.1" 302 138
01:19:47 Ame [DEBUG] https://lore.kernel.org:443 "GET /all/aZ3MoKZgs26C2PrZ@gourry-fedora-PF4VCD3F/t.mbox.gz HTTP/1.1" 200 None
01:19:48 Ame [INFO]   [8/10] Re: [PATCH v1 3/3] cxl/region: Factor out interleave granularity setup
01:19:48 Ame [DEBUG] Fetching thread: https://lore.kernel.org/r/aZ3MdkPQf-5aXZ9j@gourry-fedora-PF4VCD3F/t.mbox.gz
01:19:48 Ame [DEBUG] https://lore.kernel.org:443 "GET /r/aZ3MdkPQf-5aXZ9j@gourry-fedora-PF4VCD3F/t.mbox.gz HTTP/1.1" 302 138
01:19:48 Ame [DEBUG] https://lore.kernel.org:443 "GET /all/aZ3MdkPQf-5aXZ9j@gourry-fedora-PF4VCD3F/t.mbox.gz HTTP/1.1" 200 None
01:19:48 Ame [INFO]   [9/10] Re: [PATCH v1 2/3] cxl/region: Factor out interleave ways setup
01:19:48 Ame [DEBUG] Fetching thread: https://lore.kernel.org/r/aZ3MUyOy2JgavERa@gourry-fedora-PF4VCD3F/t.mbox.gz
01:19:49 Ame [DEBUG] https://lore.kernel.org:443 "GET /r/aZ3MUyOy2JgavERa@gourry-fedora-PF4VCD3F/t.mbox.gz HTTP/1.1" 302 138
01:19:49 Ame [DEBUG] https://lore.kernel.org:443 "GET /all/aZ3MUyOy2JgavERa@gourry-fedora-PF4VCD3F/t.mbox.gz HTTP/1.1" 200 None
01:19:49 Ame [INFO]   [10/10] Re: [PATCH v1 1/3] cxl: Make region type based on endpoint type
01:19:49 Ame [DEBUG] Fetching thread: https://lore.kernel.org/r/aZ3MHVcheVVoooiC@gourry-fedora-PF4VCD3F/t.mbox.gz
01:19:50 Ame [DEBUG] https://lore.kernel.org:443 "GET /r/aZ3MHVcheVVoooiC@gourry-fedora-PF4VCD3F/t.mbox.gz HTTP/1.1" 302 138
01:19:50 Ame [DEBUG] https://lore.kernel.org:443 "GET /all/aZ3MHVcheVVoooiC@gourry-fedora-PF4VCD3F/t.mbox.gz HTTP/1.1" 200 None
01:19:51 Ame [INFO] [5/16] Processing Jeff Layton for 2026-02-24...
01:19:51 Ame [DEBUG] Fetching messages for jlayton@kernel.org on 20260224: https://lore.kernel.org/all/?q=f:jlayton@kernel.org+d:20260224..20260224&x=A
01:19:52 Ame [DEBUG] https://lore.kernel.org:443 "GET /all/?q=f:jlayton@kernel.org+d:20260224..20260224&x=A HTTP/1.1" 200 None
01:19:52 Ame [INFO]   Jeff Layton (jlayton@kernel.org): 5 messages
01:19:52 Ame [DEBUG] Fetching messages for jlayton@redhat.com on 20260224: https://lore.kernel.org/all/?q=f:jlayton@redhat.com+d:20260224..20260224&x=A
01:19:53 Ame [DEBUG] https://lore.kernel.org:443 "GET /all/?q=f:jlayton@redhat.com+d:20260224..20260224&x=A HTTP/1.1" 404 574
01:19:53 Ame [DEBUG] No messages found for jlayton@redhat.com on 20260224 (404)
01:19:53 Ame [INFO]   Jeff Layton (jlayton@redhat.com): 0 messages
01:19:53 Ame [DEBUG] Fetching raw message: https://lore.kernel.org/r/f16c1806a705e08252b1b39ea44b1de1e6be17d6.camel@kernel.org/raw
01:19:53 Ame [DEBUG] https://lore.kernel.org:443 "GET /r/f16c1806a705e08252b1b39ea44b1de1e6be17d6.camel@kernel.org/raw HTTP/1.1" 302 138
01:19:53 Ame [DEBUG] https://lore.kernel.org:443 "GET /all/f16c1806a705e08252b1b39ea44b1de1e6be17d6.camel@kernel.org/raw HTTP/1.1" 200 None
01:19:53 Ame [DEBUG] REVIEW: Re: [PATCH] nfsd: use dynamic allocation for oversized NFSv4.0 replay cache
01:19:53 Ame [DEBUG] Fetching raw message: https://lore.kernel.org/r/5c6b6e52619caf720912639697af5b388a3ea79a.camel@kernel.org/raw
01:19:54 Ame [DEBUG] https://lore.kernel.org:443 "GET /r/5c6b6e52619caf720912639697af5b388a3ea79a.camel@kernel.org/raw HTTP/1.1" 302 138
01:19:54 Ame [DEBUG] https://lore.kernel.org:443 "GET /all/5c6b6e52619caf720912639697af5b388a3ea79a.camel@kernel.org/raw HTTP/1.1" 200 None
01:19:54 Ame [DEBUG] REVIEW: Re: [PATCH] nfsd: use dynamic allocation for oversized NFSv4.0 replay cache
01:19:54 Ame [DEBUG] Fetching raw message: https://lore.kernel.org/r/887c1ca78b34974160dee3ce7f25d6d077da93ab.camel@kernel.org/raw
01:19:55 Ame [DEBUG] https://lore.kernel.org:443 "GET /r/887c1ca78b34974160dee3ce7f25d6d077da93ab.camel@kernel.org/raw HTTP/1.1" 302 138
01:19:55 Ame [DEBUG] https://lore.kernel.org:443 "GET /all/887c1ca78b34974160dee3ce7f25d6d077da93ab.camel@kernel.org/raw HTTP/1.1" 200 None
01:19:55 Ame [DEBUG] REVIEW: Re: [PATCH] nfsd: use dynamic allocation for oversized NFSv4.0 replay cache
01:19:55 Ame [DEBUG] PATCH: [PATCH] nfsd: fix heap overflow in NFSv4.0 LOCK replay cache
01:19:55 Ame [DEBUG] PATCH: [PATCH] nfsd: convert global state_lock to per-net deleg_lock
01:19:55 Ame [INFO]   Jeff Layton: 2 patches, 3 reviews, 0 acks (20260224)
01:19:55 Ame [DEBUG] Fetching messages for jlayton@kernel.org from 20260210 to 20260223: https://lore.kernel.org/all/?q=f:jlayton@kernel.org+d:20260210..20260223&x=A
01:19:57 Ame [DEBUG] https://lore.kernel.org:443 "GET /all/?q=f:jlayton@kernel.org+d:20260210..20260223&x=A HTTP/1.1" 200 None
01:19:57 Ame [DEBUG]   Jeff Layton (jlayton@kernel.org): 9 patch submissions in last 14 days
01:19:57 Ame [DEBUG] Fetching messages for jlayton@redhat.com from 20260210 to 20260223: https://lore.kernel.org/all/?q=f:jlayton@redhat.com+d:20260210..20260223&x=A
01:19:58 Ame [DEBUG] https://lore.kernel.org:443 "GET /all/?q=f:jlayton@redhat.com+d:20260210..20260223&x=A HTTP/1.1" 404 575
01:19:58 Ame [DEBUG] No messages found for jlayton@redhat.com in range 20260210..20260223 (404)
01:19:58 Ame [DEBUG]   Jeff Layton (jlayton@redhat.com): 0 patch submissions in last 14 days
01:19:58 Ame [INFO]   Jeff Layton: 1 recent patch series to check for activity on 2026-02-24
01:19:58 Ame [DEBUG] Fetching thread: https://lore.kernel.org/r/20260223-sunrpc-cache-v2-0-91fc827c4d33@kernel.org/t.mbox.gz
01:19:58 Ame [DEBUG] https://lore.kernel.org:443 "GET /r/20260223-sunrpc-cache-v2-0-91fc827c4d33@kernel.org/t.mbox.gz HTTP/1.1" 302 138
01:19:58 Ame [DEBUG] https://lore.kernel.org:443 "GET /all/20260223-sunrpc-cache-v2-0-91fc827c4d33@kernel.org/t.mbox.gz HTTP/1.1" 200 None
01:19:58 Ame [INFO]   [1/5] [PATCH] nfsd: fix heap overflow in NFSv4.0 LOCK replay cache
01:19:58 Ame [DEBUG] Fetching thread: https://lore.kernel.org/r/20260224-v4-0-lock-overflow-v1-1-22beeaf5cf6b@kernel.org/t.mbox.gz
01:19:59 Ame [DEBUG] https://lore.kernel.org:443 "GET /r/20260224-v4-0-lock-overflow-v1-1-22beeaf5cf6b@kernel.org/t.mbox.gz HTTP/1.1" 302 138
01:19:59 Ame [DEBUG] https://lore.kernel.org:443 "GET /all/20260224-v4-0-lock-overflow-v1-1-22beeaf5cf6b@kernel.org/t.mbox.gz HTTP/1.1" 200 None
01:19:59 Ame [INFO]   [2/5] [PATCH] nfsd: convert global state_lock to per-net deleg_lock
01:19:59 Ame [DEBUG] Fetching thread: https://lore.kernel.org/r/20260224-nfsd-deleg-lock-v1-1-1df17c1daa47@kernel.org/t.mbox.gz
01:20:00 Ame [DEBUG] https://lore.kernel.org:443 "GET /r/20260224-nfsd-deleg-lock-v1-1-1df17c1daa47@kernel.org/t.mbox.gz HTTP/1.1" 302 138
01:20:00 Ame [DEBUG] https://lore.kernel.org:443 "GET /all/20260224-nfsd-deleg-lock-v1-1-1df17c1daa47@kernel.org/t.mbox.gz HTTP/1.1" 200 None
01:20:00 Ame [INFO]   [3/5] Re: [PATCH] nfsd: use dynamic allocation for oversized NFSv4.0 replay …
01:20:00 Ame [DEBUG] Fetching thread: https://lore.kernel.org/r/f16c1806a705e08252b1b39ea44b1de1e6be17d6.camel@kernel.org/t.mbox.gz
01:20:01 Ame [DEBUG] https://lore.kernel.org:443 "GET /r/f16c1806a705e08252b1b39ea44b1de1e6be17d6.camel@kernel.org/t.mbox.gz HTTP/1.1" 302 138
01:20:01 Ame [DEBUG] https://lore.kernel.org:443 "GET /all/f16c1806a705e08252b1b39ea44b1de1e6be17d6.camel@kernel.org/t.mbox.gz HTTP/1.1" 200 None
01:20:01 Ame [INFO]   [4/5] Re: [PATCH] nfsd: use dynamic allocation for oversized NFSv4.0 replay …
01:20:01 Ame [DEBUG] Fetching thread: https://lore.kernel.org/r/5c6b6e52619caf720912639697af5b388a3ea79a.camel@kernel.org/t.mbox.gz
01:20:02 Ame [DEBUG] https://lore.kernel.org:443 "GET /r/5c6b6e52619caf720912639697af5b388a3ea79a.camel@kernel.org/t.mbox.gz HTTP/1.1" 302 138
01:20:02 Ame [DEBUG] https://lore.kernel.org:443 "GET /all/5c6b6e52619caf720912639697af5b388a3ea79a.camel@kernel.org/t.mbox.gz HTTP/1.1" 200 None
01:20:02 Ame [INFO]   [5/5] Re: [PATCH] nfsd: use dynamic allocation for oversized NFSv4.0 replay …
01:20:02 Ame [DEBUG] Fetching thread: https://lore.kernel.org/r/887c1ca78b34974160dee3ce7f25d6d077da93ab.camel@kernel.org/t.mbox.gz
01:20:03 Ame [DEBUG] https://lore.kernel.org:443 "GET /r/887c1ca78b34974160dee3ce7f25d6d077da93ab.camel@kernel.org/t.mbox.gz HTTP/1.1" 302 138
01:20:03 Ame [DEBUG] https://lore.kernel.org:443 "GET /all/887c1ca78b34974160dee3ce7f25d6d077da93ab.camel@kernel.org/t.mbox.gz HTTP/1.1" 200 None
01:20:03 Ame [INFO] [6/16] Processing Joanne Koong for 2026-02-24...
01:20:03 Ame [DEBUG] Fetching messages for joannelkoong@gmail.com on 20260224: https://lore.kernel.org/all/?q=f:joannelkoong@gmail.com+d:20260224..20260224&x=A
01:20:05 Ame [DEBUG] https://lore.kernel.org:443 "GET /all/?q=f:joannelkoong@gmail.com+d:20260224..20260224&x=A HTTP/1.1" 200 None
01:20:05 Ame [INFO]   Joanne Koong (joannelkoong@gmail.com): 4 messages
01:20:05 Ame [DEBUG] Fetching raw message: https://lore.kernel.org/r/CAJnrk1a1FAARebZ0Aqw18zxtOy8WTMb2UfcAK6jQaigXiZbTfQ@mail.gmail.com/raw
01:20:05 Ame [DEBUG] https://lore.kernel.org:443 "GET /r/CAJnrk1a1FAARebZ0Aqw18zxtOy8WTMb2UfcAK6jQaigXiZbTfQ@mail.gmail.com/raw HTTP/1.1" 302 138
01:20:05 Ame [DEBUG] https://lore.kernel.org:443 "GET /all/CAJnrk1a1FAARebZ0Aqw18zxtOy8WTMb2UfcAK6jQaigXiZbTfQ@mail.gmail.com/raw HTTP/1.1" 200 None
01:20:05 Ame [DEBUG] REVIEW: Re: [PATCH v1 03/11] io_uring/kbuf: add support for kernel-managed buffer rings
01:20:05 Ame [DEBUG] Fetching raw message: https://lore.kernel.org/r/CAJnrk1bEm=pe2M367CsbQNYyUEdXCVzAyboqqHnSCxx7fxZKZA@mail.gmail.com/raw
01:20:06 Ame [DEBUG] https://lore.kernel.org:443 "GET /r/CAJnrk1bEm=pe2M367CsbQNYyUEdXCVzAyboqqHnSCxx7fxZKZA@mail.gmail.com/raw HTTP/1.1" 302 138
01:20:06 Ame [DEBUG] https://lore.kernel.org:443 "GET /all/CAJnrk1bEm=pe2M367CsbQNYyUEdXCVzAyboqqHnSCxx7fxZKZA@mail.gmail.com/raw HTTP/1.1" 200 None
01:20:06 Ame [DEBUG] ACK (Reviewed-by): Re: [PATCH 2/5] fuse: quiet down complaints in fuse_conn_limit_write
01:20:06 Ame [DEBUG] Fetching raw message: https://lore.kernel.org/r/CAJnrk1YCh=CsFmxGwnK37d-31ravAOR8uLH+CrhpFzPX=ZTxUw@mail.gmail.com/raw
01:20:07 Ame [DEBUG] https://lore.kernel.org:443 "GET /r/CAJnrk1YCh=CsFmxGwnK37d-31ravAOR8uLH+CrhpFzPX=ZTxUw@mail.gmail.com/raw HTTP/1.1" 302 138
01:20:07 Ame [DEBUG] https://lore.kernel.org:443 "GET /all/CAJnrk1YCh=CsFmxGwnK37d-31ravAOR8uLH+CrhpFzPX=ZTxUw@mail.gmail.com/raw HTTP/1.1" 200 None
01:20:07 Ame [DEBUG] REVIEW: Re: [PATCH 1/5] fuse: flush pending FUSE_RELEASE requests before sending FUSE_DESTROY
01:20:07 Ame [DEBUG] Fetching raw message: https://lore.kernel.org/r/CAJnrk1ZZ=1jF4DUF-NyedLP-BJM_5d3s0zfD4oHGyR51PM9E7Q@mail.gmail.com/raw
01:20:08 Ame [DEBUG] https://lore.kernel.org:443 "GET /r/CAJnrk1ZZ=1jF4DUF-NyedLP-BJM_5d3s0zfD4oHGyR51PM9E7Q@mail.gmail.com/raw HTTP/1.1" 302 138
01:20:08 Ame [DEBUG] https://lore.kernel.org:443 "GET /all/CAJnrk1ZZ=1jF4DUF-NyedLP-BJM_5d3s0zfD4oHGyR51PM9E7Q@mail.gmail.com/raw HTTP/1.1" 200 None
01:20:08 Ame [DEBUG] ACK (Reviewed-by): Re: [PATCH 1/5] fuse: flush pending FUSE_RELEASE requests before sending FUSE_DESTROY
01:20:08 Ame [INFO]   Joanne Koong: 0 patches, 2 reviews, 2 acks (20260224)
01:20:08 Ame [DEBUG] Fetching messages for joannelkoong@gmail.com from 20260210 to 20260223: https://lore.kernel.org/all/?q=f:joannelkoong@gmail.com+d:20260210..20260223&x=A
01:20:10 Ame [DEBUG] https://lore.kernel.org:443 "GET /all/?q=f:joannelkoong@gmail.com+d:20260210..20260223&x=A HTTP/1.1" 200 None
01:20:10 Ame [DEBUG]   Joanne Koong (joannelkoong@gmail.com): 25 patch submissions in last 14 days
01:20:10 Ame [INFO]   Joanne Koong: 4 recent patch series to check for activity on 2026-02-24
01:20:10 Ame [DEBUG] Fetching thread: https://lore.kernel.org/r/20260219003911.344478-1-joannelkoong@gmail.com/t.mbox.gz
01:20:10 Ame [DEBUG] https://lore.kernel.org:443 "GET /r/20260219003911.344478-1-joannelkoong@gmail.com/t.mbox.gz HTTP/1.1" 302 138
01:20:10 Ame [DEBUG] https://lore.kernel.org:443 "GET /all/20260219003911.344478-1-joannelkoong@gmail.com/t.mbox.gz HTTP/1.1" 200 None
01:20:10 Ame [DEBUG]   ONGOING: [PATCH v1 0/1] iomap: don't mark folio uptodate if read IO has bytes pending
01:20:10 Ame [DEBUG] Fetching thread: https://lore.kernel.org/r/20260218025207.1425553-1-joannelkoong@gmail.com/t.mbox.gz
01:20:11 Ame [DEBUG] https://lore.kernel.org:443 "GET /r/20260218025207.1425553-1-joannelkoong@gmail.com/t.mbox.gz HTTP/1.1" 302 138
01:20:11 Ame [DEBUG] https://lore.kernel.org:443 "GET /all/20260218025207.1425553-1-joannelkoong@gmail.com/t.mbox.gz HTTP/1.1" 200 None
01:20:11 Ame [DEBUG] Fetching thread: https://lore.kernel.org/r/20260210002852.1394504-12-joannelkoong@gmail.com/t.mbox.gz
01:20:12 Ame [DEBUG] https://lore.kernel.org:443 "GET /r/20260210002852.1394504-12-joannelkoong@gmail.com/t.mbox.gz HTTP/1.1" 302 138
01:20:12 Ame [DEBUG] https://lore.kernel.org:443 "GET /all/20260210002852.1394504-12-joannelkoong@gmail.com/t.mbox.gz HTTP/1.1" 200 None
01:20:13 Ame [DEBUG]   ONGOING: [PATCH v1 11/11] io_uring/cmd: set selected buffer index in __io_uring_cmd_done()
01:20:13 Ame [DEBUG] Fetching thread: https://lore.kernel.org/r/CAJnrk1YA9hk5Mv0BXFe+TcWLXsNLpWtcA-gy+k03zDt4f0z7zg@mail.gmail.com/t.mbox.gz
01:20:13 Ame [DEBUG] https://lore.kernel.org:443 "GET /r/CAJnrk1YA9hk5Mv0BXFe+TcWLXsNLpWtcA-gy+k03zDt4f0z7zg@mail.gmail.com/t.mbox.gz HTTP/1.1" 302 138
01:20:13 Ame [DEBUG] https://lore.kernel.org:443 "GET /all/CAJnrk1YA9hk5Mv0BXFe+TcWLXsNLpWtcA-gy+k03zDt4f0z7zg@mail.gmail.com/t.mbox.gz HTTP/1.1" 200 None
01:20:13 Ame [DEBUG]   ONGOING: [PATCH] io_uring/rsrc: clean up buffer cloning arg validation (for 6.18-stable tree)
01:20:13 Ame [INFO]   Joanne Koong: 3 ongoing patches with activity on 2026-02-24
01:20:13 Ame [INFO]   [1/7] [PATCH v1 0/1] iomap: don't mark folio uptodate if read IO has bytes p…
01:20:13 Ame [INFO]   [2/7] [PATCH v1 11/11] io_uring/cmd: set selected buffer index in __io_uring…
01:20:13 Ame [INFO]   [3/7] [PATCH] io_uring/rsrc: clean up buffer cloning arg validation (for 6.1…
01:20:13 Ame [INFO]   [4/7] Re: [PATCH v1 03/11] io_uring/kbuf: add support for kernel-managed buf…
01:20:13 Ame [DEBUG] Fetching thread: https://lore.kernel.org/r/CAJnrk1a1FAARebZ0Aqw18zxtOy8WTMb2UfcAK6jQaigXiZbTfQ@mail.gmail.com/t.mbox.gz
01:20:14 Ame [DEBUG] https://lore.kernel.org:443 "GET /r/CAJnrk1a1FAARebZ0Aqw18zxtOy8WTMb2UfcAK6jQaigXiZbTfQ@mail.gmail.com/t.mbox.gz HTTP/1.1" 302 138
01:20:14 Ame [DEBUG] https://lore.kernel.org:443 "GET /all/CAJnrk1a1FAARebZ0Aqw18zxtOy8WTMb2UfcAK6jQaigXiZbTfQ@mail.gmail.com/t.mbox.gz HTTP/1.1" 200 None
01:20:15 Ame [INFO]   [5/7] Re: [PATCH 1/5] fuse: flush pending FUSE_RELEASE requests before sendi…
01:20:15 Ame [DEBUG] Fetching thread: https://lore.kernel.org/r/CAJnrk1YCh=CsFmxGwnK37d-31ravAOR8uLH+CrhpFzPX=ZTxUw@mail.gmail.com/t.mbox.gz
01:20:15 Ame [DEBUG] https://lore.kernel.org:443 "GET /r/CAJnrk1YCh=CsFmxGwnK37d-31ravAOR8uLH+CrhpFzPX=ZTxUw@mail.gmail.com/t.mbox.gz HTTP/1.1" 302 138
01:20:15 Ame [DEBUG] https://lore.kernel.org:443 "GET /all/CAJnrk1YCh=CsFmxGwnK37d-31ravAOR8uLH+CrhpFzPX=ZTxUw@mail.gmail.com/t.mbox.gz HTTP/1.1" 200 None
01:20:17 Ame [INFO]   [6/7] Re: [PATCH 2/5] fuse: quiet down complaints in fuse_conn_limit_write
01:20:17 Ame [DEBUG] Fetching thread: https://lore.kernel.org/r/CAJnrk1bEm=pe2M367CsbQNYyUEdXCVzAyboqqHnSCxx7fxZKZA@mail.gmail.com/t.mbox.gz
01:20:17 Ame [DEBUG] https://lore.kernel.org:443 "GET /r/CAJnrk1bEm=pe2M367CsbQNYyUEdXCVzAyboqqHnSCxx7fxZKZA@mail.gmail.com/t.mbox.gz HTTP/1.1" 302 138
01:20:17 Ame [DEBUG] https://lore.kernel.org:443 "GET /all/CAJnrk1bEm=pe2M367CsbQNYyUEdXCVzAyboqqHnSCxx7fxZKZA@mail.gmail.com/t.mbox.gz HTTP/1.1" 200 None
01:20:18 Ame [INFO]   [7/7] Re: [PATCH 1/5] fuse: flush pending FUSE_RELEASE requests before sendi…
01:20:18 Ame [DEBUG] Fetching thread: https://lore.kernel.org/r/CAJnrk1ZZ=1jF4DUF-NyedLP-BJM_5d3s0zfD4oHGyR51PM9E7Q@mail.gmail.com/t.mbox.gz
01:20:18 Ame [DEBUG] https://lore.kernel.org:443 "GET /r/CAJnrk1ZZ=1jF4DUF-NyedLP-BJM_5d3s0zfD4oHGyR51PM9E7Q@mail.gmail.com/t.mbox.gz HTTP/1.1" 302 138
01:20:18 Ame [DEBUG] https://lore.kernel.org:443 "GET /all/CAJnrk1ZZ=1jF4DUF-NyedLP-BJM_5d3s0zfD4oHGyR51PM9E7Q@mail.gmail.com/t.mbox.gz HTTP/1.1" 200 None
01:20:19 Ame [INFO] [7/16] Processing Johannes Weiner for 2026-02-24...
01:20:19 Ame [DEBUG] Fetching messages for hannes@cmpxchg.org on 20260224: https://lore.kernel.org/all/?q=f:hannes@cmpxchg.org+d:20260224..20260224&x=A
01:20:19 Ame [DEBUG] https://lore.kernel.org:443 "GET /all/?q=f:hannes@cmpxchg.org+d:20260224..20260224&x=A HTTP/1.1" 200 None
01:20:19 Ame [INFO]   Johannes Weiner (hannes@cmpxchg.org): 2 messages
01:20:19 Ame [DEBUG] Fetching raw message: https://lore.kernel.org/r/aZ318PoxdAZjqnLX@cmpxchg.org/raw
01:20:20 Ame [DEBUG] https://lore.kernel.org:443 "GET /r/aZ318PoxdAZjqnLX@cmpxchg.org/raw HTTP/1.1" 302 138
01:20:20 Ame [DEBUG] https://lore.kernel.org:443 "GET /all/aZ318PoxdAZjqnLX@cmpxchg.org/raw HTTP/1.1" 200 None
01:20:20 Ame [DEBUG] SKIPPED (reply, no review signals): Re: [LSF/MM/BPF TOPIC] Beyond 2MB: Why Terabyte-Scale Machines Need 1GB Transparent Huge Pages
01:20:20 Ame [DEBUG] Fetching raw message: https://lore.kernel.org/r/aZ3KrfD_6vfxjRcs@cmpxchg.org/raw
01:20:21 Ame [DEBUG] https://lore.kernel.org:443 "GET /r/aZ3KrfD_6vfxjRcs@cmpxchg.org/raw HTTP/1.1" 302 138
01:20:21 Ame [DEBUG] https://lore.kernel.org:443 "GET /all/aZ3KrfD_6vfxjRcs@cmpxchg.org/raw HTTP/1.1" 200 None
01:20:21 Ame [DEBUG] REVIEW: Re: [PATCH RFC 08/15] mm, swap: store and check memcg info in the swap table
01:20:21 Ame [INFO]   Johannes Weiner: 0 patches, 1 reviews, 0 acks (20260224)
01:20:21 Ame [DEBUG] Fetching messages for hannes@cmpxchg.org from 20260210 to 20260223: https://lore.kernel.org/all/?q=f:hannes@cmpxchg.org+d:20260210..20260223&x=A
01:20:22 Ame [DEBUG] https://lore.kernel.org:443 "GET /all/?q=f:hannes@cmpxchg.org+d:20260210..20260223&x=A HTTP/1.1" 200 None
01:20:22 Ame [DEBUG]   Johannes Weiner (hannes@cmpxchg.org): 4 patch submissions in last 14 days
01:20:22 Ame [INFO]   Johannes Weiner: 1 recent patch series to check for activity on 2026-02-24
01:20:22 Ame [DEBUG] Fetching thread: https://lore.kernel.org/r/20260223160147.3792777-1-hannes@cmpxchg.org/t.mbox.gz
01:20:23 Ame [DEBUG] https://lore.kernel.org:443 "GET /r/20260223160147.3792777-1-hannes@cmpxchg.org/t.mbox.gz HTTP/1.1" 302 138
01:20:23 Ame [DEBUG] https://lore.kernel.org:443 "GET /all/20260223160147.3792777-1-hannes@cmpxchg.org/t.mbox.gz HTTP/1.1" 200 None
01:20:23 Ame [INFO]   [1/1] Re: [PATCH RFC 08/15] mm, swap: store and check memcg info in the swap…
01:20:23 Ame [DEBUG] Fetching thread: https://lore.kernel.org/r/aZ3KrfD_6vfxjRcs@cmpxchg.org/t.mbox.gz
01:20:24 Ame [DEBUG] https://lore.kernel.org:443 "GET /r/aZ3KrfD_6vfxjRcs@cmpxchg.org/t.mbox.gz HTTP/1.1" 302 138
01:20:24 Ame [DEBUG] https://lore.kernel.org:443 "GET /all/aZ3KrfD_6vfxjRcs@cmpxchg.org/t.mbox.gz HTTP/1.1" 200 None
01:20:24 Ame [INFO] [8/16] Processing Joshua Hahn for 2026-02-24...
01:20:24 Ame [DEBUG] Fetching messages for joshua.hahnjy@gmail.com on 20260224: https://lore.kernel.org/all/?q=f:joshua.hahnjy@gmail.com+d:20260224..20260224&x=A
01:20:25 Ame [DEBUG] https://lore.kernel.org:443 "GET /all/?q=f:joshua.hahnjy@gmail.com+d:20260224..20260224&x=A HTTP/1.1" 200 None
01:20:25 Ame [INFO]   Joshua Hahn (joshua.hahnjy@gmail.com): 1 messages
01:20:25 Ame [DEBUG] Fetching raw message: https://lore.kernel.org/r/20260224161357.2622501-1-joshua.hahnjy@gmail.com/raw
01:20:26 Ame [DEBUG] https://lore.kernel.org:443 "GET /r/20260224161357.2622501-1-joshua.hahnjy@gmail.com/raw HTTP/1.1" 302 138
01:20:26 Ame [DEBUG] https://lore.kernel.org:443 "GET /all/20260224161357.2622501-1-joshua.hahnjy@gmail.com/raw HTTP/1.1" 200 None
01:20:26 Ame [DEBUG] REVIEW: Re: [RFC PATCH 0/6] mm/memcontrol: Make memcg limits tier-aware
01:20:26 Ame [INFO]   Joshua Hahn: 0 patches, 1 reviews, 0 acks (20260224)
01:20:26 Ame [DEBUG] Fetching messages for joshua.hahnjy@gmail.com from 20260210 to 20260223: https://lore.kernel.org/all/?q=f:joshua.hahnjy@gmail.com+d:20260210..20260223&x=A
01:20:27 Ame [DEBUG] https://lore.kernel.org:443 "GET /all/?q=f:joshua.hahnjy@gmail.com+d:20260210..20260223&x=A HTTP/1.1" 200 None
01:20:27 Ame [DEBUG]   Joshua Hahn (joshua.hahnjy@gmail.com): 7 patch submissions in last 14 days
01:20:27 Ame [INFO]   Joshua Hahn: 1 recent patch series to check for activity on 2026-02-24
01:20:27 Ame [DEBUG] Fetching thread: https://lore.kernel.org/r/20260223223830.586018-1-joshua.hahnjy@gmail.com/t.mbox.gz
01:20:28 Ame [DEBUG] https://lore.kernel.org:443 "GET /r/20260223223830.586018-1-joshua.hahnjy@gmail.com/t.mbox.gz HTTP/1.1" 302 138
01:20:28 Ame [DEBUG] https://lore.kernel.org:443 "GET /all/20260223223830.586018-1-joshua.hahnjy@gmail.com/t.mbox.gz HTTP/1.1" 200 None
01:20:28 Ame [DEBUG]   ONGOING: [RFC PATCH 0/6] mm/memcontrol: Make memcg limits tier-aware
01:20:28 Ame [INFO]   Joshua Hahn: 1 ongoing patches with activity on 2026-02-24
01:20:28 Ame [INFO]   [1/2] [RFC PATCH 0/6] mm/memcontrol: Make memcg limits tier-aware
01:20:28 Ame [INFO]   [2/2] Re: [RFC PATCH 0/6] mm/memcontrol: Make memcg limits tier-aware
01:20:28 Ame [DEBUG] Fetching thread: https://lore.kernel.org/r/20260224161357.2622501-1-joshua.hahnjy@gmail.com/t.mbox.gz
01:20:29 Ame [DEBUG] https://lore.kernel.org:443 "GET /r/20260224161357.2622501-1-joshua.hahnjy@gmail.com/t.mbox.gz HTTP/1.1" 302 138
01:20:29 Ame [DEBUG] https://lore.kernel.org:443 "GET /all/20260224161357.2622501-1-joshua.hahnjy@gmail.com/t.mbox.gz HTTP/1.1" 200 None
01:20:29 Ame [INFO] [9/16] Processing JP Kobryn for 2026-02-24...
01:20:29 Ame [DEBUG] Fetching messages for inwardvessel@gmail.com on 20260224: https://lore.kernel.org/all/?q=f:inwardvessel@gmail.com+d:20260224..20260224&x=A
01:20:30 Ame [DEBUG] https://lore.kernel.org:443 "GET /all/?q=f:inwardvessel@gmail.com+d:20260224..20260224&x=A HTTP/1.1" 404 577
01:20:30 Ame [DEBUG] No messages found for inwardvessel@gmail.com on 20260224 (404)
01:20:30 Ame [INFO]   JP Kobryn (inwardvessel@gmail.com): 0 messages
01:20:30 Ame [DEBUG] Fetching messages for jp.kobryn@linux.dev on 20260224: https://lore.kernel.org/all/?q=f:jp.kobryn@linux.dev+d:20260224..20260224&x=A
01:20:31 Ame [DEBUG] https://lore.kernel.org:443 "GET /all/?q=f:jp.kobryn@linux.dev+d:20260224..20260224&x=A HTTP/1.1" 404 576
01:20:31 Ame [DEBUG] No messages found for jp.kobryn@linux.dev on 20260224 (404)
01:20:31 Ame [INFO]   JP Kobryn (jp.kobryn@linux.dev): 0 messages
01:20:31 Ame [INFO]   JP Kobryn: 0 patches, 0 reviews, 0 acks (20260224)
01:20:31 Ame [DEBUG] Fetching messages for inwardvessel@gmail.com from 20260210 to 20260223: https://lore.kernel.org/all/?q=f:inwardvessel@gmail.com+d:20260210..20260223&x=A
01:20:32 Ame [DEBUG] https://lore.kernel.org:443 "GET /all/?q=f:inwardvessel@gmail.com+d:20260210..20260223&x=A HTTP/1.1" 200 None
01:20:32 Ame [DEBUG]   JP Kobryn (inwardvessel@gmail.com): 3 patch submissions in last 14 days
01:20:32 Ame [DEBUG] Fetching messages for jp.kobryn@linux.dev from 20260210 to 20260223: https://lore.kernel.org/all/?q=f:jp.kobryn@linux.dev+d:20260210..20260223&x=A
01:20:33 Ame [DEBUG] https://lore.kernel.org:443 "GET /all/?q=f:jp.kobryn@linux.dev+d:20260210..20260223&x=A HTTP/1.1" 200 None
01:20:33 Ame [DEBUG]   JP Kobryn (jp.kobryn@linux.dev): 4 patch submissions in last 14 days
01:20:33 Ame [INFO]   JP Kobryn: 3 recent patch series to check for activity on 2026-02-24
01:20:33 Ame [DEBUG] Fetching thread: https://lore.kernel.org/r/20260212045109.255391-1-inwardvessel@gmail.com/t.mbox.gz
01:20:34 Ame [DEBUG] https://lore.kernel.org:443 "GET /r/20260212045109.255391-1-inwardvessel@gmail.com/t.mbox.gz HTTP/1.1" 302 138
01:20:34 Ame [DEBUG] https://lore.kernel.org:443 "GET /all/20260212045109.255391-1-inwardvessel@gmail.com/t.mbox.gz HTTP/1.1" 200 None
01:20:34 Ame [DEBUG] Fetching thread: https://lore.kernel.org/r/20260219235846.161910-1-jp.kobryn@linux.dev/t.mbox.gz
01:20:35 Ame [DEBUG] https://lore.kernel.org:443 "GET /r/20260219235846.161910-1-jp.kobryn@linux.dev/t.mbox.gz HTTP/1.1" 302 138
01:20:35 Ame [DEBUG] https://lore.kernel.org:443 "GET /all/20260219235846.161910-1-jp.kobryn@linux.dev/t.mbox.gz HTTP/1.1" 200 None
01:20:35 Ame [DEBUG] Fetching thread: https://lore.kernel.org/r/20260218032941.225439-1-jp.kobryn@linux.dev/t.mbox.gz
01:20:36 Ame [DEBUG] https://lore.kernel.org:443 "GET /r/20260218032941.225439-1-jp.kobryn@linux.dev/t.mbox.gz HTTP/1.1" 302 138
01:20:36 Ame [DEBUG] https://lore.kernel.org:443 "GET /all/20260218032941.225439-1-jp.kobryn@linux.dev/t.mbox.gz HTTP/1.1" 200 None
01:20:36 Ame [INFO] [10/16] Processing Kiryl Shutsemau for 2026-02-24...
01:20:36 Ame [DEBUG] Fetching messages for kas@kernel.org on 20260224: https://lore.kernel.org/all/?q=f:kas@kernel.org+d:20260224..20260224&x=A
01:20:37 Ame [DEBUG] https://lore.kernel.org:443 "GET /all/?q=f:kas@kernel.org+d:20260224..20260224&x=A HTTP/1.1" 404 565
01:20:37 Ame [DEBUG] No messages found for kas@kernel.org on 20260224 (404)
01:20:37 Ame [INFO]   Kiryl Shutsemau (kas@kernel.org): 0 messages
01:20:37 Ame [DEBUG] Fetching messages for kirill@shutemov.name on 20260224: https://lore.kernel.org/all/?q=f:kirill@shutemov.name+d:20260224..20260224&x=A
01:20:38 Ame [DEBUG] https://lore.kernel.org:443 "GET /all/?q=f:kirill@shutemov.name+d:20260224..20260224&x=A HTTP/1.1" 404 574
01:20:38 Ame [DEBUG] No messages found for kirill@shutemov.name on 20260224 (404)
01:20:38 Ame [INFO]   Kiryl Shutsemau (kirill@shutemov.name): 0 messages
01:20:38 Ame [INFO]   Kiryl Shutsemau: 0 patches, 0 reviews, 0 acks (20260224)
01:20:38 Ame [DEBUG] Fetching messages for kas@kernel.org from 20260210 to 20260223: https://lore.kernel.org/all/?q=f:kas@kernel.org+d:20260210..20260223&x=A
01:20:39 Ame [DEBUG] https://lore.kernel.org:443 "GET /all/?q=f:kas@kernel.org+d:20260210..20260223&x=A HTTP/1.1" 200 None
01:20:39 Ame [DEBUG]   Kiryl Shutsemau (kas@kernel.org): 6 patch submissions in last 14 days
01:20:39 Ame [DEBUG] Fetching messages for kirill@shutemov.name from 20260210 to 20260223: https://lore.kernel.org/all/?q=f:kirill@shutemov.name+d:20260210..20260223&x=A
01:20:40 Ame [DEBUG] https://lore.kernel.org:443 "GET /all/?q=f:kirill@shutemov.name+d:20260210..20260223&x=A HTTP/1.1" 200 None
01:20:40 Ame [DEBUG]   Kiryl Shutsemau (kirill@shutemov.name): 0 patch submissions in last 14 days
01:20:40 Ame [INFO]   Kiryl Shutsemau: 1 recent patch series to check for activity on 2026-02-24
01:20:40 Ame [DEBUG] Fetching thread: https://lore.kernel.org/r/20260217104957.249340-1-kas@kernel.org/t.mbox.gz
01:20:41 Ame [DEBUG] https://lore.kernel.org:443 "GET /r/20260217104957.249340-1-kas@kernel.org/t.mbox.gz HTTP/1.1" 302 138
01:20:41 Ame [DEBUG] https://lore.kernel.org:443 "GET /all/20260217104957.249340-1-kas@kernel.org/t.mbox.gz HTTP/1.1" 200 None
01:20:41 Ame [INFO] [11/16] Processing Leo Martins for 2026-02-24...
01:20:41 Ame [DEBUG] Fetching messages for loemra.dev@gmail.com on 20260224: https://lore.kernel.org/all/?q=f:loemra.dev@gmail.com+d:20260224..20260224&x=A
01:20:42 Ame [DEBUG] https://lore.kernel.org:443 "GET /all/?q=f:loemra.dev@gmail.com+d:20260224..20260224&x=A HTTP/1.1" 200 None
01:20:42 Ame [INFO]   Leo Martins (loemra.dev@gmail.com): 4 messages
01:20:42 Ame [DEBUG] PATCH: [PATCH v3 3/3] btrfs: add tracepoint for search slot restart tracking
01:20:42 Ame [DEBUG] PATCH: [PATCH v3 2/3] btrfs: inhibit extent buffer writeback to prevent COW amplification
01:20:42 Ame [DEBUG] PATCH: [PATCH v3 1/3] btrfs: skip COW for written extent buffers allocated in current transaction
01:20:42 Ame [DEBUG] PATCH: [PATCH v3 0/3] btrfs: fix COW amplification under memory pressure
01:20:42 Ame [INFO]   Leo Martins: 4 patches, 0 reviews, 0 acks (20260224)
01:20:42 Ame [DEBUG] Fetching messages for loemra.dev@gmail.com from 20260210 to 20260223: https://lore.kernel.org/all/?q=f:loemra.dev@gmail.com+d:20260210..20260223&x=A
01:20:43 Ame [DEBUG] https://lore.kernel.org:443 "GET /all/?q=f:loemra.dev@gmail.com+d:20260210..20260223&x=A HTTP/1.1" 200 None
01:20:43 Ame [DEBUG]   Leo Martins (loemra.dev@gmail.com): 4 patch submissions in last 14 days
01:20:43 Ame [INFO]   Leo Martins: 4 recent patch series to check for activity on 2026-02-24
01:20:43 Ame [DEBUG] Fetching thread: https://lore.kernel.org/r/daa819f56fd49e190b7ed70122ab79ecef690291.1771012202.git.loemra.dev@gmail.com/t.mbox.gz
01:20:44 Ame [DEBUG] https://lore.kernel.org:443 "GET /r/daa819f56fd49e190b7ed70122ab79ecef690291.1771012202.git.loemra.dev@gmail.com/t.mbox.gz HTTP/1.1" 302 138
01:20:44 Ame [DEBUG] https://lore.kernel.org:443 "GET /all/daa819f56fd49e190b7ed70122ab79ecef690291.1771012202.git.loemra.dev@gmail.com/t.mbox.gz HTTP/1.1" 200 None
01:20:44 Ame [DEBUG] Fetching thread: https://lore.kernel.org/r/14139b6aa359a53a1c12119fb84fcbd29227d498.1771012202.git.loemra.dev@gmail.com/t.mbox.gz
01:20:45 Ame [DEBUG] https://lore.kernel.org:443 "GET /r/14139b6aa359a53a1c12119fb84fcbd29227d498.1771012202.git.loemra.dev@gmail.com/t.mbox.gz HTTP/1.1" 302 138
01:20:45 Ame [DEBUG] https://lore.kernel.org:443 "GET /all/14139b6aa359a53a1c12119fb84fcbd29227d498.1771012202.git.loemra.dev@gmail.com/t.mbox.gz HTTP/1.1" 200 None
01:20:45 Ame [DEBUG] Fetching thread: https://lore.kernel.org/r/04eca407999f1db58a4af9f4d88397aa2edd2d3c.1771012202.git.loemra.dev@gmail.com/t.mbox.gz
01:20:46 Ame [DEBUG] https://lore.kernel.org:443 "GET /r/04eca407999f1db58a4af9f4d88397aa2edd2d3c.1771012202.git.loemra.dev@gmail.com/t.mbox.gz HTTP/1.1" 302 138
01:20:46 Ame [DEBUG] https://lore.kernel.org:443 "GET /all/04eca407999f1db58a4af9f4d88397aa2edd2d3c.1771012202.git.loemra.dev@gmail.com/t.mbox.gz HTTP/1.1" 200 None
01:20:46 Ame [DEBUG] Fetching thread: https://lore.kernel.org/r/cover.1771012202.git.loemra.dev@gmail.com/t.mbox.gz
01:20:47 Ame [DEBUG] https://lore.kernel.org:443 "GET /r/cover.1771012202.git.loemra.dev@gmail.com/t.mbox.gz HTTP/1.1" 302 138
01:20:47 Ame [DEBUG] https://lore.kernel.org:443 "GET /all/cover.1771012202.git.loemra.dev@gmail.com/t.mbox.gz HTTP/1.1" 200 None
01:20:47 Ame [INFO]   [1/4] [PATCH v3 3/3] btrfs: add tracepoint for search slot restart tracking
01:20:47 Ame [DEBUG] Fetching thread: https://lore.kernel.org/r/18c04d9a68f64fa5e36dde196306170d0fb437d9.1771884128.git.loemra.dev@gmail.com/t.mbox.gz
01:20:48 Ame [DEBUG] https://lore.kernel.org:443 "GET /r/18c04d9a68f64fa5e36dde196306170d0fb437d9.1771884128.git.loemra.dev@gmail.com/t.mbox.gz HTTP/1.1" 302 138
01:20:48 Ame [DEBUG] https://lore.kernel.org:443 "GET /all/18c04d9a68f64fa5e36dde196306170d0fb437d9.1771884128.git.loemra.dev@gmail.com/t.mbox.gz HTTP/1.1" 200 None
01:20:48 Ame [INFO]   [2/4] [PATCH v3 2/3] btrfs: inhibit extent buffer writeback to prevent COW a…
01:20:48 Ame [DEBUG] Fetching thread: https://lore.kernel.org/r/cc847a35e26cc4dfad18c59e3c525cea507ff440.1771884128.git.loemra.dev@gmail.com/t.mbox.gz
01:20:49 Ame [DEBUG] https://lore.kernel.org:443 "GET /r/cc847a35e26cc4dfad18c59e3c525cea507ff440.1771884128.git.loemra.dev@gmail.com/t.mbox.gz HTTP/1.1" 302 138
01:20:49 Ame [DEBUG] https://lore.kernel.org:443 "GET /all/cc847a35e26cc4dfad18c59e3c525cea507ff440.1771884128.git.loemra.dev@gmail.com/t.mbox.gz HTTP/1.1" 200 None
01:20:49 Ame [INFO]   [3/4] [PATCH v3 1/3] btrfs: skip COW for written extent buffers allocated in…
01:20:49 Ame [DEBUG] Fetching thread: https://lore.kernel.org/r/4ce911a475b998ddf76951629ad203e6440ab0ca.1771884128.git.loemra.dev@gmail.com/t.mbox.gz
01:20:50 Ame [DEBUG] https://lore.kernel.org:443 "GET /r/4ce911a475b998ddf76951629ad203e6440ab0ca.1771884128.git.loemra.dev@gmail.com/t.mbox.gz HTTP/1.1" 302 138
01:20:50 Ame [DEBUG] https://lore.kernel.org:443 "GET /all/4ce911a475b998ddf76951629ad203e6440ab0ca.1771884128.git.loemra.dev@gmail.com/t.mbox.gz HTTP/1.1" 200 None
01:20:50 Ame [INFO]   [4/4] [PATCH v3 0/3] btrfs: fix COW amplification under memory pressure
01:20:50 Ame [DEBUG] Fetching thread: https://lore.kernel.org/r/cover.1771884128.git.loemra.dev@gmail.com/t.mbox.gz
01:20:51 Ame [DEBUG] https://lore.kernel.org:443 "GET /r/cover.1771884128.git.loemra.dev@gmail.com/t.mbox.gz HTTP/1.1" 302 138
01:20:51 Ame [DEBUG] https://lore.kernel.org:443 "GET /all/cover.1771884128.git.loemra.dev@gmail.com/t.mbox.gz HTTP/1.1" 200 None
01:20:51 Ame [INFO] [12/16] Processing Mark Harmstone for 2026-02-24...
01:20:51 Ame [DEBUG] Fetching messages for mark@harmstone.com on 20260224: https://lore.kernel.org/all/?q=f:mark@harmstone.com+d:20260224..20260224&x=A
01:20:52 Ame [DEBUG] https://lore.kernel.org:443 "GET /all/?q=f:mark@harmstone.com+d:20260224..20260224&x=A HTTP/1.1" 404 572
01:20:52 Ame [DEBUG] No messages found for mark@harmstone.com on 20260224 (404)
01:20:52 Ame [INFO]   Mark Harmstone (mark@harmstone.com): 0 messages
01:20:52 Ame [INFO]   Mark Harmstone: 0 patches, 0 reviews, 0 acks (20260224)
01:20:52 Ame [DEBUG] Fetching messages for mark@harmstone.com from 20260210 to 20260223: https://lore.kernel.org/all/?q=f:mark@harmstone.com+d:20260210..20260223&x=A
01:20:53 Ame [DEBUG] https://lore.kernel.org:443 "GET /all/?q=f:mark@harmstone.com+d:20260210..20260223&x=A HTTP/1.1" 200 None
01:20:53 Ame [DEBUG]   Mark Harmstone (mark@harmstone.com): 14 patch submissions in last 14 days
01:20:53 Ame [INFO]   Mark Harmstone: 14 recent patch series to check for activity on 2026-02-24
01:20:53 Ame [DEBUG] Fetching thread: https://lore.kernel.org/r/20260220131002.6269-1-mark@harmstone.com/t.mbox.gz
01:20:54 Ame [DEBUG] https://lore.kernel.org:443 "GET /r/20260220131002.6269-1-mark@harmstone.com/t.mbox.gz HTTP/1.1" 302 138
01:20:54 Ame [DEBUG] https://lore.kernel.org:443 "GET /all/20260220131002.6269-1-mark@harmstone.com/t.mbox.gz HTTP/1.1" 200 None
01:20:54 Ame [DEBUG] Fetching thread: https://lore.kernel.org/r/20260220130209.5020-1-mark@harmstone.com/t.mbox.gz
01:20:55 Ame [DEBUG] https://lore.kernel.org:443 "GET /r/20260220130209.5020-1-mark@harmstone.com/t.mbox.gz HTTP/1.1" 302 138
01:20:55 Ame [DEBUG] https://lore.kernel.org:443 "GET /all/20260220130209.5020-1-mark@harmstone.com/t.mbox.gz HTTP/1.1" 200 None
01:20:55 Ame [DEBUG] Fetching thread: https://lore.kernel.org/r/20260220113013.30254-1-mark@harmstone.com/t.mbox.gz
01:20:56 Ame [DEBUG] https://lore.kernel.org:443 "GET /r/20260220113013.30254-1-mark@harmstone.com/t.mbox.gz HTTP/1.1" 302 138
01:20:56 Ame [DEBUG] https://lore.kernel.org:443 "GET /all/20260220113013.30254-1-mark@harmstone.com/t.mbox.gz HTTP/1.1" 200 None
01:20:56 Ame [DEBUG] Fetching thread: https://lore.kernel.org/r/20260219163313.15888-1-mark@harmstone.com/t.mbox.gz
01:20:57 Ame [DEBUG] https://lore.kernel.org:443 "GET /r/20260219163313.15888-1-mark@harmstone.com/t.mbox.gz HTTP/1.1" 302 138
01:20:57 Ame [DEBUG] https://lore.kernel.org:443 "GET /all/20260219163313.15888-1-mark@harmstone.com/t.mbox.gz HTTP/1.1" 200 None
01:20:57 Ame [DEBUG] Fetching thread: https://lore.kernel.org/r/20260219162151.5567-1-mark@harmstone.com/t.mbox.gz
01:20:58 Ame [DEBUG] https://lore.kernel.org:443 "GET /r/20260219162151.5567-1-mark@harmstone.com/t.mbox.gz HTTP/1.1" 302 138
01:20:58 Ame [DEBUG] https://lore.kernel.org:443 "GET /all/20260219162151.5567-1-mark@harmstone.com/t.mbox.gz HTTP/1.1" 200 None
01:20:58 Ame [DEBUG] Fetching thread: https://lore.kernel.org/r/20260218143334.25014-1-mark@harmstone.com/t.mbox.gz
01:20:59 Ame [DEBUG] https://lore.kernel.org:443 "GET /r/20260218143334.25014-1-mark@harmstone.com/t.mbox.gz HTTP/1.1" 302 138
01:20:59 Ame [DEBUG] https://lore.kernel.org:443 "GET /all/20260218143334.25014-1-mark@harmstone.com/t.mbox.gz HTTP/1.1" 200 None
01:20:59 Ame [DEBUG] Fetching thread: https://lore.kernel.org/r/20260218130006.9563-1-mark@harmstone.com/t.mbox.gz
01:21:00 Ame [DEBUG] https://lore.kernel.org:443 "GET /r/20260218130006.9563-1-mark@harmstone.com/t.mbox.gz HTTP/1.1" 302 138
01:21:00 Ame [DEBUG] https://lore.kernel.org:443 "GET /all/20260218130006.9563-1-mark@harmstone.com/t.mbox.gz HTTP/1.1" 200 None
01:21:00 Ame [DEBUG] Fetching thread: https://lore.kernel.org/r/20260218120322.327-1-mark@harmstone.com/t.mbox.gz
01:21:01 Ame [DEBUG] https://lore.kernel.org:443 "GET /r/20260218120322.327-1-mark@harmstone.com/t.mbox.gz HTTP/1.1" 302 138
01:21:01 Ame [DEBUG] https://lore.kernel.org:443 "GET /all/20260218120322.327-1-mark@harmstone.com/t.mbox.gz HTTP/1.1" 200 None
01:21:01 Ame [DEBUG] Fetching thread: https://lore.kernel.org/r/20260218111346.31243-1-mark@harmstone.com/t.mbox.gz
01:21:02 Ame [DEBUG] https://lore.kernel.org:443 "GET /r/20260218111346.31243-1-mark@harmstone.com/t.mbox.gz HTTP/1.1" 302 138
01:21:02 Ame [DEBUG] https://lore.kernel.org:443 "GET /all/20260218111346.31243-1-mark@harmstone.com/t.mbox.gz HTTP/1.1" 200 None
01:21:02 Ame [DEBUG] Fetching thread: https://lore.kernel.org/r/20260217190238.22006-1-mark@harmstone.com/t.mbox.gz
01:21:03 Ame [DEBUG] https://lore.kernel.org:443 "GET /r/20260217190238.22006-1-mark@harmstone.com/t.mbox.gz HTTP/1.1" 302 138
01:21:03 Ame [DEBUG] https://lore.kernel.org:443 "GET /all/20260217190238.22006-1-mark@harmstone.com/t.mbox.gz HTTP/1.1" 200 None
01:21:03 Ame [DEBUG] Fetching thread: https://lore.kernel.org/r/20260217185335.21013-1-mark@harmstone.com/t.mbox.gz
01:21:04 Ame [DEBUG] https://lore.kernel.org:443 "GET /r/20260217185335.21013-1-mark@harmstone.com/t.mbox.gz HTTP/1.1" 302 138
01:21:04 Ame [DEBUG] https://lore.kernel.org:443 "GET /all/20260217185335.21013-1-mark@harmstone.com/t.mbox.gz HTTP/1.1" 200 None
01:21:04 Ame [DEBUG]   ONGOING: [PATCH] btrfs: fix error message in btrfs_validate_super()
01:21:04 Ame [DEBUG] Fetching thread: https://lore.kernel.org/r/20260217182553.18091-1-mark@harmstone.com/t.mbox.gz
01:21:05 Ame [DEBUG] https://lore.kernel.org:443 "GET /r/20260217182553.18091-1-mark@harmstone.com/t.mbox.gz HTTP/1.1" 302 138
01:21:05 Ame [DEBUG] https://lore.kernel.org:443 "GET /all/20260217182553.18091-1-mark@harmstone.com/t.mbox.gz HTTP/1.1" 200 None
01:21:05 Ame [DEBUG] Fetching thread: https://lore.kernel.org/r/20260217180933.15805-1-mark@harmstone.com/t.mbox.gz
01:21:06 Ame [DEBUG] https://lore.kernel.org:443 "GET /r/20260217180933.15805-1-mark@harmstone.com/t.mbox.gz HTTP/1.1" 302 138
01:21:06 Ame [DEBUG] https://lore.kernel.org:443 "GET /all/20260217180933.15805-1-mark@harmstone.com/t.mbox.gz HTTP/1.1" 200 None
01:21:06 Ame [DEBUG] Fetching thread: https://lore.kernel.org/r/20260217103419.19609-1-mark@harmstone.com/t.mbox.gz
01:21:07 Ame [DEBUG] https://lore.kernel.org:443 "GET /r/20260217103419.19609-1-mark@harmstone.com/t.mbox.gz HTTP/1.1" 302 138
01:21:07 Ame [DEBUG] https://lore.kernel.org:443 "GET /all/20260217103419.19609-1-mark@harmstone.com/t.mbox.gz HTTP/1.1" 200 None
01:21:07 Ame [INFO]   Mark Harmstone: 1 ongoing patches with activity on 2026-02-24
01:21:07 Ame [INFO]   [1/1] [PATCH] btrfs: fix error message in btrfs_validate_super()
01:21:07 Ame [INFO] [13/16] Processing Nhat Pham for 2026-02-24...
01:21:07 Ame [DEBUG] Fetching messages for nphamcs@gmail.com on 20260224: https://lore.kernel.org/all/?q=f:nphamcs@gmail.com+d:20260224..20260224&x=A
01:21:08 Ame [DEBUG] https://lore.kernel.org:443 "GET /all/?q=f:nphamcs@gmail.com+d:20260224..20260224&x=A HTTP/1.1" 200 None
01:21:08 Ame [INFO]   Nhat Pham (nphamcs@gmail.com): 1 messages
01:21:08 Ame [DEBUG] Fetching messages for hoangnhat.pham@linux.dev on 20260224: https://lore.kernel.org/all/?q=f:hoangnhat.pham@linux.dev+d:20260224..20260224&x=A
01:21:09 Ame [DEBUG] https://lore.kernel.org:443 "GET /all/?q=f:hoangnhat.pham@linux.dev+d:20260224..20260224&x=A HTTP/1.1" 404 579
01:21:09 Ame [DEBUG] No messages found for hoangnhat.pham@linux.dev on 20260224 (404)
01:21:09 Ame [INFO]   Nhat Pham (hoangnhat.pham@linux.dev): 0 messages
01:21:09 Ame [DEBUG] Fetching raw message: https://lore.kernel.org/r/CAKEwX=NjRGxjQuvAnRoom=Ac_YptspMk1pwoq-2on46f1meuyw@mail.gmail.com/raw
01:21:10 Ame [DEBUG] https://lore.kernel.org:443 "GET /r/CAKEwX=NjRGxjQuvAnRoom=Ac_YptspMk1pwoq-2on46f1meuyw@mail.gmail.com/raw HTTP/1.1" 302 138
01:21:10 Ame [DEBUG] https://lore.kernel.org:443 "GET /all/CAKEwX=NjRGxjQuvAnRoom=Ac_YptspMk1pwoq-2on46f1meuyw@mail.gmail.com/raw HTTP/1.1" 200 None
01:21:10 Ame [DEBUG] REVIEW: Re: [PATCH RFC 00/15] mm, swap: swap table phase IV with dynamic ghost swapfile
01:21:10 Ame [INFO]   Nhat Pham: 0 patches, 1 reviews, 0 acks (20260224)
01:21:10 Ame [DEBUG] Fetching messages for nphamcs@gmail.com from 20260210 to 20260223: https://lore.kernel.org/all/?q=f:nphamcs@gmail.com+d:20260210..20260223&x=A
01:21:11 Ame [DEBUG] https://lore.kernel.org:443 "GET /all/?q=f:nphamcs@gmail.com+d:20260210..20260223&x=A HTTP/1.1" 200 None
01:21:11 Ame [DEBUG]   Nhat Pham (nphamcs@gmail.com): 1 patch submissions in last 14 days
01:21:11 Ame [DEBUG] Fetching messages for hoangnhat.pham@linux.dev from 20260210 to 20260223: https://lore.kernel.org/all/?q=f:hoangnhat.pham@linux.dev+d:20260210..20260223&x=A
01:21:12 Ame [DEBUG] https://lore.kernel.org:443 "GET /all/?q=f:hoangnhat.pham@linux.dev+d:20260210..20260223&x=A HTTP/1.1" 404 581
01:21:12 Ame [DEBUG] No messages found for hoangnhat.pham@linux.dev in range 20260210..20260223 (404)
01:21:12 Ame [DEBUG]   Nhat Pham (hoangnhat.pham@linux.dev): 0 patch submissions in last 14 days
01:21:12 Ame [INFO]   Nhat Pham: 1 recent patch series to check for activity on 2026-02-24
01:21:12 Ame [DEBUG] Fetching thread: https://lore.kernel.org/r/20260220210539.989603-1-nphamcs@gmail.com/t.mbox.gz
01:21:13 Ame [DEBUG] https://lore.kernel.org:443 "GET /r/20260220210539.989603-1-nphamcs@gmail.com/t.mbox.gz HTTP/1.1" 302 138
01:21:13 Ame [DEBUG] https://lore.kernel.org:443 "GET /all/20260220210539.989603-1-nphamcs@gmail.com/t.mbox.gz HTTP/1.1" 200 None
01:21:13 Ame [INFO]   [1/1] Re: [PATCH RFC 00/15] mm, swap: swap table phase IV with dynamic ghost…
01:21:13 Ame [DEBUG] Fetching thread: https://lore.kernel.org/r/CAKEwX=NjRGxjQuvAnRoom=Ac_YptspMk1pwoq-2on46f1meuyw@mail.gmail.com/t.mbox.gz
01:21:14 Ame [DEBUG] https://lore.kernel.org:443 "GET /r/CAKEwX=NjRGxjQuvAnRoom=Ac_YptspMk1pwoq-2on46f1meuyw@mail.gmail.com/t.mbox.gz HTTP/1.1" 302 138
01:21:14 Ame [DEBUG] https://lore.kernel.org:443 "GET /all/CAKEwX=NjRGxjQuvAnRoom=Ac_YptspMk1pwoq-2on46f1meuyw@mail.gmail.com/t.mbox.gz HTTP/1.1" 200 None
01:21:14 Ame [INFO] [14/16] Processing Rik van Riel for 2026-02-24...
01:21:14 Ame [DEBUG] Fetching messages for riel@surriel.com on 20260224: https://lore.kernel.org/all/?q=f:riel@surriel.com+d:20260224..20260224&x=A
01:21:15 Ame [DEBUG] https://lore.kernel.org:443 "GET /all/?q=f:riel@surriel.com+d:20260224..20260224&x=A HTTP/1.1" 200 None
01:21:15 Ame [INFO]   Rik van Riel (riel@surriel.com): 4 messages
01:21:15 Ame [DEBUG] Fetching messages for riel@redhat.com on 20260224: https://lore.kernel.org/all/?q=f:riel@redhat.com+d:20260224..20260224&x=A
01:21:16 Ame [DEBUG] https://lore.kernel.org:443 "GET /all/?q=f:riel@redhat.com+d:20260224..20260224&x=A HTTP/1.1" 404 570
01:21:16 Ame [DEBUG] No messages found for riel@redhat.com on 20260224 (404)
01:21:16 Ame [INFO]   Rik van Riel (riel@redhat.com): 0 messages
01:21:16 Ame [DEBUG] Fetching raw message: https://lore.kernel.org/r/5957cdb584cad9007a58f43fb5a1c3b737fb0159.camel@surriel.com/raw
01:21:17 Ame [DEBUG] https://lore.kernel.org:443 "GET /r/5957cdb584cad9007a58f43fb5a1c3b737fb0159.camel@surriel.com/raw HTTP/1.1" 302 138
01:21:17 Ame [DEBUG] https://lore.kernel.org:443 "GET /all/5957cdb584cad9007a58f43fb5a1c3b737fb0159.camel@surriel.com/raw HTTP/1.1" 200 None
01:21:17 Ame [DEBUG] ACK (Reviewed-by): Re: [PATCH 4/5] mm: support batched checking of the young flag for MGLRU
01:21:17 Ame [DEBUG] Fetching raw message: https://lore.kernel.org/r/58e1883fe084d8284dac68dcd570f5a6c56c0abc.camel@surriel.com/raw
01:21:18 Ame [DEBUG] https://lore.kernel.org:443 "GET /r/58e1883fe084d8284dac68dcd570f5a6c56c0abc.camel@surriel.com/raw HTTP/1.1" 302 138
01:21:18 Ame [DEBUG] https://lore.kernel.org:443 "GET /all/58e1883fe084d8284dac68dcd570f5a6c56c0abc.camel@surriel.com/raw HTTP/1.1" 200 None
01:21:18 Ame [DEBUG] REVIEW: Re: [PATCH 3/5] mm: add a batched helper to clear the young flag for large folios
01:21:18 Ame [DEBUG] Fetching raw message: https://lore.kernel.org/r/b3c1c739c233ccb32945ccaffdaf25fd3f96dd59.camel@surriel.com/raw
01:21:19 Ame [DEBUG] https://lore.kernel.org:443 "GET /r/b3c1c739c233ccb32945ccaffdaf25fd3f96dd59.camel@surriel.com/raw HTTP/1.1" 302 138
01:21:19 Ame [DEBUG] https://lore.kernel.org:443 "GET /all/b3c1c739c233ccb32945ccaffdaf25fd3f96dd59.camel@surriel.com/raw HTTP/1.1" 200 None
01:21:19 Ame [DEBUG] REVIEW: Re: [PATCH 2/5] mm: rmap: add a ZONE_DEVICE folio warning in folio_referenced()
01:21:19 Ame [DEBUG] Fetching raw message: https://lore.kernel.org/r/01f4ffab0da9e4326a78f8b6eedce23dfb115e7a.camel@surriel.com/raw
01:21:20 Ame [DEBUG] https://lore.kernel.org:443 "GET /r/01f4ffab0da9e4326a78f8b6eedce23dfb115e7a.camel@surriel.com/raw HTTP/1.1" 302 138
01:21:20 Ame [DEBUG] https://lore.kernel.org:443 "GET /all/01f4ffab0da9e4326a78f8b6eedce23dfb115e7a.camel@surriel.com/raw HTTP/1.1" 200 None
01:21:20 Ame [DEBUG] ACK (Reviewed-by): Re: [PATCH 1/5] mm: use inline helper functions instead of ugly macros
01:21:20 Ame [INFO]   Rik van Riel: 0 patches, 2 reviews, 2 acks (20260224)
01:21:20 Ame [DEBUG] Fetching messages for riel@surriel.com from 20260210 to 20260223: https://lore.kernel.org/all/?q=f:riel@surriel.com+d:20260210..20260223&x=A
01:21:21 Ame [DEBUG] https://lore.kernel.org:443 "GET /all/?q=f:riel@surriel.com+d:20260210..20260223&x=A HTTP/1.1" 200 None
01:21:21 Ame [DEBUG]   Rik van Riel (riel@surriel.com): 0 patch submissions in last 14 days
01:21:21 Ame [DEBUG] Fetching messages for riel@redhat.com from 20260210 to 20260223: https://lore.kernel.org/all/?q=f:riel@redhat.com+d:20260210..20260223&x=A
01:21:22 Ame [DEBUG] https://lore.kernel.org:443 "GET /all/?q=f:riel@redhat.com+d:20260210..20260223&x=A HTTP/1.1" 404 572
01:21:22 Ame [DEBUG] No messages found for riel@redhat.com in range 20260210..20260223 (404)
01:21:22 Ame [DEBUG]   Rik van Riel (riel@redhat.com): 0 patch submissions in last 14 days
01:21:22 Ame [INFO]   [1/4] Re: [PATCH 3/5] mm: add a batched helper to clear the young flag for l…
01:21:22 Ame [DEBUG] Fetching thread: https://lore.kernel.org/r/58e1883fe084d8284dac68dcd570f5a6c56c0abc.camel@surriel.com/t.mbox.gz
01:21:23 Ame [DEBUG] https://lore.kernel.org:443 "GET /r/58e1883fe084d8284dac68dcd570f5a6c56c0abc.camel@surriel.com/t.mbox.gz HTTP/1.1" 302 138
01:21:23 Ame [DEBUG] https://lore.kernel.org:443 "GET /all/58e1883fe084d8284dac68dcd570f5a6c56c0abc.camel@surriel.com/t.mbox.gz HTTP/1.1" 200 None
01:21:23 Ame [INFO]   [2/4] Re: [PATCH 2/5] mm: rmap: add a ZONE_DEVICE folio warning in folio_ref…
01:21:23 Ame [DEBUG] Fetching thread: https://lore.kernel.org/r/b3c1c739c233ccb32945ccaffdaf25fd3f96dd59.camel@surriel.com/t.mbox.gz
01:21:24 Ame [DEBUG] https://lore.kernel.org:443 "GET /r/b3c1c739c233ccb32945ccaffdaf25fd3f96dd59.camel@surriel.com/t.mbox.gz HTTP/1.1" 302 138
01:21:24 Ame [DEBUG] https://lore.kernel.org:443 "GET /all/b3c1c739c233ccb32945ccaffdaf25fd3f96dd59.camel@surriel.com/t.mbox.gz HTTP/1.1" 200 None
01:21:24 Ame [INFO]   [3/4] Re: [PATCH 4/5] mm: support batched checking of the young flag for MGL…
01:21:24 Ame [DEBUG] Fetching thread: https://lore.kernel.org/r/5957cdb584cad9007a58f43fb5a1c3b737fb0159.camel@surriel.com/t.mbox.gz
01:21:25 Ame [DEBUG] https://lore.kernel.org:443 "GET /r/5957cdb584cad9007a58f43fb5a1c3b737fb0159.camel@surriel.com/t.mbox.gz HTTP/1.1" 302 138
01:21:25 Ame [DEBUG] https://lore.kernel.org:443 "GET /all/5957cdb584cad9007a58f43fb5a1c3b737fb0159.camel@surriel.com/t.mbox.gz HTTP/1.1" 200 None
01:21:25 Ame [INFO]   [4/4] Re: [PATCH 1/5] mm: use inline helper functions instead of ugly macros
01:21:25 Ame [DEBUG] Fetching thread: https://lore.kernel.org/r/01f4ffab0da9e4326a78f8b6eedce23dfb115e7a.camel@surriel.com/t.mbox.gz
01:21:26 Ame [DEBUG] https://lore.kernel.org:443 "GET /r/01f4ffab0da9e4326a78f8b6eedce23dfb115e7a.camel@surriel.com/t.mbox.gz HTTP/1.1" 302 138
01:21:26 Ame [DEBUG] https://lore.kernel.org:443 "GET /all/01f4ffab0da9e4326a78f8b6eedce23dfb115e7a.camel@surriel.com/t.mbox.gz HTTP/1.1" 200 None
01:21:26 Ame [INFO] [15/16] Processing Shakeel Butt for 2026-02-24...
01:21:26 Ame [DEBUG] Fetching messages for shakeel.butt@linux.dev on 20260224: https://lore.kernel.org/all/?q=f:shakeel.butt@linux.dev+d:20260224..20260224&x=A
01:21:27 Ame [DEBUG] https://lore.kernel.org:443 "GET /all/?q=f:shakeel.butt@linux.dev+d:20260224..20260224&x=A HTTP/1.1" 200 None
01:21:27 Ame [INFO]   Shakeel Butt (shakeel.butt@linux.dev): 4 messages
01:21:27 Ame [DEBUG] Fetching messages for shakeelb@google.com on 20260224: https://lore.kernel.org/all/?q=f:shakeelb@google.com+d:20260224..20260224&x=A
01:21:28 Ame [DEBUG] https://lore.kernel.org:443 "GET /all/?q=f:shakeelb@google.com+d:20260224..20260224&x=A HTTP/1.1" 404 573
01:21:28 Ame [DEBUG] No messages found for shakeelb@google.com on 20260224 (404)
01:21:28 Ame [INFO]   Shakeel Butt (shakeelb@google.com): 0 messages
01:21:28 Ame [DEBUG] Fetching raw message: https://lore.kernel.org/r/aZ3EQRZ1XRLsGlzX@linux.dev/raw
01:21:29 Ame [DEBUG] https://lore.kernel.org:443 "GET /r/aZ3EQRZ1XRLsGlzX@linux.dev/raw HTTP/1.1" 302 138
01:21:29 Ame [DEBUG] https://lore.kernel.org:443 "GET /all/aZ3EQRZ1XRLsGlzX@linux.dev/raw HTTP/1.1" 200 None
01:21:29 Ame [DEBUG] ACK (Acked-by): Re: [PATCH 1/4] mm: introduce zone lock wrappers
01:21:29 Ame [DEBUG] Fetching raw message: https://lore.kernel.org/r/aZ3EE4JVDghZSq59@linux.dev/raw
01:21:30 Ame [DEBUG] https://lore.kernel.org:443 "GET /r/aZ3EE4JVDghZSq59@linux.dev/raw HTTP/1.1" 302 138
01:21:30 Ame [DEBUG] https://lore.kernel.org:443 "GET /all/aZ3EE4JVDghZSq59@linux.dev/raw HTTP/1.1" 200 None
01:21:30 Ame [DEBUG] REVIEW: Re: [PATCH 1/4] mm: introduce zone lock wrappers
01:21:30 Ame [DEBUG] Fetching raw message: https://lore.kernel.org/r/aZ2zPzyoFUUNWdJ7@linux.dev/raw
01:21:31 Ame [DEBUG] https://lore.kernel.org:443 "GET /r/aZ2zPzyoFUUNWdJ7@linux.dev/raw HTTP/1.1" 302 138
01:21:31 Ame [DEBUG] https://lore.kernel.org:443 "GET /all/aZ2zPzyoFUUNWdJ7@linux.dev/raw HTTP/1.1" 200 None
01:21:31 Ame [DEBUG] REVIEW: Re: [PATCH] mm: allow __GFP_RETRY_MAYFAIL in vmalloc
01:21:31 Ame [DEBUG] Fetching raw message: https://lore.kernel.org/r/aZ0oXHNMe7_3P9OT@linux.dev/raw
01:21:32 Ame [DEBUG] https://lore.kernel.org:443 "GET /r/aZ0oXHNMe7_3P9OT@linux.dev/raw HTTP/1.1" 302 138
01:21:32 Ame [DEBUG] https://lore.kernel.org:443 "GET /all/aZ0oXHNMe7_3P9OT@linux.dev/raw HTTP/1.1" 200 None
01:21:32 Ame [DEBUG] REVIEW: Re: [PATCH RFC 06/15] memcg, swap: reparent the swap entry on swapin if swapout cgroup is dead
01:21:32 Ame [INFO]   Shakeel Butt: 0 patches, 3 reviews, 1 acks (20260224)
01:21:32 Ame [DEBUG] Fetching messages for shakeel.butt@linux.dev from 20260210 to 20260223: https://lore.kernel.org/all/?q=f:shakeel.butt@linux.dev+d:20260210..20260223&x=A
01:21:33 Ame [DEBUG] https://lore.kernel.org:443 "GET /all/?q=f:shakeel.butt@linux.dev+d:20260210..20260223&x=A HTTP/1.1" 200 None
01:21:33 Ame [DEBUG]   Shakeel Butt (shakeel.butt@linux.dev): 0 patch submissions in last 14 days
01:21:33 Ame [DEBUG] Fetching messages for shakeelb@google.com from 20260210 to 20260223: https://lore.kernel.org/all/?q=f:shakeelb@google.com+d:20260210..20260223&x=A
01:21:34 Ame [DEBUG] https://lore.kernel.org:443 "GET /all/?q=f:shakeelb@google.com+d:20260210..20260223&x=A HTTP/1.1" 404 575
01:21:34 Ame [DEBUG] No messages found for shakeelb@google.com in range 20260210..20260223 (404)
01:21:34 Ame [DEBUG]   Shakeel Butt (shakeelb@google.com): 0 patch submissions in last 14 days
01:21:34 Ame [INFO]   [1/4] Re: [PATCH 1/4] mm: introduce zone lock wrappers
01:21:34 Ame [DEBUG] Fetching thread: https://lore.kernel.org/r/aZ3EE4JVDghZSq59@linux.dev/t.mbox.gz
01:21:35 Ame [DEBUG] https://lore.kernel.org:443 "GET /r/aZ3EE4JVDghZSq59@linux.dev/t.mbox.gz HTTP/1.1" 302 138
01:21:35 Ame [DEBUG] https://lore.kernel.org:443 "GET /all/aZ3EE4JVDghZSq59@linux.dev/t.mbox.gz HTTP/1.1" 200 None
01:21:35 Ame [INFO]   [2/4] Re: [PATCH] mm: allow __GFP_RETRY_MAYFAIL in vmalloc
01:21:35 Ame [DEBUG] Fetching thread: https://lore.kernel.org/r/aZ2zPzyoFUUNWdJ7@linux.dev/t.mbox.gz
01:21:36 Ame [DEBUG] https://lore.kernel.org:443 "GET /r/aZ2zPzyoFUUNWdJ7@linux.dev/t.mbox.gz HTTP/1.1" 302 138
01:21:36 Ame [DEBUG] https://lore.kernel.org:443 "GET /all/aZ2zPzyoFUUNWdJ7@linux.dev/t.mbox.gz HTTP/1.1" 200 None
01:21:36 Ame [INFO]   [3/4] Re: [PATCH RFC 06/15] memcg, swap: reparent the swap entry on swapin i…
01:21:36 Ame [DEBUG] Fetching thread: https://lore.kernel.org/r/aZ0oXHNMe7_3P9OT@linux.dev/t.mbox.gz
01:21:37 Ame [DEBUG] https://lore.kernel.org:443 "GET /r/aZ0oXHNMe7_3P9OT@linux.dev/t.mbox.gz HTTP/1.1" 302 138
01:21:37 Ame [DEBUG] https://lore.kernel.org:443 "GET /all/aZ0oXHNMe7_3P9OT@linux.dev/t.mbox.gz HTTP/1.1" 200 None
01:21:37 Ame [INFO]   [4/4] Re: [PATCH 1/4] mm: introduce zone lock wrappers
01:21:37 Ame [DEBUG] Fetching thread: https://lore.kernel.org/r/aZ3EQRZ1XRLsGlzX@linux.dev/t.mbox.gz
01:21:38 Ame [DEBUG] https://lore.kernel.org:443 "GET /r/aZ3EQRZ1XRLsGlzX@linux.dev/t.mbox.gz HTTP/1.1" 302 138
01:21:38 Ame [DEBUG] https://lore.kernel.org:443 "GET /all/aZ3EQRZ1XRLsGlzX@linux.dev/t.mbox.gz HTTP/1.1" 200 None
01:21:38 Ame [INFO] [16/16] Processing Usama Arif for 2026-02-24...
01:21:38 Ame [DEBUG] Fetching messages for usama.arif@linux.dev on 20260224: https://lore.kernel.org/all/?q=f:usama.arif@linux.dev+d:20260224..20260224&x=A
01:21:39 Ame [DEBUG] https://lore.kernel.org:443 "GET /all/?q=f:usama.arif@linux.dev+d:20260224..20260224&x=A HTTP/1.1" 404 575
01:21:39 Ame [DEBUG] No messages found for usama.arif@linux.dev on 20260224 (404)
01:21:39 Ame [INFO]   Usama Arif (usama.arif@linux.dev): 0 messages
01:21:39 Ame [DEBUG] Fetching messages for usama.arif@bytedance.com on 20260224: https://lore.kernel.org/all/?q=f:usama.arif@bytedance.com+d:20260224..20260224&x=A
01:21:40 Ame [DEBUG] https://lore.kernel.org:443 "GET /all/?q=f:usama.arif@bytedance.com+d:20260224..20260224&x=A HTTP/1.1" 404 578
01:21:40 Ame [DEBUG] No messages found for usama.arif@bytedance.com on 20260224 (404)
01:21:40 Ame [INFO]   Usama Arif (usama.arif@bytedance.com): 0 messages
01:21:40 Ame [INFO]   Usama Arif: 0 patches, 0 reviews, 0 acks (20260224)
01:21:40 Ame [DEBUG] Fetching messages for usama.arif@linux.dev from 20260210 to 20260223: https://lore.kernel.org/all/?q=f:usama.arif@linux.dev+d:20260210..20260223&x=A
01:21:41 Ame [DEBUG] https://lore.kernel.org:443 "GET /all/?q=f:usama.arif@linux.dev+d:20260210..20260223&x=A HTTP/1.1" 200 None
01:21:41 Ame [DEBUG]   Usama Arif (usama.arif@linux.dev): 0 patch submissions in last 14 days
01:21:41 Ame [DEBUG] Fetching messages for usama.arif@bytedance.com from 20260210 to 20260223: https://lore.kernel.org/all/?q=f:usama.arif@bytedance.com+d:20260210..20260223&x=A
01:21:42 Ame [DEBUG] https://lore.kernel.org:443 "GET /all/?q=f:usama.arif@bytedance.com+d:20260210..20260223&x=A HTTP/1.1" 404 580
01:21:42 Ame [DEBUG] No messages found for usama.arif@bytedance.com in range 20260210..20260223 (404)
01:21:42 Ame [DEBUG]   Usama Arif (usama.arif@bytedance.com): 0 patch submissions in last 14 days
01:21:42 Ame [INFO] Saved review data for 26 patchsets to reports\reviews
01:21:42 Ame [DEBUG] Saved daily summary: reports\daily\2026-02-24.json
01:21:42 Ame [INFO] Report generated: reports\2026-02-24.html (19 patches, 19 reviews, 9 acks in 157.1s)
01:21:42 Ame [INFO] Report generation complete: 2026-02-24
